[ 2013-04-24T12:45:08+08:00 ] 127.0.0.1 /index.php?s=/Member/Login
INFO: [ route_check ] --START--
INFO: Run CheckRoute Behavior [ RunTime:0.008443s ]
INFO: [ route_check ] --END-- [ RunTime:0.008772s ]
NOTIC: [2] Wrong parameter count for stripslashes() /media/f/dev/autoorder/ThinkPHP/Lib/Core/App.class.php 第 57 行.
NOTIC: [2] Wrong parameter count for stripslashes() /media/f/dev/autoorder/ThinkPHP/Lib/Core/App.class.php 第 57 行.
INFO: [ app_begin ] --START--
INFO: Run ReadHtmlCache Behavior [ RunTime:0.001719s ]
INFO: [ app_begin ] --END-- [ RunTime:0.001894s ]
INFO: [ view_template ] --START--
INFO: Run LocationTemplate Behavior [ RunTime:0.001598s ]
INFO: [ view_template ] --END-- [ RunTime:0.001832s ]
INFO: [ view_parse ] --START--
INFO: Run ParseTemplate Behavior [ RunTime:0.049045s ]
INFO: [ view_parse ] --END-- [ RunTime:0.049320s ]
INFO: [ view_filter ] --START--
INFO: Run ContentReplace Behavior [ RunTime:0.001497s ]
INFO: Run TokenBuild Behavior [ RunTime:0.011914s ]
INFO: Run WriteHtmlCache Behavior [ RunTime:0.001209s ]
INFO: Run ShowRuntime Behavior [ RunTime:0.001609s ]
INFO: [ view_filter ] --END-- [ RunTime:0.016713s ]
INFO: [ view_end ] --START--
INFO: Run ShowPageTrace Behavior [ RunTime:0.001852s ]
INFO: [ view_end ] --END-- [ RunTime:0.002008s ]

[ 2013-04-24T12:45:08+08:00 ] 127.0.0.1 /index.php?s=/Public/Verify
INFO: [ route_check ] --START--
INFO: Run CheckRoute Behavior [ RunTime:0.002348s ]
INFO: [ route_check ] --END-- [ RunTime:0.002564s ]
NOTIC: [2] Wrong parameter count for stripslashes() /media/f/dev/autoorder/ThinkPHP/Lib/Core/App.class.php 第 57 行.
NOTIC: [2] Wrong parameter count for stripslashes() /media/f/dev/autoorder/ThinkPHP/Lib/Core/App.class.php 第 57 行.
INFO: [ app_begin ] --START--
INFO: Run ReadHtmlCache Behavior [ RunTime:0.001592s ]
INFO: [ app_begin ] --END-- [ RunTime:0.001759s ]
NOTIC: [8] Use of undefined constant png - assumed 'png' /media/f/dev/autoorder/Lib/Action/PublicAction.class.php 第 5 行.

[ 2013-04-24T12:45:08+08:00 ] ERR: (ThinkException) 无法加载模块:favicon
[ 2013-04-24T12:46:56+08:00 ] 127.0.0.1 /index.php?s=/Member/Register
INFO: [ route_check ] --START--
INFO: Run CheckRoute Behavior [ RunTime:0.006553s ]
INFO: [ route_check ] --END-- [ RunTime:0.006807s ]
NOTIC: [2] Wrong parameter count for stripslashes() /media/f/dev/autoorder/ThinkPHP/Lib/Core/App.class.php 第 57 行.
NOTIC: [2] Wrong parameter count for stripslashes() /media/f/dev/autoorder/ThinkPHP/Lib/Core/App.class.php 第 57 行.
INFO: [ app_begin ] --START--
INFO: Run ReadHtmlCache Behavior [ RunTime:0.005955s ]
INFO: [ app_begin ] --END-- [ RunTime:0.006183s ]
INFO: [ view_template ] --START--
INFO: Run LocationTemplate Behavior [ RunTime:0.009315s ]
INFO: [ view_template ] --END-- [ RunTime:0.009661s ]
INFO: [ view_parse ] --START--
INFO: Run ParseTemplate Behavior [ RunTime:0.087974s ]
INFO: [ view_parse ] --END-- [ RunTime:0.088225s ]
INFO: [ view_filter ] --START--
INFO: Run ContentReplace Behavior [ RunTime:0.001478s ]
INFO: Run TokenBuild Behavior [ RunTime:0.001910s ]
INFO: Run WriteHtmlCache Behavior [ RunTime:0.002031s ]
INFO: Run ShowRuntime Behavior [ RunTime:0.002963s ]
INFO: [ view_filter ] --END-- [ RunTime:0.009056s ]
INFO: [ view_end ] --START--
INFO: Run ShowPageTrace Behavior [ RunTime:0.003249s ]
INFO: [ view_end ] --END-- [ RunTime:0.003523s ]

[ 2013-04-24T12:46:56+08:00 ] 127.0.0.1 /index.php?s=/Member/Register/Step/1
INFO: [ route_check ] --START--
INFO: Run CheckRoute Behavior [ RunTime:0.002061s ]
INFO: [ route_check ] --END-- [ RunTime:0.002277s ]
NOTIC: [2] Wrong parameter count for stripslashes() /media/f/dev/autoorder/ThinkPHP/Lib/Core/App.class.php 第 57 行.
NOTIC: [2] Wrong parameter count for stripslashes() /media/f/dev/autoorder/ThinkPHP/Lib/Core/App.class.php 第 57 行.
NOTIC: [2] Wrong parameter count for stripslashes() /media/f/dev/autoorder/ThinkPHP/Lib/Core/App.class.php 第 57 行.
NOTIC: [2] Wrong parameter count for stripslashes() /media/f/dev/autoorder/ThinkPHP/Lib/Core/App.class.php 第 57 行.
NOTIC: [2] Wrong parameter count for stripslashes() /media/f/dev/autoorder/ThinkPHP/Lib/Core/App.class.php 第 57 行.
NOTIC: [2] htmlentities() expects parameter 2 to be long, string given /media/f/dev/autoorder/ThinkPHP/Lib/Core/App.class.php 第 57 行.
NOTIC: [2] htmlspecialchars() expects parameter 2 to be long, string given /media/f/dev/autoorder/ThinkPHP/Lib/Core/App.class.php 第 57 行.
INFO: [ app_begin ] --START--
INFO: Run ReadHtmlCache Behavior [ RunTime:0.001620s ]
INFO: [ app_begin ] --END-- [ RunTime:0.001812s ]
INFO: [ view_template ] --START--
INFO: Run LocationTemplate Behavior [ RunTime:0.001536s ]
INFO: [ view_template ] --END-- [ RunTime:0.001763s ]
INFO: [ view_parse ] --START--
INFO: Run ParseTemplate Behavior [ RunTime:0.059760s ]
INFO: [ view_parse ] --END-- [ RunTime:0.059988s ]
INFO: [ view_filter ] --START--
INFO: Run ContentReplace Behavior [ RunTime:0.004755s ]
INFO: Run TokenBuild Behavior [ RunTime:0.004670s ]
INFO: Run WriteHtmlCache Behavior [ RunTime:0.001817s ]
INFO: Run ShowRuntime Behavior [ RunTime:0.002786s ]
INFO: [ view_filter ] --END-- [ RunTime:0.014567s ]
INFO: [ view_end ] --START--
INFO: Run ShowPageTrace Behavior [ RunTime:0.002560s ]
INFO: [ view_end ] --END-- [ RunTime:0.002760s ]

[ 2013-04-24T12:46:56+08:00 ] ERR: (ThinkException) 无法加载模块:favicon
[ 2013-04-24T12:46:58+08:00 ] 127.0.0.1 /index.php?s=/Member/Register/Step/2
INFO: [ route_check ] --START--
INFO: Run CheckRoute Behavior [ RunTime:0.001902s ]
INFO: [ route_check ] --END-- [ RunTime:0.002102s ]
NOTIC: [2] Wrong parameter count for stripslashes() /media/f/dev/autoorder/ThinkPHP/Lib/Core/App.class.php 第 57 行.
NOTIC: [2] Wrong parameter count for stripslashes() /media/f/dev/autoorder/ThinkPHP/Lib/Core/App.class.php 第 57 行.
NOTIC: [2] Wrong parameter count for stripslashes() /media/f/dev/autoorder/ThinkPHP/Lib/Core/App.class.php 第 57 行.
NOTIC: [2] Wrong parameter count for stripslashes() /media/f/dev/autoorder/ThinkPHP/Lib/Core/App.class.php 第 57 行.
NOTIC: [2] Wrong parameter count for stripslashes() /media/f/dev/autoorder/ThinkPHP/Lib/Core/App.class.php 第 57 行.
NOTIC: [2] htmlentities() expects parameter 2 to be long, string given /media/f/dev/autoorder/ThinkPHP/Lib/Core/App.class.php 第 57 行.
NOTIC: [2] htmlspecialchars() expects parameter 2 to be long, string given /media/f/dev/autoorder/ThinkPHP/Lib/Core/App.class.php 第 57 行.
INFO: [ app_begin ] --START--
INFO: Run ReadHtmlCache Behavior [ RunTime:0.001993s ]
INFO: [ app_begin ] --END-- [ RunTime:0.002163s ]
INFO: [ view_template ] --START--
INFO: Run LocationTemplate Behavior [ RunTime:0.005243s ]
INFO: [ view_template ] --END-- [ RunTime:0.005452s ]
INFO: [ view_parse ] --START--
INFO: Run ParseTemplate Behavior [ RunTime:0.051382s ]
INFO: [ view_parse ] --END-- [ RunTime:0.051573s ]
INFO: [ view_filter ] --START--
INFO: Run ContentReplace Behavior [ RunTime:0.001683s ]
INFO: Run TokenBuild Behavior [ RunTime:0.001529s ]
INFO: Run WriteHtmlCache Behavior [ RunTime:0.001180s ]
INFO: Run ShowRuntime Behavior [ RunTime:0.001644s ]
INFO: [ view_filter ] --END-- [ RunTime:0.006503s ]
INFO: [ view_end ] --START--
INFO: Run ShowPageTrace Behavior [ RunTime:0.001794s ]
INFO: [ view_end ] --END-- [ RunTime:0.001951s ]

[ 2013-04-24T12:46:58+08:00 ] 127.0.0.1 /index.php?s=/Public/Verify
INFO: [ route_check ] --START--
INFO: Run CheckRoute Behavior [ RunTime:0.001825s ]
INFO: [ route_check ] --END-- [ RunTime:0.002032s ]
NOTIC: [2] Wrong parameter count for stripslashes() /media/f/dev/autoorder/ThinkPHP/Lib/Core/App.class.php 第 57 行.
NOTIC: [2] Wrong parameter count for stripslashes() /media/f/dev/autoorder/ThinkPHP/Lib/Core/App.class.php 第 57 行.
INFO: [ app_begin ] --START--
INFO: Run ReadHtmlCache Behavior [ RunTime:0.001378s ]
INFO: [ app_begin ] --END-- [ RunTime:0.001530s ]
NOTIC: [8] Use of undefined constant png - assumed 'png' /media/f/dev/autoorder/Lib/Action/PublicAction.class.php 第 5 行.

[ 2013-04-24T12:46:58+08:00 ] ERR: (ThinkException) 无法加载模块:favicon
[ 2013-04-24T12:47:01+08:00 ] 127.0.0.1 /index.php?s=/Member/Register/Step/3
INFO: [ route_check ] --START--
INFO: Run CheckRoute Behavior [ RunTime:0.005166s ]
INFO: [ route_check ] --END-- [ RunTime:0.005629s ]
NOTIC: [2] Wrong parameter count for stripslashes() /media/f/dev/autoorder/ThinkPHP/Lib/Core/App.class.php 第 57 行.
NOTIC: [2] Wrong parameter count for stripslashes() /media/f/dev/autoorder/ThinkPHP/Lib/Core/App.class.php 第 57 行.
NOTIC: [2] Wrong parameter count for stripslashes() /media/f/dev/autoorder/ThinkPHP/Lib/Core/App.class.php 第 57 行.
NOTIC: [2] Wrong parameter count for stripslashes() /media/f/dev/autoorder/ThinkPHP/Lib/Core/App.class.php 第 57 行.
NOTIC: [2] Wrong parameter count for stripslashes() /media/f/dev/autoorder/ThinkPHP/Lib/Core/App.class.php 第 57 行.
NOTIC: [2] htmlentities() expects parameter 2 to be long, string given /media/f/dev/autoorder/ThinkPHP/Lib/Core/App.class.php 第 57 行.
NOTIC: [2] htmlspecialchars() expects parameter 2 to be long, string given /media/f/dev/autoorder/ThinkPHP/Lib/Core/App.class.php 第 57 行.
INFO: [ app_begin ] --START--
INFO: Run ReadHtmlCache Behavior [ RunTime:0.011235s ]
INFO: [ app_begin ] --END-- [ RunTime:0.011529s ]
INFO: [ view_template ] --START--
INFO: Run LocationTemplate Behavior [ RunTime:0.005344s ]
INFO: [ view_template ] --END-- [ RunTime:0.005790s ]
INFO: [ view_parse ] --START--
INFO: Run ParseTemplate Behavior [ RunTime:0.077478s ]
INFO: [ view_parse ] --END-- [ RunTime:0.077759s ]
INFO: [ view_filter ] --START--
INFO: Run ContentReplace Behavior [ RunTime:0.001155s ]
INFO: Run TokenBuild Behavior [ RunTime:0.001232s ]
INFO: Run WriteHtmlCache Behavior [ RunTime:0.000931s ]
INFO: Run ShowRuntime Behavior [ RunTime:0.001247s ]
INFO: [ view_filter ] --END-- [ RunTime:0.005020s ]
INFO: [ view_end ] --START--
INFO: Run ShowPageTrace Behavior [ RunTime:0.001574s ]
INFO: [ view_end ] --END-- [ RunTime:0.001772s ]

[ 2013-04-24T12:47:01+08:00 ] ERR: (ThinkException) 无法加载模块:favicon
[ 2013-04-24T12:48:32+08:00 ] 127.0.0.1 /index.php?s=/Member/Register/Step/3
INFO: [ route_check ] --START--
INFO: Run CheckRoute Behavior [ RunTime:0.002171s ]
INFO: [ route_check ] --END-- [ RunTime:0.002377s ]
NOTIC: [2] Wrong parameter count for stripslashes() /media/f/dev/autoorder/ThinkPHP/Lib/Core/App.class.php 第 57 行.
NOTIC: [2] Wrong parameter count for stripslashes() /media/f/dev/autoorder/ThinkPHP/Lib/Core/App.class.php 第 57 行.
NOTIC: [2] Wrong parameter count for stripslashes() /media/f/dev/autoorder/ThinkPHP/Lib/Core/App.class.php 第 57 行.
NOTIC: [2] Wrong parameter count for stripslashes() /media/f/dev/autoorder/ThinkPHP/Lib/Core/App.class.php 第 57 行.
NOTIC: [2] Wrong parameter count for stripslashes() /media/f/dev/autoorder/ThinkPHP/Lib/Core/App.class.php 第 57 行.
NOTIC: [2] htmlentities() expects parameter 2 to be long, string given /media/f/dev/autoorder/ThinkPHP/Lib/Core/App.class.php 第 57 行.
NOTIC: [2] htmlspecialchars() expects parameter 2 to be long, string given /media/f/dev/autoorder/ThinkPHP/Lib/Core/App.class.php 第 57 行.
INFO: [ app_begin ] --START--
INFO: Run ReadHtmlCache Behavior [ RunTime:0.001688s ]
INFO: [ app_begin ] --END-- [ RunTime:0.001857s ]
INFO: [ view_template ] --START--
INFO: Run LocationTemplate Behavior [ RunTime:0.001334s ]
INFO: [ view_template ] --END-- [ RunTime:0.001517s ]
INFO: [ view_parse ] --START--
INFO: Run ParseTemplate Behavior [ RunTime:0.027566s ]
INFO: [ view_parse ] --END-- [ RunTime:0.027767s ]
INFO: [ view_filter ] --START--
INFO: Run ContentReplace Behavior [ RunTime:0.001302s ]
INFO: Run TokenBuild Behavior [ RunTime:0.001260s ]
INFO: Run WriteHtmlCache Behavior [ RunTime:0.000975s ]
INFO: Run ShowRuntime Behavior [ RunTime:0.001349s ]
INFO: [ view_filter ] --END-- [ RunTime:0.005367s ]
INFO: [ view_end ] --START--
INFO: Run ShowPageTrace Behavior [ RunTime:0.001708s ]
INFO: [ view_end ] --END-- [ RunTime:0.001884s ]

[ 2013-04-24T12:48:32+08:00 ] ERR: (ThinkException) 无法加载模块:favicon
[ 2013-04-24T12:49:58+08:00 ] 127.0.0.1 /index.php?s=/Member/Register/Step/4
INFO: [ route_check ] --START--
INFO: Run CheckRoute Behavior [ RunTime:0.003885s ]
INFO: [ route_check ] --END-- [ RunTime:0.004135s ]
NOTIC: [2] Wrong parameter count for stripslashes() /media/f/dev/autoorder/ThinkPHP/Lib/Core/App.class.php 第 57 行.
NOTIC: [2] Wrong parameter count for stripslashes() /media/f/dev/autoorder/ThinkPHP/Lib/Core/App.class.php 第 57 行.
NOTIC: [2] Wrong parameter count for stripslashes() /media/f/dev/autoorder/ThinkPHP/Lib/Core/App.class.php 第 57 行.
NOTIC: [2] Wrong parameter count for stripslashes() /media/f/dev/autoorder/ThinkPHP/Lib/Core/App.class.php 第 57 行.
NOTIC: [2] Wrong parameter count for stripslashes() /media/f/dev/autoorder/ThinkPHP/Lib/Core/App.class.php 第 57 行.
NOTIC: [2] htmlentities() expects parameter 2 to be long, string given /media/f/dev/autoorder/ThinkPHP/Lib/Core/App.class.php 第 57 行.
NOTIC: [2] htmlspecialchars() expects parameter 2 to be long, string given /media/f/dev/autoorder/ThinkPHP/Lib/Core/App.class.php 第 57 行.
INFO: [ app_begin ] --START--
INFO: Run ReadHtmlCache Behavior [ RunTime:0.003322s ]
INFO: [ app_begin ] --END-- [ RunTime:0.003563s ]
INFO: [ view_template ] --START--
INFO: Run LocationTemplate Behavior [ RunTime:0.006050s ]
INFO: [ view_template ] --END-- [ RunTime:0.006362s ]
INFO: [ view_parse ] --START--
INFO: Run ParseTemplate Behavior [ RunTime:0.053368s ]
INFO: [ view_parse ] --END-- [ RunTime:0.053615s ]
INFO: [ view_filter ] --START--
INFO: Run ContentReplace Behavior [ RunTime:0.003449s ]
INFO: Run TokenBuild Behavior [ RunTime:0.007246s ]
INFO: Run WriteHtmlCache Behavior [ RunTime:0.008240s ]
INFO: Run ShowRuntime Behavior [ RunTime:0.007530s ]
INFO: [ view_filter ] --END-- [ RunTime:0.027231s ]
INFO: [ view_end ] --START--
INFO: Run ShowPageTrace Behavior [ RunTime:0.008843s ]
INFO: [ view_end ] --END-- [ RunTime:0.009137s ]

[ 2013-04-24T12:49:58+08:00 ] ERR: (ThinkException) 无法加载模块:favicon
[ 2013-04-24T12:50:00+08:00 ] ERR: (ThinkException) 无法加载模块:favicon
[ 2013-04-24T12:50:01+08:00 ] ERR: (ThinkException) 无法加载模块:favicon
[ 2013-04-24T12:50:02+08:00 ] 127.0.0.1 /index.php?s=/Member/Register/Step/3
INFO: [ route_check ] --START--
INFO: Run CheckRoute Behavior [ RunTime:0.005397s ]
INFO: [ route_check ] --END-- [ RunTime:0.005734s ]
NOTIC: [2] Wrong parameter count for stripslashes() /media/f/dev/autoorder/ThinkPHP/Lib/Core/App.class.php 第 57 行.
NOTIC: [2] Wrong parameter count for stripslashes() /media/f/dev/autoorder/ThinkPHP/Lib/Core/App.class.php 第 57 行.
NOTIC: [2] Wrong parameter count for stripslashes() /media/f/dev/autoorder/ThinkPHP/Lib/Core/App.class.php 第 57 行.
NOTIC: [2] Wrong parameter count for stripslashes() /media/f/dev/autoorder/ThinkPHP/Lib/Core/App.class.php 第 57 行.
NOTIC: [2] Wrong parameter count for stripslashes() /media/f/dev/autoorder/ThinkPHP/Lib/Core/App.class.php 第 57 行.
NOTIC: [2] htmlentities() expects parameter 2 to be long, string given /media/f/dev/autoorder/ThinkPHP/Lib/Core/App.class.php 第 57 行.
NOTIC: [2] htmlspecialchars() expects parameter 2 to be long, string given /media/f/dev/autoorder/ThinkPHP/Lib/Core/App.class.php 第 57 行.
INFO: [ app_begin ] --START--
INFO: Run ReadHtmlCache Behavior [ RunTime:0.004942s ]
INFO: [ app_begin ] --END-- [ RunTime:0.005233s ]
INFO: [ view_template ] --START--
INFO: Run LocationTemplate Behavior [ RunTime:0.002987s ]
INFO: [ view_template ] --END-- [ RunTime:0.003296s ]
INFO: [ view_parse ] --START--
INFO: Run ParseTemplate Behavior [ RunTime:0.077212s ]
INFO: [ view_parse ] --END-- [ RunTime:0.077458s ]
INFO: [ view_filter ] --START--
INFO: Run ContentReplace Behavior [ RunTime:0.008702s ]
INFO: Run TokenBuild Behavior [ RunTime:0.005459s ]
INFO: Run WriteHtmlCache Behavior [ RunTime:0.003852s ]
INFO: Run ShowRuntime Behavior [ RunTime:0.001817s ]
INFO: [ view_filter ] --END-- [ RunTime:0.020408s ]
INFO: [ view_end ] --START--
INFO: Run ShowPageTrace Behavior [ RunTime:0.003209s ]
INFO: [ view_end ] --END-- [ RunTime:0.003496s ]

[ 2013-04-24T12:50:03+08:00 ] ERR: (ThinkException) 无法加载模块:favicon
[ 2013-04-24T12:50:13+08:00 ] 127.0.0.1 /index.php?s=/Member/Register/Step/4
INFO: [ route_check ] --START--
INFO: Run CheckRoute Behavior [ RunTime:0.001965s ]
INFO: [ route_check ] --END-- [ RunTime:0.002180s ]
NOTIC: [2] Wrong parameter count for stripslashes() /media/f/dev/autoorder/ThinkPHP/Lib/Core/App.class.php 第 57 行.
NOTIC: [2] Wrong parameter count for stripslashes() /media/f/dev/autoorder/ThinkPHP/Lib/Core/App.class.php 第 57 行.
NOTIC: [2] Wrong parameter count for stripslashes() /media/f/dev/autoorder/ThinkPHP/Lib/Core/App.class.php 第 57 行.
NOTIC: [2] Wrong parameter count for stripslashes() /media/f/dev/autoorder/ThinkPHP/Lib/Core/App.class.php 第 57 行.
NOTIC: [2] Wrong parameter count for stripslashes() /media/f/dev/autoorder/ThinkPHP/Lib/Core/App.class.php 第 57 行.
NOTIC: [2] htmlentities() expects parameter 2 to be long, string given /media/f/dev/autoorder/ThinkPHP/Lib/Core/App.class.php 第 57 行.
NOTIC: [2] htmlspecialchars() expects parameter 2 to be long, string given /media/f/dev/autoorder/ThinkPHP/Lib/Core/App.class.php 第 57 行.
INFO: [ app_begin ] --START--
INFO: Run ReadHtmlCache Behavior [ RunTime:0.003528s ]
INFO: [ app_begin ] --END-- [ RunTime:0.003712s ]
INFO: [ view_template ] --START--
INFO: Run LocationTemplate Behavior [ RunTime:0.004937s ]
INFO: [ view_template ] --END-- [ RunTime:0.005303s ]
INFO: [ view_parse ] --START--
INFO: Run ParseTemplate Behavior [ RunTime:0.084249s ]
INFO: [ view_parse ] --END-- [ RunTime:0.084544s ]
INFO: [ view_filter ] --START--
INFO: Run ContentReplace Behavior [ RunTime:0.002397s ]
INFO: Run TokenBuild Behavior [ RunTime:0.005630s ]
INFO: Run WriteHtmlCache Behavior [ RunTime:0.001280s ]
INFO: Run ShowRuntime Behavior [ RunTime:0.003083s ]
INFO: [ view_filter ] --END-- [ RunTime:0.012927s ]
INFO: [ view_end ] --START--
INFO: Run ShowPageTrace Behavior [ RunTime:0.005558s ]
INFO: [ view_end ] --END-- [ RunTime:0.005820s ]

[ 2013-04-24T12:50:13+08:00 ] ERR: (ThinkException) 无法加载模块:favicon
[ 2013-04-24T12:50:14+08:00 ] ERR: (ThinkException) 无法加载模块:favicon
[ 2013-04-24T12:50:16+08:00 ] ERR: (ThinkException) 无法加载模块:favicon
[ 2013-04-24T12:55:45+08:00 ] 127.0.0.1 /index.php?s=/Member/Register/Step/2
INFO: [ route_check ] --START--
INFO: Run CheckRoute Behavior [ RunTime:0.002208s ]
INFO: [ route_check ] --END-- [ RunTime:0.002431s ]
NOTIC: [2] Wrong parameter count for stripslashes() /media/f/dev/autoorder/ThinkPHP/Lib/Core/App.class.php 第 57 行.
NOTIC: [2] Wrong parameter count for stripslashes() /media/f/dev/autoorder/ThinkPHP/Lib/Core/App.class.php 第 57 行.
NOTIC: [2] Wrong parameter count for stripslashes() /media/f/dev/autoorder/ThinkPHP/Lib/Core/App.class.php 第 57 行.
NOTIC: [2] Wrong parameter count for stripslashes() /media/f/dev/autoorder/ThinkPHP/Lib/Core/App.class.php 第 57 行.
NOTIC: [2] Wrong parameter count for stripslashes() /media/f/dev/autoorder/ThinkPHP/Lib/Core/App.class.php 第 57 行.
NOTIC: [2] htmlentities() expects parameter 2 to be long, string given /media/f/dev/autoorder/ThinkPHP/Lib/Core/App.class.php 第 57 行.
NOTIC: [2] htmlspecialchars() expects parameter 2 to be long, string given /media/f/dev/autoorder/ThinkPHP/Lib/Core/App.class.php 第 57 行.
INFO: [ app_begin ] --START--
INFO: Run ReadHtmlCache Behavior [ RunTime:0.001647s ]
INFO: [ app_begin ] --END-- [ RunTime:0.001822s ]
INFO: [ view_template ] --START--
INFO: Run LocationTemplate Behavior [ RunTime:0.001667s ]
INFO: [ view_template ] --END-- [ RunTime:0.001849s ]
INFO: [ view_parse ] --START--
INFO: Run ParseTemplate Behavior [ RunTime:0.031999s ]
INFO: [ view_parse ] --END-- [ RunTime:0.032202s ]
INFO: [ view_filter ] --START--
INFO: Run ContentReplace Behavior [ RunTime:0.001549s ]
INFO: Run TokenBuild Behavior [ RunTime:0.001549s ]
INFO: Run WriteHtmlCache Behavior [ RunTime:0.001224s ]
INFO: Run ShowRuntime Behavior [ RunTime:0.001512s ]
INFO: [ view_filter ] --END-- [ RunTime:0.006306s ]
INFO: [ view_end ] --START--
INFO: Run ShowPageTrace Behavior [ RunTime:0.001879s ]
INFO: [ view_end ] --END-- [ RunTime:0.002046s ]

[ 2013-04-24T12:55:45+08:00 ] 127.0.0.1 /index.php?s=/Public/Verify
INFO: [ route_check ] --START--
INFO: Run CheckRoute Behavior [ RunTime:0.002360s ]
INFO: [ route_check ] --END-- [ RunTime:0.002597s ]
NOTIC: [2] Wrong parameter count for stripslashes() /media/f/dev/autoorder/ThinkPHP/Lib/Core/App.class.php 第 57 行.
NOTIC: [2] Wrong parameter count for stripslashes() /media/f/dev/autoorder/ThinkPHP/Lib/Core/App.class.php 第 57 行.
INFO: [ app_begin ] --START--
INFO: Run ReadHtmlCache Behavior [ RunTime:0.001975s ]
INFO: [ app_begin ] --END-- [ RunTime:0.002198s ]
NOTIC: [8] Use of undefined constant png - assumed 'png' /media/f/dev/autoorder/Lib/Action/PublicAction.class.php 第 5 行.

[ 2013-04-24T12:55:45+08:00 ] ERR: (ThinkException) 无法加载模块:favicon
[ 2013-04-24T12:55:47+08:00 ] ERR: (ThinkException) 无法加载模块:favicon
[ 2013-04-24T12:55:49+08:00 ] 127.0.0.1 /index.php?s=/Member/Register/Step/1
INFO: [ route_check ] --START--
INFO: Run CheckRoute Behavior [ RunTime:0.002122s ]
INFO: [ route_check ] --END-- [ RunTime:0.002323s ]
NOTIC: [2] Wrong parameter count for stripslashes() /media/f/dev/autoorder/ThinkPHP/Lib/Core/App.class.php 第 57 行.
NOTIC: [2] Wrong parameter count for stripslashes() /media/f/dev/autoorder/ThinkPHP/Lib/Core/App.class.php 第 57 行.
NOTIC: [2] Wrong parameter count for stripslashes() /media/f/dev/autoorder/ThinkPHP/Lib/Core/App.class.php 第 57 行.
NOTIC: [2] Wrong parameter count for stripslashes() /media/f/dev/autoorder/ThinkPHP/Lib/Core/App.class.php 第 57 行.
NOTIC: [2] Wrong parameter count for stripslashes() /media/f/dev/autoorder/ThinkPHP/Lib/Core/App.class.php 第 57 行.
NOTIC: [2] htmlentities() expects parameter 2 to be long, string given /media/f/dev/autoorder/ThinkPHP/Lib/Core/App.class.php 第 57 行.
NOTIC: [2] htmlspecialchars() expects parameter 2 to be long, string given /media/f/dev/autoorder/ThinkPHP/Lib/Core/App.class.php 第 57 行.
INFO: [ app_begin ] --START--
INFO: Run ReadHtmlCache Behavior [ RunTime:0.001707s ]
INFO: [ app_begin ] --END-- [ RunTime:0.001896s ]
INFO: [ view_template ] --START--
INFO: Run LocationTemplate Behavior [ RunTime:0.001819s ]
INFO: [ view_template ] --END-- [ RunTime:0.002009s ]
INFO: [ view_parse ] --START--
INFO: Run ParseTemplate Behavior [ RunTime:0.049082s ]
INFO: [ view_parse ] --END-- [ RunTime:0.049274s ]
INFO: [ view_filter ] --START--
INFO: Run ContentReplace Behavior [ RunTime:0.001451s ]
INFO: Run TokenBuild Behavior [ RunTime:0.001457s ]
INFO: Run WriteHtmlCache Behavior [ RunTime:0.001179s ]
INFO: Run ShowRuntime Behavior [ RunTime:0.001521s ]
INFO: [ view_filter ] --END-- [ RunTime:0.006068s ]
INFO: [ view_end ] --START--
INFO: Run ShowPageTrace Behavior [ RunTime:0.001778s ]
INFO: [ view_end ] --END-- [ RunTime:0.001938s ]

[ 2013-04-24T12:55:50+08:00 ] ERR: (ThinkException) 无法加载模块:favicon
[ 2013-04-24T12:55:51+08:00 ] 127.0.0.1 /index.php?s=/Member/Register/Step/2
INFO: [ route_check ] --START--
INFO: Run CheckRoute Behavior [ RunTime:0.006124s ]
INFO: [ route_check ] --END-- [ RunTime:0.006491s ]
NOTIC: [2] Wrong parameter count for stripslashes() /media/f/dev/autoorder/ThinkPHP/Lib/Core/App.class.php 第 57 行.
NOTIC: [2] Wrong parameter count for stripslashes() /media/f/dev/autoorder/ThinkPHP/Lib/Core/App.class.php 第 57 行.
NOTIC: [2] Wrong parameter count for stripslashes() /media/f/dev/autoorder/ThinkPHP/Lib/Core/App.class.php 第 57 行.
NOTIC: [2] Wrong parameter count for stripslashes() /media/f/dev/autoorder/ThinkPHP/Lib/Core/App.class.php 第 57 行.
NOTIC: [2] Wrong parameter count for stripslashes() /media/f/dev/autoorder/ThinkPHP/Lib/Core/App.class.php 第 57 行.
NOTIC: [2] htmlentities() expects parameter 2 to be long, string given /media/f/dev/autoorder/ThinkPHP/Lib/Core/App.class.php 第 57 行.
NOTIC: [2] htmlspecialchars() expects parameter 2 to be long, string given /media/f/dev/autoorder/ThinkPHP/Lib/Core/App.class.php 第 57 行.
INFO: [ app_begin ] --START--
INFO: Run ReadHtmlCache Behavior [ RunTime:0.003968s ]
INFO: [ app_begin ] --END-- [ RunTime:0.004265s ]
INFO: [ view_template ] --START--
INFO: Run LocationTemplate Behavior [ RunTime:0.003178s ]
INFO: [ view_template ] --END-- [ RunTime:0.003561s ]
INFO: [ view_parse ] --START--
INFO: Run ParseTemplate Behavior [ RunTime:0.055398s ]
INFO: [ view_parse ] --END-- [ RunTime:0.055704s ]
INFO: [ view_filter ] --START--
INFO: Run ContentReplace Behavior [ RunTime:0.007844s ]
INFO: Run TokenBuild Behavior [ RunTime:0.007412s ]
INFO: Run WriteHtmlCache Behavior [ RunTime:0.010584s ]
INFO: Run ShowRuntime Behavior [ RunTime:0.007630s ]
INFO: [ view_filter ] --END-- [ RunTime:0.034348s ]
INFO: [ view_end ] --START--
INFO: Run ShowPageTrace Behavior [ RunTime:0.008543s ]
INFO: [ view_end ] --END-- [ RunTime:0.008846s ]

[ 2013-04-24T12:55:51+08:00 ] 127.0.0.1 /index.php?s=/Public/Verify
INFO: [ route_check ] --START--
INFO: Run CheckRoute Behavior [ RunTime:0.002964s ]
INFO: [ route_check ] --END-- [ RunTime:0.003189s ]
NOTIC: [2] Wrong parameter count for stripslashes() /media/f/dev/autoorder/ThinkPHP/Lib/Core/App.class.php 第 57 行.
NOTIC: [2] Wrong parameter count for stripslashes() /media/f/dev/autoorder/ThinkPHP/Lib/Core/App.class.php 第 57 行.
INFO: [ app_begin ] --START--
INFO: Run ReadHtmlCache Behavior [ RunTime:0.003143s ]
INFO: [ app_begin ] --END-- [ RunTime:0.003324s ]
NOTIC: [8] Use of undefined constant png - assumed 'png' /media/f/dev/autoorder/Lib/Action/PublicAction.class.php 第 5 行.

[ 2013-04-24T12:55:51+08:00 ] ERR: (ThinkException) 无法加载模块:favicon
[ 2013-04-24T12:57:37+08:00 ] 127.0.0.1 /index.php?s=/Member/Register/Step/2
INFO: [ route_check ] --START--
INFO: Run CheckRoute Behavior [ RunTime:0.001818s ]
INFO: [ route_check ] --END-- [ RunTime:0.002012s ]
NOTIC: [2] Wrong parameter count for stripslashes() /media/f/dev/autoorder/ThinkPHP/Lib/Core/App.class.php 第 57 行.
NOTIC: [2] Wrong parameter count for stripslashes() /media/f/dev/autoorder/ThinkPHP/Lib/Core/App.class.php 第 57 行.
NOTIC: [2] Wrong parameter count for stripslashes() /media/f/dev/autoorder/ThinkPHP/Lib/Core/App.class.php 第 57 行.
NOTIC: [2] Wrong parameter count for stripslashes() /media/f/dev/autoorder/ThinkPHP/Lib/Core/App.class.php 第 57 行.
NOTIC: [2] Wrong parameter count for stripslashes() /media/f/dev/autoorder/ThinkPHP/Lib/Core/App.class.php 第 57 行.
NOTIC: [2] htmlentities() expects parameter 2 to be long, string given /media/f/dev/autoorder/ThinkPHP/Lib/Core/App.class.php 第 57 行.
NOTIC: [2] htmlspecialchars() expects parameter 2 to be long, string given /media/f/dev/autoorder/ThinkPHP/Lib/Core/App.class.php 第 57 行.
INFO: [ app_begin ] --START--
INFO: Run ReadHtmlCache Behavior [ RunTime:0.001446s ]
INFO: [ app_begin ] --END-- [ RunTime:0.001600s ]
INFO: [ view_template ] --START--
INFO: Run LocationTemplate Behavior [ RunTime:0.001503s ]
INFO: [ view_template ] --END-- [ RunTime:0.001692s ]
INFO: [ view_parse ] --START--
INFO: Run ParseTemplate Behavior [ RunTime:0.042363s ]
INFO: [ view_parse ] --END-- [ RunTime:0.042559s ]
INFO: [ view_filter ] --START--
INFO: Run ContentReplace Behavior [ RunTime:0.001304s ]
INFO: Run TokenBuild Behavior [ RunTime:0.001325s ]
INFO: Run WriteHtmlCache Behavior [ RunTime:0.000947s ]
INFO: Run ShowRuntime Behavior [ RunTime:0.001247s ]
INFO: [ view_filter ] --END-- [ RunTime:0.005285s ]
INFO: [ view_end ] --START--
INFO: Run ShowPageTrace Behavior [ RunTime:0.001868s ]
INFO: [ view_end ] --END-- [ RunTime:0.002057s ]

[ 2013-04-24T12:57:37+08:00 ] 127.0.0.1 /index.php?s=/Public/Verify
INFO: [ route_check ] --START--
INFO: Run CheckRoute Behavior [ RunTime:0.002444s ]
INFO: [ route_check ] --END-- [ RunTime:0.002845s ]
NOTIC: [2] Wrong parameter count for stripslashes() /media/f/dev/autoorder/ThinkPHP/Lib/Core/App.class.php 第 57 行.
NOTIC: [2] Wrong parameter count for stripslashes() /media/f/dev/autoorder/ThinkPHP/Lib/Core/App.class.php 第 57 行.
INFO: [ app_begin ] --START--
INFO: Run ReadHtmlCache Behavior [ RunTime:0.001826s ]
INFO: [ app_begin ] --END-- [ RunTime:0.002025s ]
NOTIC: [8] Use of undefined constant png - assumed 'png' /media/f/dev/autoorder/Lib/Action/PublicAction.class.php 第 5 行.

[ 2013-04-24T12:57:38+08:00 ] ERR: (ThinkException) 无法加载模块:favicon
[ 2013-04-24T13:20:00+08:00 ] 127.0.0.1 /index.php?s=/Member/Register/Step/2
INFO: [ route_check ] --START--
INFO: Run CheckRoute Behavior [ RunTime:0.004742s ]
INFO: [ route_check ] --END-- [ RunTime:0.005170s ]
NOTIC: [2] Wrong parameter count for stripslashes() /media/f/dev/autoorder/ThinkPHP/Lib/Core/App.class.php 第 57 行.
NOTIC: [2] Wrong parameter count for stripslashes() /media/f/dev/autoorder/ThinkPHP/Lib/Core/App.class.php 第 57 行.
NOTIC: [2] Wrong parameter count for stripslashes() /media/f/dev/autoorder/ThinkPHP/Lib/Core/App.class.php 第 57 行.
NOTIC: [2] Wrong parameter count for stripslashes() /media/f/dev/autoorder/ThinkPHP/Lib/Core/App.class.php 第 57 行.
NOTIC: [2] Wrong parameter count for stripslashes() /media/f/dev/autoorder/ThinkPHP/Lib/Core/App.class.php 第 57 行.
NOTIC: [2] htmlentities() expects parameter 2 to be long, string given /media/f/dev/autoorder/ThinkPHP/Lib/Core/App.class.php 第 57 行.
NOTIC: [2] htmlspecialchars() expects parameter 2 to be long, string given /media/f/dev/autoorder/ThinkPHP/Lib/Core/App.class.php 第 57 行.
INFO: [ app_begin ] --START--
INFO: Run ReadHtmlCache Behavior [ RunTime:0.001735s ]
INFO: [ app_begin ] --END-- [ RunTime:0.001948s ]
INFO: [ view_template ] --START--
INFO: Run LocationTemplate Behavior [ RunTime:0.001702s ]
INFO: [ view_template ] --END-- [ RunTime:0.001923s ]
INFO: [ view_parse ] --START--
INFO: Run ParseTemplate Behavior [ RunTime:0.031320s ]
INFO: [ view_parse ] --END-- [ RunTime:0.031544s ]
INFO: [ view_filter ] --START--
INFO: Run ContentReplace Behavior [ RunTime:0.001502s ]
INFO: Run TokenBuild Behavior [ RunTime:0.001517s ]
INFO: Run WriteHtmlCache Behavior [ RunTime:0.001161s ]
INFO: Run ShowRuntime Behavior [ RunTime:0.001544s ]
INFO: [ view_filter ] --END-- [ RunTime:0.006223s ]
INFO: [ view_end ] --START--
INFO: Run ShowPageTrace Behavior [ RunTime:0.001878s ]
INFO: [ view_end ] --END-- [ RunTime:0.002045s ]

[ 2013-04-24T13:20:00+08:00 ] 127.0.0.1 /index.php?s=/Public/Verify
INFO: [ route_check ] --START--
INFO: Run CheckRoute Behavior [ RunTime:0.002105s ]
INFO: [ route_check ] --END-- [ RunTime:0.002304s ]
NOTIC: [2] Wrong parameter count for stripslashes() /media/f/dev/autoorder/ThinkPHP/Lib/Core/App.class.php 第 57 行.
NOTIC: [2] Wrong parameter count for stripslashes() /media/f/dev/autoorder/ThinkPHP/Lib/Core/App.class.php 第 57 行.
INFO: [ app_begin ] --START--
INFO: Run ReadHtmlCache Behavior [ RunTime:0.001758s ]
INFO: [ app_begin ] --END-- [ RunTime:0.001928s ]
NOTIC: [8] Use of undefined constant png - assumed 'png' /media/f/dev/autoorder/Lib/Action/PublicAction.class.php 第 5 行.

[ 2013-04-24T13:20:00+08:00 ] ERR: (ThinkException) 无法加载模块:favicon
[ 2013-04-24T13:20:03+08:00 ] 127.0.0.1 /index.php?s=/Member/Register/Step/2
INFO: [ route_check ] --START--
INFO: Run CheckRoute Behavior [ RunTime:0.005391s ]
INFO: [ route_check ] --END-- [ RunTime:0.005630s ]
NOTIC: [2] Wrong parameter count for stripslashes() /media/f/dev/autoorder/ThinkPHP/Lib/Core/App.class.php 第 57 行.
NOTIC: [2] Wrong parameter count for stripslashes() /media/f/dev/autoorder/ThinkPHP/Lib/Core/App.class.php 第 57 行.
NOTIC: [2] Wrong parameter count for stripslashes() /media/f/dev/autoorder/ThinkPHP/Lib/Core/App.class.php 第 57 行.
NOTIC: [2] Wrong parameter count for stripslashes() /media/f/dev/autoorder/ThinkPHP/Lib/Core/App.class.php 第 57 行.
NOTIC: [2] Wrong parameter count for stripslashes() /media/f/dev/autoorder/ThinkPHP/Lib/Core/App.class.php 第 57 行.
NOTIC: [2] htmlentities() expects parameter 2 to be long, string given /media/f/dev/autoorder/ThinkPHP/Lib/Core/App.class.php 第 57 行.
NOTIC: [2] htmlspecialchars() expects parameter 2 to be long, string given /media/f/dev/autoorder/ThinkPHP/Lib/Core/App.class.php 第 57 行.
INFO: [ app_begin ] --START--
INFO: Run ReadHtmlCache Behavior [ RunTime:0.002239s ]
INFO: [ app_begin ] --END-- [ RunTime:0.002448s ]
INFO: [ view_template ] --START--
INFO: Run LocationTemplate Behavior [ RunTime:0.004041s ]
INFO: [ view_template ] --END-- [ RunTime:0.004332s ]
INFO: [ view_parse ] --START--
INFO: Run ParseTemplate Behavior [ RunTime:0.094673s ]
INFO: [ view_parse ] --END-- [ RunTime:0.094961s ]
INFO: [ view_filter ] --START--
INFO: Run ContentReplace Behavior [ RunTime:0.007867s ]
INFO: Run TokenBuild Behavior [ RunTime:0.009693s ]
INFO: Run WriteHtmlCache Behavior [ RunTime:0.007927s ]
INFO: Run ShowRuntime Behavior [ RunTime:0.013849s ]
INFO: [ view_filter ] --END-- [ RunTime:0.040209s ]
INFO: [ view_end ] --START--
INFO: Run ShowPageTrace Behavior [ RunTime:0.003335s ]
INFO: [ view_end ] --END-- [ RunTime:0.003615s ]

[ 2013-04-24T13:20:03+08:00 ] 127.0.0.1 /index.php?s=/Public/Verify
INFO: [ route_check ] --START--
INFO: Run CheckRoute Behavior [ RunTime:0.002188s ]
INFO: [ route_check ] --END-- [ RunTime:0.002400s ]
NOTIC: [2] Wrong parameter count for stripslashes() /media/f/dev/autoorder/ThinkPHP/Lib/Core/App.class.php 第 57 行.
NOTIC: [2] Wrong parameter count for stripslashes() /media/f/dev/autoorder/ThinkPHP/Lib/Core/App.class.php 第 57 行.
INFO: [ app_begin ] --START--
INFO: Run ReadHtmlCache Behavior [ RunTime:0.003544s ]
INFO: [ app_begin ] --END-- [ RunTime:0.003747s ]
NOTIC: [8] Use of undefined constant png - assumed 'png' /media/f/dev/autoorder/Lib/Action/PublicAction.class.php 第 5 行.

[ 2013-04-24T13:20:03+08:00 ] ERR: (ThinkException) 无法加载模块:favicon
[ 2013-04-24T13:20:06+08:00 ] 127.0.0.1 /index.php?s=/Api/Member/Mod/CheckUsername/username/f
INFO: [ route_check ] --START--
INFO: Run CheckRoute Behavior [ RunTime:0.001831s ]
INFO: [ route_check ] --END-- [ RunTime:0.002034s ]
NOTIC: [2] Wrong parameter count for stripslashes() /media/f/dev/autoorder/ThinkPHP/Lib/Core/App.class.php 第 57 行.
NOTIC: [2] Wrong parameter count for stripslashes() /media/f/dev/autoorder/ThinkPHP/Lib/Core/App.class.php 第 57 行.
NOTIC: [2] Wrong parameter count for stripslashes() /media/f/dev/autoorder/ThinkPHP/Lib/Core/App.class.php 第 57 行.
NOTIC: [2] Wrong parameter count for stripslashes() /media/f/dev/autoorder/ThinkPHP/Lib/Core/App.class.php 第 57 行.
NOTIC: [2] Wrong parameter count for stripslashes() /media/f/dev/autoorder/ThinkPHP/Lib/Core/App.class.php 第 57 行.
NOTIC: [2] Wrong parameter count for stripslashes() /media/f/dev/autoorder/ThinkPHP/Lib/Core/App.class.php 第 57 行.
NOTIC: [2] Wrong parameter count for stripslashes() /media/f/dev/autoorder/ThinkPHP/Lib/Core/App.class.php 第 57 行.
NOTIC: [2] Wrong parameter count for stripslashes() /media/f/dev/autoorder/ThinkPHP/Lib/Core/App.class.php 第 57 行.
NOTIC: [2] htmlentities() expects parameter 2 to be long, string given /media/f/dev/autoorder/ThinkPHP/Lib/Core/App.class.php 第 57 行.
NOTIC: [2] htmlentities() expects parameter 2 to be long, string given /media/f/dev/autoorder/ThinkPHP/Lib/Core/App.class.php 第 57 行.
NOTIC: [2] htmlspecialchars() expects parameter 2 to be long, string given /media/f/dev/autoorder/ThinkPHP/Lib/Core/App.class.php 第 57 行.
NOTIC: [2] htmlspecialchars() expects parameter 2 to be long, string given /media/f/dev/autoorder/ThinkPHP/Lib/Core/App.class.php 第 57 行.
INFO: [ app_begin ] --START--
INFO: Run ReadHtmlCache Behavior [ RunTime:0.001506s ]
INFO: [ app_begin ] --END-- [ RunTime:0.001655s ]
SQL: SHOW COLUMNS FROM `ao_member` [ RunTime:0.026796s ]
SQL: SELECT * FROM `ao_member` WHERE ( username='f' ) LIMIT 1   [ RunTime:0.044929s ]

[ 2013-04-24T13:20:21+08:00 ] 127.0.0.1 /index.php?s=/Api/Member/Mod/CheckUsername/username/admin
INFO: [ route_check ] --START--
INFO: Run CheckRoute Behavior [ RunTime:0.002065s ]
INFO: [ route_check ] --END-- [ RunTime:0.002269s ]
NOTIC: [2] Wrong parameter count for stripslashes() /media/f/dev/autoorder/ThinkPHP/Lib/Core/App.class.php 第 57 行.
NOTIC: [2] Wrong parameter count for stripslashes() /media/f/dev/autoorder/ThinkPHP/Lib/Core/App.class.php 第 57 行.
NOTIC: [2] Wrong parameter count for stripslashes() /media/f/dev/autoorder/ThinkPHP/Lib/Core/App.class.php 第 57 行.
NOTIC: [2] Wrong parameter count for stripslashes() /media/f/dev/autoorder/ThinkPHP/Lib/Core/App.class.php 第 57 行.
NOTIC: [2] Wrong parameter count for stripslashes() /media/f/dev/autoorder/ThinkPHP/Lib/Core/App.class.php 第 57 行.
NOTIC: [2] Wrong parameter count for stripslashes() /media/f/dev/autoorder/ThinkPHP/Lib/Core/App.class.php 第 57 行.
NOTIC: [2] Wrong parameter count for stripslashes() /media/f/dev/autoorder/ThinkPHP/Lib/Core/App.class.php 第 57 行.
NOTIC: [2] Wrong parameter count for stripslashes() /media/f/dev/autoorder/ThinkPHP/Lib/Core/App.class.php 第 57 行.
NOTIC: [2] htmlentities() expects parameter 2 to be long, string given /media/f/dev/autoorder/ThinkPHP/Lib/Core/App.class.php 第 57 行.
NOTIC: [2] htmlentities() expects parameter 2 to be long, string given /media/f/dev/autoorder/ThinkPHP/Lib/Core/App.class.php 第 57 行.
NOTIC: [2] htmlspecialchars() expects parameter 2 to be long, string given /media/f/dev/autoorder/ThinkPHP/Lib/Core/App.class.php 第 57 行.
NOTIC: [2] htmlspecialchars() expects parameter 2 to be long, string given /media/f/dev/autoorder/ThinkPHP/Lib/Core/App.class.php 第 57 行.
INFO: [ app_begin ] --START--
INFO: Run ReadHtmlCache Behavior [ RunTime:0.001522s ]
INFO: [ app_begin ] --END-- [ RunTime:0.001671s ]
SQL: SHOW COLUMNS FROM `ao_member` [ RunTime:0.001601s ]
SQL: SELECT * FROM `ao_member` WHERE ( username='admin' ) LIMIT 1   [ RunTime:0.001058s ]

[ 2013-04-24T13:20:47+08:00 ] 127.0.0.1 /index.php?s=/Member/Register/Step/2
INFO: [ route_check ] --START--
INFO: Run CheckRoute Behavior [ RunTime:0.001852s ]
INFO: [ route_check ] --END-- [ RunTime:0.002053s ]
NOTIC: [2] Wrong parameter count for stripslashes() /media/f/dev/autoorder/ThinkPHP/Lib/Core/App.class.php 第 57 行.
NOTIC: [2] Wrong parameter count for stripslashes() /media/f/dev/autoorder/ThinkPHP/Lib/Core/App.class.php 第 57 行.
NOTIC: [2] Wrong parameter count for stripslashes() /media/f/dev/autoorder/ThinkPHP/Lib/Core/App.class.php 第 57 行.
NOTIC: [2] Wrong parameter count for stripslashes() /media/f/dev/autoorder/ThinkPHP/Lib/Core/App.class.php 第 57 行.
NOTIC: [2] Wrong parameter count for stripslashes() /media/f/dev/autoorder/ThinkPHP/Lib/Core/App.class.php 第 57 行.
NOTIC: [2] htmlentities() expects parameter 2 to be long, string given /media/f/dev/autoorder/ThinkPHP/Lib/Core/App.class.php 第 57 行.
NOTIC: [2] htmlspecialchars() expects parameter 2 to be long, string given /media/f/dev/autoorder/ThinkPHP/Lib/Core/App.class.php 第 57 行.
INFO: [ app_begin ] --START--
INFO: Run ReadHtmlCache Behavior [ RunTime:0.001505s ]
INFO: [ app_begin ] --END-- [ RunTime:0.001660s ]
INFO: [ view_template ] --START--
INFO: Run LocationTemplate Behavior [ RunTime:0.001418s ]
INFO: [ view_template ] --END-- [ RunTime:0.001603s ]
INFO: [ view_parse ] --START--
INFO: Run ParseTemplate Behavior [ RunTime:0.032330s ]
INFO: [ view_parse ] --END-- [ RunTime:0.032538s ]
INFO: [ view_filter ] --START--
INFO: Run ContentReplace Behavior [ RunTime:0.001282s ]
INFO: Run TokenBuild Behavior [ RunTime:0.001508s ]
INFO: Run WriteHtmlCache Behavior [ RunTime:0.004945s ]
INFO: Run ShowRuntime Behavior [ RunTime:0.001603s ]
INFO: [ view_filter ] --END-- [ RunTime:0.009900s ]
INFO: [ view_end ] --START--
INFO: Run ShowPageTrace Behavior [ RunTime:0.001619s ]
INFO: [ view_end ] --END-- [ RunTime:0.001780s ]

[ 2013-04-24T13:20:48+08:00 ] 127.0.0.1 /index.php?s=/Public/Verify
INFO: [ route_check ] --START--
INFO: Run CheckRoute Behavior [ RunTime:0.001895s ]
INFO: [ route_check ] --END-- [ RunTime:0.002120s ]
NOTIC: [2] Wrong parameter count for stripslashes() /media/f/dev/autoorder/ThinkPHP/Lib/Core/App.class.php 第 57 行.
NOTIC: [2] Wrong parameter count for stripslashes() /media/f/dev/autoorder/ThinkPHP/Lib/Core/App.class.php 第 57 行.
INFO: [ app_begin ] --START--
INFO: Run ReadHtmlCache Behavior [ RunTime:0.003419s ]
INFO: [ app_begin ] --END-- [ RunTime:0.003594s ]
NOTIC: [8] Use of undefined constant png - assumed 'png' /media/f/dev/autoorder/Lib/Action/PublicAction.class.php 第 5 行.

[ 2013-04-24T13:20:48+08:00 ] ERR: (ThinkException) 无法加载模块:favicon
[ 2013-04-24T13:20:51+08:00 ] 127.0.0.1 /index.php?s=/Api/Member/Mod/CheckUsername/username/d
INFO: [ route_check ] --START--
INFO: Run CheckRoute Behavior [ RunTime:0.006541s ]
INFO: [ route_check ] --END-- [ RunTime:0.006980s ]
NOTIC: [2] Wrong parameter count for stripslashes() /media/f/dev/autoorder/ThinkPHP/Lib/Core/App.class.php 第 57 行.
NOTIC: [2] Wrong parameter count for stripslashes() /media/f/dev/autoorder/ThinkPHP/Lib/Core/App.class.php 第 57 行.
NOTIC: [2] Wrong parameter count for stripslashes() /media/f/dev/autoorder/ThinkPHP/Lib/Core/App.class.php 第 57 行.
NOTIC: [2] Wrong parameter count for stripslashes() /media/f/dev/autoorder/ThinkPHP/Lib/Core/App.class.php 第 57 行.
NOTIC: [2] Wrong parameter count for stripslashes() /media/f/dev/autoorder/ThinkPHP/Lib/Core/App.class.php 第 57 行.
NOTIC: [2] Wrong parameter count for stripslashes() /media/f/dev/autoorder/ThinkPHP/Lib/Core/App.class.php 第 57 行.
NOTIC: [2] Wrong parameter count for stripslashes() /media/f/dev/autoorder/ThinkPHP/Lib/Core/App.class.php 第 57 行.
NOTIC: [2] Wrong parameter count for stripslashes() /media/f/dev/autoorder/ThinkPHP/Lib/Core/App.class.php 第 57 行.
NOTIC: [2] htmlentities() expects parameter 2 to be long, string given /media/f/dev/autoorder/ThinkPHP/Lib/Core/App.class.php 第 57 行.
NOTIC: [2] htmlentities() expects parameter 2 to be long, string given /media/f/dev/autoorder/ThinkPHP/Lib/Core/App.class.php 第 57 行.
NOTIC: [2] htmlspecialchars() expects parameter 2 to be long, string given /media/f/dev/autoorder/ThinkPHP/Lib/Core/App.class.php 第 57 行.
NOTIC: [2] htmlspecialchars() expects parameter 2 to be long, string given /media/f/dev/autoorder/ThinkPHP/Lib/Core/App.class.php 第 57 行.
INFO: [ app_begin ] --START--
INFO: Run ReadHtmlCache Behavior [ RunTime:0.005222s ]
INFO: [ app_begin ] --END-- [ RunTime:0.005482s ]
SQL: SHOW COLUMNS FROM `ao_member` [ RunTime:0.002268s ]
SQL: SELECT * FROM `ao_member` WHERE ( username='d' ) LIMIT 1   [ RunTime:0.001036s ]

[ 2013-04-24T13:21:32+08:00 ] 127.0.0.1 /index.php?s=/Member/Register/Step/2
INFO: [ route_check ] --START--
INFO: Run CheckRoute Behavior [ RunTime:0.001836s ]
INFO: [ route_check ] --END-- [ RunTime:0.002036s ]
NOTIC: [2] Wrong parameter count for stripslashes() /media/f/dev/autoorder/ThinkPHP/Lib/Core/App.class.php 第 57 行.
NOTIC: [2] Wrong parameter count for stripslashes() /media/f/dev/autoorder/ThinkPHP/Lib/Core/App.class.php 第 57 行.
NOTIC: [2] Wrong parameter count for stripslashes() /media/f/dev/autoorder/ThinkPHP/Lib/Core/App.class.php 第 57 行.
NOTIC: [2] Wrong parameter count for stripslashes() /media/f/dev/autoorder/ThinkPHP/Lib/Core/App.class.php 第 57 行.
NOTIC: [2] Wrong parameter count for stripslashes() /media/f/dev/autoorder/ThinkPHP/Lib/Core/App.class.php 第 57 行.
NOTIC: [2] htmlentities() expects parameter 2 to be long, string given /media/f/dev/autoorder/ThinkPHP/Lib/Core/App.class.php 第 57 行.
NOTIC: [2] htmlspecialchars() expects parameter 2 to be long, string given /media/f/dev/autoorder/ThinkPHP/Lib/Core/App.class.php 第 57 行.
INFO: [ app_begin ] --START--
INFO: Run ReadHtmlCache Behavior [ RunTime:0.001452s ]
INFO: [ app_begin ] --END-- [ RunTime:0.001610s ]
INFO: [ view_template ] --START--
INFO: Run LocationTemplate Behavior [ RunTime:0.001668s ]
INFO: [ view_template ] --END-- [ RunTime:0.001853s ]
INFO: [ view_parse ] --START--
INFO: Run ParseTemplate Behavior [ RunTime:0.030714s ]
INFO: [ view_parse ] --END-- [ RunTime:0.036580s ]
INFO: [ view_filter ] --START--
INFO: Run ContentReplace Behavior [ RunTime:0.002104s ]
INFO: Run TokenBuild Behavior [ RunTime:0.002169s ]
INFO: Run WriteHtmlCache Behavior [ RunTime:0.001226s ]
INFO: Run ShowRuntime Behavior [ RunTime:0.001514s ]
INFO: [ view_filter ] --END-- [ RunTime:0.007551s ]
INFO: [ view_end ] --START--
INFO: Run ShowPageTrace Behavior [ RunTime:0.001855s ]
INFO: [ view_end ] --END-- [ RunTime:0.002020s ]

[ 2013-04-24T13:21:32+08:00 ] 127.0.0.1 /index.php?s=/Public/Verify
INFO: [ route_check ] --START--
INFO: Run CheckRoute Behavior [ RunTime:0.001872s ]
INFO: [ route_check ] --END-- [ RunTime:0.002072s ]
NOTIC: [2] Wrong parameter count for stripslashes() /media/f/dev/autoorder/ThinkPHP/Lib/Core/App.class.php 第 57 行.
NOTIC: [2] Wrong parameter count for stripslashes() /media/f/dev/autoorder/ThinkPHP/Lib/Core/App.class.php 第 57 行.
INFO: [ app_begin ] --START--
INFO: Run ReadHtmlCache Behavior [ RunTime:0.001525s ]
INFO: [ app_begin ] --END-- [ RunTime:0.001683s ]
NOTIC: [8] Use of undefined constant png - assumed 'png' /media/f/dev/autoorder/Lib/Action/PublicAction.class.php 第 5 行.

[ 2013-04-24T13:21:32+08:00 ] ERR: (ThinkException) 无法加载模块:favicon
[ 2013-04-24T13:21:34+08:00 ] 127.0.0.1 /index.php?s=/Api/Member/Mod/CheckUsername/username/d
INFO: [ route_check ] --START--
INFO: Run CheckRoute Behavior [ RunTime:0.002349s ]
INFO: [ route_check ] --END-- [ RunTime:0.002569s ]
NOTIC: [2] Wrong parameter count for stripslashes() /media/f/dev/autoorder/ThinkPHP/Lib/Core/App.class.php 第 57 行.
NOTIC: [2] Wrong parameter count for stripslashes() /media/f/dev/autoorder/ThinkPHP/Lib/Core/App.class.php 第 57 行.
NOTIC: [2] Wrong parameter count for stripslashes() /media/f/dev/autoorder/ThinkPHP/Lib/Core/App.class.php 第 57 行.
NOTIC: [2] Wrong parameter count for stripslashes() /media/f/dev/autoorder/ThinkPHP/Lib/Core/App.class.php 第 57 行.
NOTIC: [2] Wrong parameter count for stripslashes() /media/f/dev/autoorder/ThinkPHP/Lib/Core/App.class.php 第 57 行.
NOTIC: [2] Wrong parameter count for stripslashes() /media/f/dev/autoorder/ThinkPHP/Lib/Core/App.class.php 第 57 行.
NOTIC: [2] Wrong parameter count for stripslashes() /media/f/dev/autoorder/ThinkPHP/Lib/Core/App.class.php 第 57 行.
NOTIC: [2] Wrong parameter count for stripslashes() /media/f/dev/autoorder/ThinkPHP/Lib/Core/App.class.php 第 57 行.
NOTIC: [2] htmlentities() expects parameter 2 to be long, string given /media/f/dev/autoorder/ThinkPHP/Lib/Core/App.class.php 第 57 行.
NOTIC: [2] htmlentities() expects parameter 2 to be long, string given /media/f/dev/autoorder/ThinkPHP/Lib/Core/App.class.php 第 57 行.
NOTIC: [2] htmlspecialchars() expects parameter 2 to be long, string given /media/f/dev/autoorder/ThinkPHP/Lib/Core/App.class.php 第 57 行.
NOTIC: [2] htmlspecialchars() expects parameter 2 to be long, string given /media/f/dev/autoorder/ThinkPHP/Lib/Core/App.class.php 第 57 行.
INFO: [ app_begin ] --START--
INFO: Run ReadHtmlCache Behavior [ RunTime:0.001500s ]
INFO: [ app_begin ] --END-- [ RunTime:0.001732s ]
SQL: SHOW COLUMNS FROM `ao_member` [ RunTime:0.002014s ]
SQL: SELECT * FROM `ao_member` WHERE ( username='d' ) LIMIT 1   [ RunTime:0.000999s ]

[ 2013-04-24T13:21:38+08:00 ] 127.0.0.1 /index.php?s=/Api/Member/Mod/CheckUsername/username/admin
INFO: [ route_check ] --START--
INFO: Run CheckRoute Behavior [ RunTime:0.002010s ]
INFO: [ route_check ] --END-- [ RunTime:0.002259s ]
NOTIC: [2] Wrong parameter count for stripslashes() /media/f/dev/autoorder/ThinkPHP/Lib/Core/App.class.php 第 57 行.
NOTIC: [2] Wrong parameter count for stripslashes() /media/f/dev/autoorder/ThinkPHP/Lib/Core/App.class.php 第 57 行.
NOTIC: [2] Wrong parameter count for stripslashes() /media/f/dev/autoorder/ThinkPHP/Lib/Core/App.class.php 第 57 行.
NOTIC: [2] Wrong parameter count for stripslashes() /media/f/dev/autoorder/ThinkPHP/Lib/Core/App.class.php 第 57 行.
NOTIC: [2] Wrong parameter count for stripslashes() /media/f/dev/autoorder/ThinkPHP/Lib/Core/App.class.php 第 57 行.
NOTIC: [2] Wrong parameter count for stripslashes() /media/f/dev/autoorder/ThinkPHP/Lib/Core/App.class.php 第 57 行.
NOTIC: [2] Wrong parameter count for stripslashes() /media/f/dev/autoorder/ThinkPHP/Lib/Core/App.class.php 第 57 行.
NOTIC: [2] Wrong parameter count for stripslashes() /media/f/dev/autoorder/ThinkPHP/Lib/Core/App.class.php 第 57 行.
NOTIC: [2] htmlentities() expects parameter 2 to be long, string given /media/f/dev/autoorder/ThinkPHP/Lib/Core/App.class.php 第 57 行.
NOTIC: [2] htmlentities() expects parameter 2 to be long, string given /media/f/dev/autoorder/ThinkPHP/Lib/Core/App.class.php 第 57 行.
NOTIC: [2] htmlspecialchars() expects parameter 2 to be long, string given /media/f/dev/autoorder/ThinkPHP/Lib/Core/App.class.php 第 57 行.
NOTIC: [2] htmlspecialchars() expects parameter 2 to be long, string given /media/f/dev/autoorder/ThinkPHP/Lib/Core/App.class.php 第 57 行.
INFO: [ app_begin ] --START--
INFO: Run ReadHtmlCache Behavior [ RunTime:0.001671s ]
INFO: [ app_begin ] --END-- [ RunTime:0.001833s ]
SQL: SHOW COLUMNS FROM `ao_member` [ RunTime:0.002038s ]
SQL: SELECT * FROM `ao_member` WHERE ( username='admin' ) LIMIT 1   [ RunTime:0.000704s ]

