[ 2013-04-26T12:59:03+08:00 ] ERR: (ThinkException) 无法加载模块:favicon
[ 2013-04-26T12:59:06+08:00 ] 127.0.0.1 /index.php?s=/Member/Register/Step/2
INFO: [ route_check ] --START--
INFO: Run CheckRoute Behavior [ RunTime:0.006322s ]
INFO: [ route_check ] --END-- [ RunTime:0.006722s ]
NOTIC: [2] Wrong parameter count for stripslashes() /media/f/dev/autoorder/ThinkPHP/Lib/Core/App.class.php 第 57 行.
NOTIC: [2] Wrong parameter count for stripslashes() /media/f/dev/autoorder/ThinkPHP/Lib/Core/App.class.php 第 57 行.
NOTIC: [2] Wrong parameter count for stripslashes() /media/f/dev/autoorder/ThinkPHP/Lib/Core/App.class.php 第 57 行.
NOTIC: [2] Wrong parameter count for stripslashes() /media/f/dev/autoorder/ThinkPHP/Lib/Core/App.class.php 第 57 行.
NOTIC: [2] Wrong parameter count for stripslashes() /media/f/dev/autoorder/ThinkPHP/Lib/Core/App.class.php 第 57 行.
NOTIC: [2] htmlentities() expects parameter 2 to be long, string given /media/f/dev/autoorder/ThinkPHP/Lib/Core/App.class.php 第 57 行.
NOTIC: [2] htmlspecialchars() expects parameter 2 to be long, string given /media/f/dev/autoorder/ThinkPHP/Lib/Core/App.class.php 第 57 行.
INFO: [ app_begin ] --START--
INFO: Run ReadHtmlCache Behavior [ RunTime:0.002467s ]
INFO: Run CheckLang Behavior [ RunTime:0.004406s ]
INFO: [ app_begin ] --END-- [ RunTime:0.007288s ]
INFO: [ view_template ] --START--
INFO: Run LocationTemplate Behavior [ RunTime:0.029552s ]
INFO: [ view_template ] --END-- [ RunTime:0.029953s ]
INFO: [ view_parse ] --START--
INFO: Run ParseTemplate Behavior [ RunTime:0.266370s ]
INFO: [ view_parse ] --END-- [ RunTime:0.266657s ]
INFO: [ view_filter ] --START--
INFO: Run ContentReplace Behavior [ RunTime:0.019995s ]
INFO: Run TokenBuild Behavior [ RunTime:0.011529s ]
INFO: Run WriteHtmlCache Behavior [ RunTime:0.008770s ]
INFO: Run ShowRuntime Behavior [ RunTime:0.017109s ]
INFO: [ view_filter ] --END-- [ RunTime:0.057944s ]
INFO: [ view_end ] --START--
INFO: Run ShowPageTrace Behavior [ RunTime:0.012299s ]
INFO: [ view_end ] --END-- [ RunTime:0.012480s ]

[ 2013-04-26T12:59:06+08:00 ] 127.0.0.1 /index.php?s=/Public/Verify
INFO: [ route_check ] --START--
INFO: Run CheckRoute Behavior [ RunTime:0.002762s ]
INFO: [ route_check ] --END-- [ RunTime:0.002993s ]
NOTIC: [2] Wrong parameter count for stripslashes() /media/f/dev/autoorder/ThinkPHP/Lib/Core/App.class.php 第 57 行.
NOTIC: [2] Wrong parameter count for stripslashes() /media/f/dev/autoorder/ThinkPHP/Lib/Core/App.class.php 第 57 行.
INFO: [ app_begin ] --START--
INFO: Run ReadHtmlCache Behavior [ RunTime:0.001624s ]
INFO: Run CheckLang Behavior [ RunTime:0.001876s ]
INFO: [ app_begin ] --END-- [ RunTime:0.003796s ]
NOTIC: [8] Use of undefined constant png - assumed 'png' /media/f/dev/autoorder/Lib/Action/PublicAction.class.php 第 5 行.

[ 2013-04-26T12:59:06+08:00 ] ERR: (ThinkException) 无法加载模块:favicon
[ 2013-04-26T13:02:10+08:00 ] 127.0.0.1 /index.php
INFO: [ app_begin ] --START--
INFO: Run ReadHtmlCache Behavior [ RunTime:0.001724s ]
INFO: Run CheckLang Behavior [ RunTime:0.002061s ]
INFO: [ app_begin ] --END-- [ RunTime:0.004133s ]
INFO: [ view_template ] --START--
INFO: Run LocationTemplate Behavior [ RunTime:0.001592s ]
INFO: [ view_template ] --END-- [ RunTime:0.001789s ]
INFO: [ view_parse ] --START--
INFO: Run ParseTemplate Behavior [ RunTime:0.060065s ]
INFO: [ view_parse ] --END-- [ RunTime:0.060296s ]
INFO: [ view_filter ] --START--
INFO: Run ContentReplace Behavior [ RunTime:0.001554s ]
INFO: Run TokenBuild Behavior [ RunTime:0.001648s ]
INFO: Run WriteHtmlCache Behavior [ RunTime:0.001235s ]
INFO: Run ShowRuntime Behavior [ RunTime:0.001510s ]
INFO: [ view_filter ] --END-- [ RunTime:0.006416s ]
INFO: [ view_end ] --START--
INFO: Run ShowPageTrace Behavior [ RunTime:0.001872s ]
INFO: [ view_end ] --END-- [ RunTime:0.002053s ]

[ 2013-04-26T13:02:10+08:00 ] ERR: (ThinkException) 无法加载模块:favicon
[ 2013-04-26T13:02:28+08:00 ] ERR: (ThinkException) 无法加载模块:favicon
[ 2013-04-26T13:02:41+08:00 ] ERR: (ThinkException) 无法加载模块:favicon
[ 2013-04-26T13:04:13+08:00 ] ERR: (ThinkException) 无法加载模块:favicon
[ 2013-04-26T13:04:53+08:00 ] 127.0.0.1 /index.php?s=/Member/Register/Step/2
INFO: [ route_check ] --START--
INFO: Run CheckRoute Behavior [ RunTime:0.002237s ]
INFO: [ route_check ] --END-- [ RunTime:0.002460s ]
NOTIC: [2] Wrong parameter count for stripslashes() /media/f/dev/autoorder/ThinkPHP/Lib/Core/App.class.php 第 57 行.
NOTIC: [2] Wrong parameter count for stripslashes() /media/f/dev/autoorder/ThinkPHP/Lib/Core/App.class.php 第 57 行.
NOTIC: [2] Wrong parameter count for stripslashes() /media/f/dev/autoorder/ThinkPHP/Lib/Core/App.class.php 第 57 行.
NOTIC: [2] Wrong parameter count for stripslashes() /media/f/dev/autoorder/ThinkPHP/Lib/Core/App.class.php 第 57 行.
NOTIC: [2] Wrong parameter count for stripslashes() /media/f/dev/autoorder/ThinkPHP/Lib/Core/App.class.php 第 57 行.
NOTIC: [2] htmlentities() expects parameter 2 to be long, string given /media/f/dev/autoorder/ThinkPHP/Lib/Core/App.class.php 第 57 行.
NOTIC: [2] htmlspecialchars() expects parameter 2 to be long, string given /media/f/dev/autoorder/ThinkPHP/Lib/Core/App.class.php 第 57 行.
INFO: [ app_begin ] --START--
INFO: Run ReadHtmlCache Behavior [ RunTime:0.001741s ]
INFO: Run CheckLang Behavior [ RunTime:0.002032s ]
INFO: [ app_begin ] --END-- [ RunTime:0.004089s ]
INFO: [ view_template ] --START--
INFO: Run LocationTemplate Behavior [ RunTime:0.004384s ]
INFO: [ view_template ] --END-- [ RunTime:0.004720s ]
INFO: [ view_parse ] --START--
INFO: Run ParseTemplate Behavior [ RunTime:0.034418s ]
INFO: [ view_parse ] --END-- [ RunTime:0.034679s ]
INFO: [ view_filter ] --START--
INFO: Run ContentReplace Behavior [ RunTime:0.001547s ]
INFO: Run TokenBuild Behavior [ RunTime:0.001581s ]
INFO: Run WriteHtmlCache Behavior [ RunTime:0.003247s ]
INFO: Run ShowRuntime Behavior [ RunTime:0.001591s ]
INFO: [ view_filter ] --END-- [ RunTime:0.008452s ]
INFO: [ view_end ] --START--
INFO: Run ShowPageTrace Behavior [ RunTime:0.001880s ]
INFO: [ view_end ] --END-- [ RunTime:0.002049s ]

[ 2013-04-26T13:04:53+08:00 ] 127.0.0.1 /index.php?s=/Public/Verify
INFO: [ route_check ] --START--
INFO: Run CheckRoute Behavior [ RunTime:0.002629s ]
INFO: [ route_check ] --END-- [ RunTime:0.002838s ]
NOTIC: [2] Wrong parameter count for stripslashes() /media/f/dev/autoorder/ThinkPHP/Lib/Core/App.class.php 第 57 行.
NOTIC: [2] Wrong parameter count for stripslashes() /media/f/dev/autoorder/ThinkPHP/Lib/Core/App.class.php 第 57 行.
INFO: [ app_begin ] --START--
INFO: Run ReadHtmlCache Behavior [ RunTime:0.002083s ]
INFO: Run CheckLang Behavior [ RunTime:0.002086s ]
INFO: [ app_begin ] --END-- [ RunTime:0.004463s ]
NOTIC: [8] Use of undefined constant png - assumed 'png' /media/f/dev/autoorder/Lib/Action/PublicAction.class.php 第 5 行.

[ 2013-04-26T13:04:54+08:00 ] ERR: (ThinkException) 无法加载模块:favicon
[ 2013-04-26T13:05:08+08:00 ] 127.0.0.1 /index.php?s=/Member/Register/Step/2
INFO: [ route_check ] --START--
INFO: Run CheckRoute Behavior [ RunTime:0.002223s ]
INFO: [ route_check ] --END-- [ RunTime:0.002443s ]
NOTIC: [2] Wrong parameter count for stripslashes() /media/f/dev/autoorder/ThinkPHP/Lib/Core/App.class.php 第 57 行.
NOTIC: [2] Wrong parameter count for stripslashes() /media/f/dev/autoorder/ThinkPHP/Lib/Core/App.class.php 第 57 行.
NOTIC: [2] Wrong parameter count for stripslashes() /media/f/dev/autoorder/ThinkPHP/Lib/Core/App.class.php 第 57 行.
NOTIC: [2] Wrong parameter count for stripslashes() /media/f/dev/autoorder/ThinkPHP/Lib/Core/App.class.php 第 57 行.
NOTIC: [2] Wrong parameter count for stripslashes() /media/f/dev/autoorder/ThinkPHP/Lib/Core/App.class.php 第 57 行.
NOTIC: [2] htmlentities() expects parameter 2 to be long, string given /media/f/dev/autoorder/ThinkPHP/Lib/Core/App.class.php 第 57 行.
NOTIC: [2] htmlspecialchars() expects parameter 2 to be long, string given /media/f/dev/autoorder/ThinkPHP/Lib/Core/App.class.php 第 57 行.
INFO: [ app_begin ] --START--
INFO: Run ReadHtmlCache Behavior [ RunTime:0.007031s ]
INFO: Run CheckLang Behavior [ RunTime:0.006668s ]
INFO: [ app_begin ] --END-- [ RunTime:0.014073s ]
INFO: [ view_template ] --START--
INFO: Run LocationTemplate Behavior [ RunTime:0.004670s ]
INFO: [ view_template ] --END-- [ RunTime:0.004939s ]
INFO: [ view_parse ] --START--
INFO: Run ParseTemplate Behavior [ RunTime:0.045525s ]
INFO: [ view_parse ] --END-- [ RunTime:0.045770s ]
INFO: [ view_filter ] --START--
INFO: Run ContentReplace Behavior [ RunTime:0.001592s ]
INFO: Run TokenBuild Behavior [ RunTime:0.001666s ]
INFO: Run WriteHtmlCache Behavior [ RunTime:0.002959s ]
INFO: Run ShowRuntime Behavior [ RunTime:0.007285s ]
INFO: [ view_filter ] --END-- [ RunTime:0.014120s ]
INFO: [ view_end ] --START--
INFO: Run ShowPageTrace Behavior [ RunTime:0.003139s ]
INFO: [ view_end ] --END-- [ RunTime:0.003335s ]

[ 2013-04-26T13:05:08+08:00 ] 127.0.0.1 /index.php?s=/Public/Verify
INFO: [ route_check ] --START--
INFO: Run CheckRoute Behavior [ RunTime:0.003393s ]
INFO: [ route_check ] --END-- [ RunTime:0.003603s ]
NOTIC: [2] Wrong parameter count for stripslashes() /media/f/dev/autoorder/ThinkPHP/Lib/Core/App.class.php 第 57 行.
NOTIC: [2] Wrong parameter count for stripslashes() /media/f/dev/autoorder/ThinkPHP/Lib/Core/App.class.php 第 57 行.
INFO: [ app_begin ] --START--
INFO: Run ReadHtmlCache Behavior [ RunTime:0.005681s ]
INFO: Run CheckLang Behavior [ RunTime:0.002025s ]
INFO: [ app_begin ] --END-- [ RunTime:0.007987s ]
NOTIC: [8] Use of undefined constant png - assumed 'png' /media/f/dev/autoorder/Lib/Action/PublicAction.class.php 第 5 行.

[ 2013-04-26T13:05:08+08:00 ] ERR: (ThinkException) 无法加载模块:favicon
[ 2013-04-26T13:07:28+08:00 ] 127.0.0.1 /index.php?s=/Member/Register/Step/2
INFO: [ route_check ] --START--
INFO: Run CheckRoute Behavior [ RunTime:0.006564s ]
INFO: [ route_check ] --END-- [ RunTime:0.006804s ]
NOTIC: [2] Wrong parameter count for stripslashes() /media/f/dev/autoorder/ThinkPHP/Lib/Core/App.class.php 第 57 行.
NOTIC: [2] Wrong parameter count for stripslashes() /media/f/dev/autoorder/ThinkPHP/Lib/Core/App.class.php 第 57 行.
NOTIC: [2] Wrong parameter count for stripslashes() /media/f/dev/autoorder/ThinkPHP/Lib/Core/App.class.php 第 57 行.
NOTIC: [2] Wrong parameter count for stripslashes() /media/f/dev/autoorder/ThinkPHP/Lib/Core/App.class.php 第 57 行.
NOTIC: [2] Wrong parameter count for stripslashes() /media/f/dev/autoorder/ThinkPHP/Lib/Core/App.class.php 第 57 行.
NOTIC: [2] htmlentities() expects parameter 2 to be long, string given /media/f/dev/autoorder/ThinkPHP/Lib/Core/App.class.php 第 57 行.
NOTIC: [2] htmlspecialchars() expects parameter 2 to be long, string given /media/f/dev/autoorder/ThinkPHP/Lib/Core/App.class.php 第 57 行.
INFO: [ app_begin ] --START--
INFO: Run ReadHtmlCache Behavior [ RunTime:0.001683s ]
INFO: Run CheckLang Behavior [ RunTime:0.002042s ]
INFO: [ app_begin ] --END-- [ RunTime:0.003997s ]
INFO: [ view_template ] --START--
INFO: Run LocationTemplate Behavior [ RunTime:0.003150s ]
INFO: [ view_template ] --END-- [ RunTime:0.003341s ]
INFO: [ view_parse ] --START--
INFO: Run ParseTemplate Behavior [ RunTime:0.037506s ]
INFO: [ view_parse ] --END-- [ RunTime:0.037698s ]
INFO: [ view_filter ] --START--
INFO: Run ContentReplace Behavior [ RunTime:0.002139s ]
INFO: Run TokenBuild Behavior [ RunTime:0.002399s ]
INFO: Run WriteHtmlCache Behavior [ RunTime:0.001513s ]
INFO: Run ShowRuntime Behavior [ RunTime:0.001798s ]
INFO: [ view_filter ] --END-- [ RunTime:0.008382s ]
INFO: [ view_end ] --START--
INFO: Run ShowPageTrace Behavior [ RunTime:0.002114s ]
INFO: [ view_end ] --END-- [ RunTime:0.002302s ]

[ 2013-04-26T13:07:28+08:00 ] 127.0.0.1 /index.php?s=/Public/Verify
INFO: [ route_check ] --START--
INFO: Run CheckRoute Behavior [ RunTime:0.002517s ]
INFO: [ route_check ] --END-- [ RunTime:0.002735s ]
NOTIC: [2] Wrong parameter count for stripslashes() /media/f/dev/autoorder/ThinkPHP/Lib/Core/App.class.php 第 57 行.
NOTIC: [2] Wrong parameter count for stripslashes() /media/f/dev/autoorder/ThinkPHP/Lib/Core/App.class.php 第 57 行.
INFO: [ app_begin ] --START--
INFO: Run ReadHtmlCache Behavior [ RunTime:0.001637s ]
INFO: Run CheckLang Behavior [ RunTime:0.005070s ]
INFO: [ app_begin ] --END-- [ RunTime:0.007040s ]
NOTIC: [8] Use of undefined constant png - assumed 'png' /media/f/dev/autoorder/Lib/Action/PublicAction.class.php 第 5 行.

[ 2013-04-26T13:07:28+08:00 ] ERR: (ThinkException) 无法加载模块:favicon
[ 2013-04-26T13:08:16+08:00 ] 127.0.0.1 /index.php?s=/Member/Register/Step/2
INFO: [ route_check ] --START--
INFO: Run CheckRoute Behavior [ RunTime:0.009631s ]
INFO: [ route_check ] --END-- [ RunTime:0.009863s ]
NOTIC: [2] Wrong parameter count for stripslashes() /media/f/dev/autoorder/ThinkPHP/Lib/Core/App.class.php 第 57 行.
NOTIC: [2] Wrong parameter count for stripslashes() /media/f/dev/autoorder/ThinkPHP/Lib/Core/App.class.php 第 57 行.
NOTIC: [2] Wrong parameter count for stripslashes() /media/f/dev/autoorder/ThinkPHP/Lib/Core/App.class.php 第 57 行.
NOTIC: [2] Wrong parameter count for stripslashes() /media/f/dev/autoorder/ThinkPHP/Lib/Core/App.class.php 第 57 行.
NOTIC: [2] Wrong parameter count for stripslashes() /media/f/dev/autoorder/ThinkPHP/Lib/Core/App.class.php 第 57 行.
NOTIC: [2] htmlentities() expects parameter 2 to be long, string given /media/f/dev/autoorder/ThinkPHP/Lib/Core/App.class.php 第 57 行.
NOTIC: [2] htmlspecialchars() expects parameter 2 to be long, string given /media/f/dev/autoorder/ThinkPHP/Lib/Core/App.class.php 第 57 行.
INFO: [ app_begin ] --START--
INFO: Run ReadHtmlCache Behavior [ RunTime:0.009603s ]
INFO: Run CheckLang Behavior [ RunTime:0.004190s ]
INFO: [ app_begin ] --END-- [ RunTime:0.014317s ]
INFO: [ view_template ] --START--
INFO: Run LocationTemplate Behavior [ RunTime:0.005966s ]
INFO: [ view_template ] --END-- [ RunTime:0.006446s ]
INFO: [ view_parse ] --START--
INFO: Run ParseTemplate Behavior [ RunTime:0.042657s ]
INFO: [ view_parse ] --END-- [ RunTime:0.042867s ]
INFO: [ view_filter ] --START--
INFO: Run ContentReplace Behavior [ RunTime:0.006551s ]
INFO: Run TokenBuild Behavior [ RunTime:0.003861s ]
INFO: Run WriteHtmlCache Behavior [ RunTime:0.004979s ]
INFO: Run ShowRuntime Behavior [ RunTime:0.013654s ]
INFO: [ view_filter ] --END-- [ RunTime:0.029624s ]
INFO: [ view_end ] --START--
INFO: Run ShowPageTrace Behavior [ RunTime:0.002587s ]
INFO: [ view_end ] --END-- [ RunTime:0.002753s ]

[ 2013-04-26T13:08:16+08:00 ] 127.0.0.1 /index.php?s=/Public/Verify
INFO: [ route_check ] --START--
INFO: Run CheckRoute Behavior [ RunTime:0.005400s ]
INFO: [ route_check ] --END-- [ RunTime:0.005620s ]
NOTIC: [2] Wrong parameter count for stripslashes() /media/f/dev/autoorder/ThinkPHP/Lib/Core/App.class.php 第 57 行.
NOTIC: [2] Wrong parameter count for stripslashes() /media/f/dev/autoorder/ThinkPHP/Lib/Core/App.class.php 第 57 行.
INFO: [ app_begin ] --START--
INFO: Run ReadHtmlCache Behavior [ RunTime:0.003815s ]
INFO: Run CheckLang Behavior [ RunTime:0.001946s ]
INFO: [ app_begin ] --END-- [ RunTime:0.006131s ]
NOTIC: [8] Use of undefined constant png - assumed 'png' /media/f/dev/autoorder/Lib/Action/PublicAction.class.php 第 5 行.

[ 2013-04-26T13:08:16+08:00 ] ERR: (ThinkException) 无法加载模块:favicon
[ 2013-04-26T13:09:07+08:00 ] 127.0.0.1 /index.php?s=/Member/Register/Step/2
INFO: [ route_check ] --START--
INFO: Run CheckRoute Behavior [ RunTime:0.001907s ]
INFO: [ route_check ] --END-- [ RunTime:0.002169s ]
NOTIC: [2] Wrong parameter count for stripslashes() /media/f/dev/autoorder/ThinkPHP/Lib/Core/App.class.php 第 57 行.
NOTIC: [2] Wrong parameter count for stripslashes() /media/f/dev/autoorder/ThinkPHP/Lib/Core/App.class.php 第 57 行.
NOTIC: [2] Wrong parameter count for stripslashes() /media/f/dev/autoorder/ThinkPHP/Lib/Core/App.class.php 第 57 行.
NOTIC: [2] Wrong parameter count for stripslashes() /media/f/dev/autoorder/ThinkPHP/Lib/Core/App.class.php 第 57 行.
NOTIC: [2] Wrong parameter count for stripslashes() /media/f/dev/autoorder/ThinkPHP/Lib/Core/App.class.php 第 57 行.
NOTIC: [2] htmlentities() expects parameter 2 to be long, string given /media/f/dev/autoorder/ThinkPHP/Lib/Core/App.class.php 第 57 行.
NOTIC: [2] htmlspecialchars() expects parameter 2 to be long, string given /media/f/dev/autoorder/ThinkPHP/Lib/Core/App.class.php 第 57 行.
INFO: [ app_begin ] --START--
INFO: Run ReadHtmlCache Behavior [ RunTime:0.002035s ]
INFO: Run CheckLang Behavior [ RunTime:0.009942s ]
INFO: [ app_begin ] --END-- [ RunTime:0.012358s ]
INFO: [ view_template ] --START--
INFO: Run LocationTemplate Behavior [ RunTime:0.004099s ]
INFO: [ view_template ] --END-- [ RunTime:0.004464s ]
INFO: [ view_parse ] --START--
INFO: Run ParseTemplate Behavior [ RunTime:0.046787s ]
INFO: [ view_parse ] --END-- [ RunTime:0.047050s ]
INFO: [ view_filter ] --START--
INFO: Run ContentReplace Behavior [ RunTime:0.005986s ]
INFO: Run TokenBuild Behavior [ RunTime:0.003389s ]
INFO: Run WriteHtmlCache Behavior [ RunTime:0.003053s ]
INFO: Run ShowRuntime Behavior [ RunTime:0.003679s ]
INFO: [ view_filter ] --END-- [ RunTime:0.016685s ]
INFO: [ view_end ] --START--
INFO: Run ShowPageTrace Behavior [ RunTime:0.004582s ]
INFO: [ view_end ] --END-- [ RunTime:0.004809s ]

[ 2013-04-26T13:09:07+08:00 ] 127.0.0.1 /index.php?s=/Public/Verify
INFO: [ route_check ] --START--
INFO: Run CheckRoute Behavior [ RunTime:0.001762s ]
INFO: [ route_check ] --END-- [ RunTime:0.001963s ]
NOTIC: [2] Wrong parameter count for stripslashes() /media/f/dev/autoorder/ThinkPHP/Lib/Core/App.class.php 第 57 行.
NOTIC: [2] Wrong parameter count for stripslashes() /media/f/dev/autoorder/ThinkPHP/Lib/Core/App.class.php 第 57 行.
INFO: [ app_begin ] --START--
INFO: Run ReadHtmlCache Behavior [ RunTime:0.001454s ]
INFO: Run CheckLang Behavior [ RunTime:0.001844s ]
INFO: [ app_begin ] --END-- [ RunTime:0.003568s ]
NOTIC: [8] Use of undefined constant png - assumed 'png' /media/f/dev/autoorder/Lib/Action/PublicAction.class.php 第 5 行.

[ 2013-04-26T13:09:08+08:00 ] ERR: (ThinkException) 无法加载模块:favicon
[ 2013-04-26T13:09:13+08:00 ] ERR: (ThinkException) 无法加载模块:favicon
[ 2013-04-26T13:10:20+08:00 ] 127.0.0.1 /index.php?s=/Member/Register/Step/2
INFO: [ route_check ] --START--
INFO: Run CheckRoute Behavior [ RunTime:0.002584s ]
INFO: [ route_check ] --END-- [ RunTime:0.002813s ]
NOTIC: [2] Wrong parameter count for stripslashes() /media/f/dev/autoorder/ThinkPHP/Lib/Core/App.class.php 第 57 行.
NOTIC: [2] Wrong parameter count for stripslashes() /media/f/dev/autoorder/ThinkPHP/Lib/Core/App.class.php 第 57 行.
NOTIC: [2] Wrong parameter count for stripslashes() /media/f/dev/autoorder/ThinkPHP/Lib/Core/App.class.php 第 57 行.
NOTIC: [2] Wrong parameter count for stripslashes() /media/f/dev/autoorder/ThinkPHP/Lib/Core/App.class.php 第 57 行.
NOTIC: [2] Wrong parameter count for stripslashes() /media/f/dev/autoorder/ThinkPHP/Lib/Core/App.class.php 第 57 行.
NOTIC: [2] htmlentities() expects parameter 2 to be long, string given /media/f/dev/autoorder/ThinkPHP/Lib/Core/App.class.php 第 57 行.
NOTIC: [2] htmlspecialchars() expects parameter 2 to be long, string given /media/f/dev/autoorder/ThinkPHP/Lib/Core/App.class.php 第 57 行.
INFO: [ app_begin ] --START--
INFO: Run ReadHtmlCache Behavior [ RunTime:0.005121s ]
INFO: Run CheckLang Behavior [ RunTime:0.002234s ]
INFO: [ app_begin ] --END-- [ RunTime:0.007651s ]
INFO: [ view_template ] --START--
INFO: Run LocationTemplate Behavior [ RunTime:0.001728s ]
INFO: [ view_template ] --END-- [ RunTime:0.001912s ]
INFO: [ view_parse ] --START--
INFO: Run ParseTemplate Behavior [ RunTime:0.033594s ]
INFO: [ view_parse ] --END-- [ RunTime:0.033790s ]
INFO: [ view_filter ] --START--
INFO: Run ContentReplace Behavior [ RunTime:0.002010s ]
INFO: Run TokenBuild Behavior [ RunTime:0.002981s ]
INFO: Run WriteHtmlCache Behavior [ RunTime:0.001198s ]
INFO: Run ShowRuntime Behavior [ RunTime:0.001648s ]
INFO: [ view_filter ] --END-- [ RunTime:0.008334s ]
INFO: [ view_end ] --START--
INFO: Run ShowPageTrace Behavior [ RunTime:0.001821s ]
INFO: [ view_end ] --END-- [ RunTime:0.001983s ]

[ 2013-04-26T13:10:20+08:00 ] 127.0.0.1 /index.php?s=/Public/Verify
INFO: [ route_check ] --START--
INFO: Run CheckRoute Behavior [ RunTime:0.002302s ]
INFO: [ route_check ] --END-- [ RunTime:0.002519s ]
NOTIC: [2] Wrong parameter count for stripslashes() /media/f/dev/autoorder/ThinkPHP/Lib/Core/App.class.php 第 57 行.
NOTIC: [2] Wrong parameter count for stripslashes() /media/f/dev/autoorder/ThinkPHP/Lib/Core/App.class.php 第 57 行.
INFO: [ app_begin ] --START--
INFO: Run ReadHtmlCache Behavior [ RunTime:0.001663s ]
INFO: Run CheckLang Behavior [ RunTime:0.001872s ]
INFO: [ app_begin ] --END-- [ RunTime:0.003846s ]
NOTIC: [8] Use of undefined constant png - assumed 'png' /media/f/dev/autoorder/Lib/Action/PublicAction.class.php 第 5 行.

[ 2013-04-26T13:10:20+08:00 ] ERR: (ThinkException) 无法加载模块:favicon
[ 2013-04-26T13:10:50+08:00 ] 127.0.0.1 /index.php?s=/Member/Register/Step/2
INFO: [ route_check ] --START--
INFO: Run CheckRoute Behavior [ RunTime:0.002634s ]
INFO: [ route_check ] --END-- [ RunTime:0.002844s ]
NOTIC: [2] Wrong parameter count for stripslashes() /media/f/dev/autoorder/ThinkPHP/Lib/Core/App.class.php 第 57 行.
NOTIC: [2] Wrong parameter count for stripslashes() /media/f/dev/autoorder/ThinkPHP/Lib/Core/App.class.php 第 57 行.
NOTIC: [2] Wrong parameter count for stripslashes() /media/f/dev/autoorder/ThinkPHP/Lib/Core/App.class.php 第 57 行.
NOTIC: [2] Wrong parameter count for stripslashes() /media/f/dev/autoorder/ThinkPHP/Lib/Core/App.class.php 第 57 行.
NOTIC: [2] Wrong parameter count for stripslashes() /media/f/dev/autoorder/ThinkPHP/Lib/Core/App.class.php 第 57 行.
NOTIC: [2] htmlentities() expects parameter 2 to be long, string given /media/f/dev/autoorder/ThinkPHP/Lib/Core/App.class.php 第 57 行.
NOTIC: [2] htmlspecialchars() expects parameter 2 to be long, string given /media/f/dev/autoorder/ThinkPHP/Lib/Core/App.class.php 第 57 行.
INFO: [ app_begin ] --START--
INFO: Run ReadHtmlCache Behavior [ RunTime:0.001642s ]
INFO: Run CheckLang Behavior [ RunTime:0.001997s ]
INFO: [ app_begin ] --END-- [ RunTime:0.003924s ]
INFO: [ view_template ] --START--
INFO: Run LocationTemplate Behavior [ RunTime:0.001809s ]
INFO: [ view_template ] --END-- [ RunTime:0.002002s ]
INFO: [ view_parse ] --START--
INFO: Run ParseTemplate Behavior [ RunTime:0.072219s ]
INFO: [ view_parse ] --END-- [ RunTime:0.072406s ]
INFO: [ view_filter ] --START--
INFO: Run ContentReplace Behavior [ RunTime:0.001482s ]
INFO: Run TokenBuild Behavior [ RunTime:0.001604s ]
INFO: Run WriteHtmlCache Behavior [ RunTime:0.001204s ]
INFO: Run ShowRuntime Behavior [ RunTime:0.001540s ]
INFO: [ view_filter ] --END-- [ RunTime:0.006307s ]
INFO: [ view_end ] --START--
INFO: Run ShowPageTrace Behavior [ RunTime:0.001927s ]
INFO: [ view_end ] --END-- [ RunTime:0.002093s ]

[ 2013-04-26T13:10:50+08:00 ] 127.0.0.1 /index.php?s=/Public/Verify
INFO: [ route_check ] --START--
INFO: Run CheckRoute Behavior [ RunTime:0.002077s ]
INFO: [ route_check ] --END-- [ RunTime:0.002289s ]
NOTIC: [2] Wrong parameter count for stripslashes() /media/f/dev/autoorder/ThinkPHP/Lib/Core/App.class.php 第 57 行.
NOTIC: [2] Wrong parameter count for stripslashes() /media/f/dev/autoorder/ThinkPHP/Lib/Core/App.class.php 第 57 行.
INFO: [ app_begin ] --START--
INFO: Run ReadHtmlCache Behavior [ RunTime:0.001608s ]
INFO: Run CheckLang Behavior [ RunTime:0.001984s ]
INFO: [ app_begin ] --END-- [ RunTime:0.003917s ]
NOTIC: [8] Use of undefined constant png - assumed 'png' /media/f/dev/autoorder/Lib/Action/PublicAction.class.php 第 5 行.

[ 2013-04-26T13:10:51+08:00 ] ERR: (ThinkException) 无法加载模块:favicon
[ 2013-04-26T13:11:10+08:00 ] 127.0.0.1 /index.php?s=/Member/Register/Step/2
INFO: [ route_check ] --START--
INFO: Run CheckRoute Behavior [ RunTime:0.001871s ]
INFO: [ route_check ] --END-- [ RunTime:0.002079s ]
NOTIC: [2] Wrong parameter count for stripslashes() /media/f/dev/autoorder/ThinkPHP/Lib/Core/App.class.php 第 57 行.
NOTIC: [2] Wrong parameter count for stripslashes() /media/f/dev/autoorder/ThinkPHP/Lib/Core/App.class.php 第 57 行.
NOTIC: [2] Wrong parameter count for stripslashes() /media/f/dev/autoorder/ThinkPHP/Lib/Core/App.class.php 第 57 行.
NOTIC: [2] Wrong parameter count for stripslashes() /media/f/dev/autoorder/ThinkPHP/Lib/Core/App.class.php 第 57 行.
NOTIC: [2] Wrong parameter count for stripslashes() /media/f/dev/autoorder/ThinkPHP/Lib/Core/App.class.php 第 57 行.
NOTIC: [2] htmlentities() expects parameter 2 to be long, string given /media/f/dev/autoorder/ThinkPHP/Lib/Core/App.class.php 第 57 行.
NOTIC: [2] htmlspecialchars() expects parameter 2 to be long, string given /media/f/dev/autoorder/ThinkPHP/Lib/Core/App.class.php 第 57 行.
INFO: [ app_begin ] --START--
INFO: Run ReadHtmlCache Behavior [ RunTime:0.001553s ]
INFO: Run CheckLang Behavior [ RunTime:0.001974s ]
INFO: [ app_begin ] --END-- [ RunTime:0.003826s ]
INFO: [ view_template ] --START--
INFO: Run LocationTemplate Behavior [ RunTime:0.001721s ]
INFO: [ view_template ] --END-- [ RunTime:0.001926s ]
INFO: [ view_parse ] --START--
INFO: Run ParseTemplate Behavior [ RunTime:0.049311s ]
INFO: [ view_parse ] --END-- [ RunTime:0.049512s ]
INFO: [ view_filter ] --START--
INFO: Run ContentReplace Behavior [ RunTime:0.001497s ]
INFO: Run TokenBuild Behavior [ RunTime:0.002736s ]
INFO: Run WriteHtmlCache Behavior [ RunTime:0.001190s ]
INFO: Run ShowRuntime Behavior [ RunTime:0.001614s ]
INFO: [ view_filter ] --END-- [ RunTime:0.007512s ]
INFO: [ view_end ] --START--
INFO: Run ShowPageTrace Behavior [ RunTime:0.001864s ]
INFO: [ view_end ] --END-- [ RunTime:0.002032s ]

[ 2013-04-26T13:11:10+08:00 ] 127.0.0.1 /index.php?s=/Public/Verify
INFO: [ route_check ] --START--
INFO: Run CheckRoute Behavior [ RunTime:0.004391s ]
INFO: [ route_check ] --END-- [ RunTime:0.005454s ]
NOTIC: [2] Wrong parameter count for stripslashes() /media/f/dev/autoorder/ThinkPHP/Lib/Core/App.class.php 第 57 行.
NOTIC: [2] Wrong parameter count for stripslashes() /media/f/dev/autoorder/ThinkPHP/Lib/Core/App.class.php 第 57 行.
INFO: [ app_begin ] --START--
INFO: Run ReadHtmlCache Behavior [ RunTime:0.001492s ]
INFO: Run CheckLang Behavior [ RunTime:0.001836s ]
INFO: [ app_begin ] --END-- [ RunTime:0.003600s ]
NOTIC: [8] Use of undefined constant png - assumed 'png' /media/f/dev/autoorder/Lib/Action/PublicAction.class.php 第 5 行.

[ 2013-04-26T13:11:11+08:00 ] ERR: (ThinkException) 无法加载模块:favicon
[ 2013-04-26T13:11:15+08:00 ] 127.0.0.1 /index.php?s=/Member/Register/Step/2
INFO: [ route_check ] --START--
INFO: Run CheckRoute Behavior [ RunTime:0.006418s ]
INFO: [ route_check ] --END-- [ RunTime:0.006765s ]
NOTIC: [2] Wrong parameter count for stripslashes() /media/f/dev/autoorder/ThinkPHP/Lib/Core/App.class.php 第 57 行.
NOTIC: [2] Wrong parameter count for stripslashes() /media/f/dev/autoorder/ThinkPHP/Lib/Core/App.class.php 第 57 行.
NOTIC: [2] Wrong parameter count for stripslashes() /media/f/dev/autoorder/ThinkPHP/Lib/Core/App.class.php 第 57 行.
NOTIC: [2] Wrong parameter count for stripslashes() /media/f/dev/autoorder/ThinkPHP/Lib/Core/App.class.php 第 57 行.
NOTIC: [2] Wrong parameter count for stripslashes() /media/f/dev/autoorder/ThinkPHP/Lib/Core/App.class.php 第 57 行.
NOTIC: [2] htmlentities() expects parameter 2 to be long, string given /media/f/dev/autoorder/ThinkPHP/Lib/Core/App.class.php 第 57 行.
NOTIC: [2] htmlspecialchars() expects parameter 2 to be long, string given /media/f/dev/autoorder/ThinkPHP/Lib/Core/App.class.php 第 57 行.
INFO: [ app_begin ] --START--
INFO: Run ReadHtmlCache Behavior [ RunTime:0.001561s ]
INFO: Run CheckLang Behavior [ RunTime:0.004576s ]
INFO: [ app_begin ] --END-- [ RunTime:0.006463s ]
INFO: [ view_template ] --START--
INFO: Run LocationTemplate Behavior [ RunTime:0.001721s ]
INFO: [ view_template ] --END-- [ RunTime:0.001931s ]
INFO: [ view_parse ] --START--
INFO: Run ParseTemplate Behavior [ RunTime:0.074514s ]
INFO: [ view_parse ] --END-- [ RunTime:0.074718s ]
INFO: [ view_filter ] --START--
INFO: Run ContentReplace Behavior [ RunTime:0.001836s ]
INFO: Run TokenBuild Behavior [ RunTime:0.001552s ]
INFO: Run WriteHtmlCache Behavior [ RunTime:0.005396s ]
INFO: Run ShowRuntime Behavior [ RunTime:0.001629s ]
INFO: [ view_filter ] --END-- [ RunTime:0.010913s ]
INFO: [ view_end ] --START--
INFO: Run ShowPageTrace Behavior [ RunTime:0.001806s ]
INFO: [ view_end ] --END-- [ RunTime:0.001971s ]

[ 2013-04-26T13:11:15+08:00 ] 127.0.0.1 /index.php?s=/Public/Verify
INFO: [ route_check ] --START--
INFO: Run CheckRoute Behavior [ RunTime:0.007388s ]
INFO: [ route_check ] --END-- [ RunTime:0.007597s ]
NOTIC: [2] Wrong parameter count for stripslashes() /media/f/dev/autoorder/ThinkPHP/Lib/Core/App.class.php 第 57 行.
NOTIC: [2] Wrong parameter count for stripslashes() /media/f/dev/autoorder/ThinkPHP/Lib/Core/App.class.php 第 57 行.
INFO: [ app_begin ] --START--
INFO: Run ReadHtmlCache Behavior [ RunTime:0.001406s ]
INFO: Run CheckLang Behavior [ RunTime:0.001885s ]
INFO: [ app_begin ] --END-- [ RunTime:0.003554s ]
NOTIC: [8] Use of undefined constant png - assumed 'png' /media/f/dev/autoorder/Lib/Action/PublicAction.class.php 第 5 行.

[ 2013-04-26T13:11:16+08:00 ] ERR: (ThinkException) 无法加载模块:favicon
