[ 2013-04-12T21:47:22+08:00 ] 127.0.0.1 /autoorder/
INFO: [ app_begin ] --START--
INFO: Run ReadHtmlCache Behavior [ RunTime:0.002254s ]
INFO: [ app_begin ] --END-- [ RunTime:0.002476s ]
INFO: [ view_parse ] --START--
INFO: Run ParseTemplate Behavior [ RunTime:0.016919s ]
INFO: [ view_parse ] --END-- [ RunTime:0.017137s ]
INFO: [ view_filter ] --START--
INFO: Run ContentReplace Behavior [ RunTime:0.001446s ]
INFO: Run TokenBuild Behavior [ RunTime:0.001760s ]
INFO: Run WriteHtmlCache Behavior [ RunTime:0.001281s ]
INFO: Run ShowRuntime Behavior [ RunTime:0.001569s ]
INFO: [ view_filter ] --END-- [ RunTime:0.006542s ]
INFO: [ view_end ] --START--
INFO: Run ShowPageTrace Behavior [ RunTime:0.001967s ]
INFO: [ view_end ] --END-- [ RunTime:0.002141s ]

[ 2013-04-12T21:47:24+08:00 ] 127.0.0.1 /autoorder/
INFO: [ app_begin ] --START--
INFO: Run ReadHtmlCache Behavior [ RunTime:0.003572s ]
INFO: [ app_begin ] --END-- [ RunTime:0.003817s ]
INFO: [ view_parse ] --START--
INFO: Run ParseTemplate Behavior [ RunTime:0.004750s ]
INFO: [ view_parse ] --END-- [ RunTime:0.005007s ]
INFO: [ view_filter ] --START--
INFO: Run ContentReplace Behavior [ RunTime:0.001527s ]
INFO: Run TokenBuild Behavior [ RunTime:0.001515s ]
INFO: Run WriteHtmlCache Behavior [ RunTime:0.001238s ]
INFO: Run ShowRuntime Behavior [ RunTime:0.002633s ]
INFO: [ view_filter ] --END-- [ RunTime:0.007439s ]
INFO: [ view_end ] --START--
INFO: Run ShowPageTrace Behavior [ RunTime:0.002163s ]
INFO: [ view_end ] --END-- [ RunTime:0.002355s ]

[ 2013-04-12T14:28:13+08:00 ] 127.0.0.1 /autoorder/
INFO: [ app_begin ] --START--
INFO: Run ReadHtmlCache Behavior [ RunTime:0.039062s ]
INFO: [ app_begin ] --END-- [ RunTime:0.039596s ]
INFO: [ view_parse ] --START--
INFO: Run ParseTemplate Behavior [ RunTime:0.023901s ]
INFO: [ view_parse ] --END-- [ RunTime:0.024277s ]
INFO: [ view_filter ] --START--
INFO: Run ContentReplace Behavior [ RunTime:0.018533s ]
INFO: Run TokenBuild Behavior [ RunTime:0.015059s ]
INFO: Run WriteHtmlCache Behavior [ RunTime:0.013973s ]
INFO: Run ShowRuntime Behavior [ RunTime:0.007202s ]
INFO: [ view_filter ] --END-- [ RunTime:0.055647s ]
INFO: [ view_end ] --START--
INFO: Run ShowPageTrace Behavior [ RunTime:0.012577s ]
INFO: [ view_end ] --END-- [ RunTime:0.012885s ]

[ 2013-04-12T14:37:38+08:00 ] 127.0.0.1 /autoorder/
INFO: [ app_begin ] --START--
INFO: Run ReadHtmlCache Behavior [ RunTime:0.002989s ]
INFO: [ app_begin ] --END-- [ RunTime:0.003367s ]
INFO: [ view_parse ] --START--
INFO: Run ParseTemplate Behavior [ RunTime:0.008745s ]
INFO: [ view_parse ] --END-- [ RunTime:0.009021s ]
INFO: [ view_filter ] --START--
INFO: Run ContentReplace Behavior [ RunTime:0.001283s ]
INFO: Run TokenBuild Behavior [ RunTime:0.001312s ]
INFO: Run WriteHtmlCache Behavior [ RunTime:0.001060s ]
INFO: Run ShowRuntime Behavior [ RunTime:0.001405s ]
INFO: [ view_filter ] --END-- [ RunTime:0.005503s ]
INFO: [ view_end ] --START--
INFO: Run ShowPageTrace Behavior [ RunTime:0.001744s ]
INFO: [ view_end ] --END-- [ RunTime:0.001902s ]

[ 2013-04-12T14:37:42+08:00 ] 127.0.0.1 /autoorder/
INFO: [ app_begin ] --START--
INFO: Run ReadHtmlCache Behavior [ RunTime:0.002623s ]
INFO: [ app_begin ] --END-- [ RunTime:0.002861s ]
INFO: [ view_parse ] --START--
INFO: Run ParseTemplate Behavior [ RunTime:0.006407s ]
INFO: [ view_parse ] --END-- [ RunTime:0.006622s ]
INFO: [ view_filter ] --START--
INFO: Run ContentReplace Behavior [ RunTime:0.002610s ]
INFO: Run TokenBuild Behavior [ RunTime:0.003764s ]
INFO: Run WriteHtmlCache Behavior [ RunTime:0.005127s ]
INFO: Run ShowRuntime Behavior [ RunTime:0.004217s ]
INFO: [ view_filter ] --END-- [ RunTime:0.016354s ]
INFO: [ view_end ] --START--
INFO: Run ShowPageTrace Behavior [ RunTime:0.003101s ]
INFO: [ view_end ] --END-- [ RunTime:0.003377s ]

[ 2013-04-12T14:40:56+08:00 ] 127.0.0.1 /
INFO: [ app_begin ] --START--
INFO: Run ReadHtmlCache Behavior [ RunTime:0.003936s ]
INFO: [ app_begin ] --END-- [ RunTime:0.004170s ]
INFO: [ view_parse ] --START--
INFO: Run ParseTemplate Behavior [ RunTime:0.003261s ]
INFO: [ view_parse ] --END-- [ RunTime:0.003494s ]
INFO: [ view_filter ] --START--
INFO: Run ContentReplace Behavior [ RunTime:0.001319s ]
INFO: Run TokenBuild Behavior [ RunTime:0.001315s ]
INFO: Run WriteHtmlCache Behavior [ RunTime:0.001161s ]
INFO: Run ShowRuntime Behavior [ RunTime:0.001433s ]
INFO: [ view_filter ] --END-- [ RunTime:0.005669s ]
INFO: [ view_end ] --START--
INFO: Run ShowPageTrace Behavior [ RunTime:0.001752s ]
INFO: [ view_end ] --END-- [ RunTime:0.001957s ]

[ 2013-04-12T14:40:58+08:00 ] 127.0.0.1 /
INFO: [ app_begin ] --START--
INFO: Run ReadHtmlCache Behavior [ RunTime:0.004693s ]
INFO: [ app_begin ] --END-- [ RunTime:0.005000s ]
INFO: [ view_parse ] --START--
INFO: Run ParseTemplate Behavior [ RunTime:0.007626s ]
INFO: [ view_parse ] --END-- [ RunTime:0.007860s ]
INFO: [ view_filter ] --START--
INFO: Run ContentReplace Behavior [ RunTime:0.001620s ]
INFO: Run TokenBuild Behavior [ RunTime:0.003505s ]
INFO: Run WriteHtmlCache Behavior [ RunTime:0.001444s ]
INFO: Run ShowRuntime Behavior [ RunTime:0.004079s ]
INFO: [ view_filter ] --END-- [ RunTime:0.011249s ]
INFO: [ view_end ] --START--
INFO: Run ShowPageTrace Behavior [ RunTime:0.002196s ]
INFO: [ view_end ] --END-- [ RunTime:0.002390s ]

[ 2013-04-12T14:40:59+08:00 ] 127.0.0.1 /
INFO: [ app_begin ] --START--
INFO: Run ReadHtmlCache Behavior [ RunTime:0.001588s ]
INFO: [ app_begin ] --END-- [ RunTime:0.001852s ]
INFO: [ view_parse ] --START--
INFO: Run ParseTemplate Behavior [ RunTime:0.003433s ]
INFO: [ view_parse ] --END-- [ RunTime:0.003664s ]
INFO: [ view_filter ] --START--
INFO: Run ContentReplace Behavior [ RunTime:0.003930s ]
INFO: Run TokenBuild Behavior [ RunTime:0.002655s ]
INFO: Run WriteHtmlCache Behavior [ RunTime:0.006079s ]
INFO: Run ShowRuntime Behavior [ RunTime:0.001773s ]
INFO: [ view_filter ] --END-- [ RunTime:0.014985s ]
INFO: [ view_end ] --START--
INFO: Run ShowPageTrace Behavior [ RunTime:0.002133s ]
INFO: [ view_end ] --END-- [ RunTime:0.002323s ]

[ 2013-04-12T14:41:00+08:00 ] 127.0.0.1 /
INFO: [ app_begin ] --START--
INFO: Run ReadHtmlCache Behavior [ RunTime:0.001683s ]
INFO: [ app_begin ] --END-- [ RunTime:0.001878s ]
INFO: [ view_parse ] --START--
INFO: Run ParseTemplate Behavior [ RunTime:0.010324s ]
INFO: [ view_parse ] --END-- [ RunTime:0.010565s ]
INFO: [ view_filter ] --START--
INFO: Run ContentReplace Behavior [ RunTime:0.001734s ]
INFO: Run TokenBuild Behavior [ RunTime:0.001616s ]
INFO: Run WriteHtmlCache Behavior [ RunTime:0.001284s ]
INFO: Run ShowRuntime Behavior [ RunTime:0.001742s ]
INFO: [ view_filter ] --END-- [ RunTime:0.006915s ]
INFO: [ view_end ] --START--
INFO: Run ShowPageTrace Behavior [ RunTime:0.002631s ]
INFO: [ view_end ] --END-- [ RunTime:0.002829s ]

[ 2013-04-12T14:44:25+08:00 ] 127.0.0.1 /index.php
INFO: [ app_begin ] --START--
INFO: Run ReadHtmlCache Behavior [ RunTime:0.001661s ]
INFO: [ app_begin ] --END-- [ RunTime:0.001860s ]
INFO: [ view_parse ] --START--
INFO: Run ParseTemplate Behavior [ RunTime:0.002760s ]
INFO: [ view_parse ] --END-- [ RunTime:0.002952s ]
INFO: [ view_filter ] --START--
INFO: Run ContentReplace Behavior [ RunTime:0.001248s ]
INFO: Run TokenBuild Behavior [ RunTime:0.001354s ]
INFO: Run WriteHtmlCache Behavior [ RunTime:0.001062s ]
INFO: Run ShowRuntime Behavior [ RunTime:0.001372s ]
INFO: [ view_filter ] --END-- [ RunTime:0.005473s ]
INFO: [ view_end ] --START--
INFO: Run ShowPageTrace Behavior [ RunTime:0.001722s ]
INFO: [ view_end ] --END-- [ RunTime:0.001876s ]

[ 2013-04-12T14:46:23+08:00 ] 127.0.0.1 /index.php?m=Index&a=index
INFO: [ app_begin ] --START--
INFO: Run ReadHtmlCache Behavior [ RunTime:0.001710s ]
INFO: [ app_begin ] --END-- [ RunTime:0.001924s ]
INFO: [ view_parse ] --START--
INFO: Run ParseTemplate Behavior [ RunTime:0.002829s ]
INFO: [ view_parse ] --END-- [ RunTime:0.003058s ]
INFO: [ view_filter ] --START--
INFO: Run ContentReplace Behavior [ RunTime:0.001647s ]
INFO: Run TokenBuild Behavior [ RunTime:0.001549s ]
INFO: Run WriteHtmlCache Behavior [ RunTime:0.001094s ]
INFO: Run ShowRuntime Behavior [ RunTime:0.001422s ]
INFO: [ view_filter ] --END-- [ RunTime:0.006169s ]
INFO: [ view_end ] --START--
INFO: Run ShowPageTrace Behavior [ RunTime:0.001782s ]
INFO: [ view_end ] --END-- [ RunTime:0.001947s ]

[ 2013-04-12T14:46:31+08:00 ] ERR: (ThinkException) 非法操作:index
[ 2013-04-12T14:46:31+08:00 ] 127.0.0.1 /index.php?m=Member&a=index
INFO: [ app_begin ] --START--
INFO: Run ReadHtmlCache Behavior [ RunTime:0.001649s ]
INFO: [ app_begin ] --END-- [ RunTime:0.001845s ]
NOTIC: [8] Undefined index:  class /media/f/dev/ThinkPHP/Lib/Core/ThinkException.class.php 第 63 行.
NOTIC: [8] Undefined index:  type /media/f/dev/ThinkPHP/Lib/Core/ThinkException.class.php 第 63 行.
NOTIC: [8] Undefined index:  args /media/f/dev/ThinkPHP/Lib/Core/ThinkException.class.php 第 64 行.
NOTIC: [2] implode() [<a href='function.implode'>function.implode</a>]: Invalid arguments passed /media/f/dev/ThinkPHP/Lib/Core/ThinkException.class.php 第 64 行.
NOTIC: [8] Undefined index:  file /media/f/dev/ThinkPHP/Lib/Core/ThinkException.class.php 第 62 行.
NOTIC: [8] Undefined index:  line /media/f/dev/ThinkPHP/Lib/Core/ThinkException.class.php 第 62 行.
NOTIC: [4096] Object of class MemberAction could not be converted to string /media/f/dev/ThinkPHP/Lib/Core/ThinkException.class.php 第 64 行.
NOTIC: [8] Array to string conversion /media/f/dev/ThinkPHP/Lib/Core/ThinkException.class.php 第 64 行.
NOTIC: [8] Undefined index:  class /media/f/dev/ThinkPHP/Lib/Core/ThinkException.class.php 第 63 行.
NOTIC: [8] Undefined index:  type /media/f/dev/ThinkPHP/Lib/Core/ThinkException.class.php 第 63 行.
NOTIC: [8] Undefined index:  class /media/f/dev/ThinkPHP/Lib/Core/ThinkException.class.php 第 63 行.
NOTIC: [8] Undefined index:  type /media/f/dev/ThinkPHP/Lib/Core/ThinkException.class.php 第 63 行.

[ 2013-04-12T14:46:46+08:00 ] 127.0.0.1 /index.php?m=Member&a=Register
INFO: [ app_begin ] --START--
INFO: Run ReadHtmlCache Behavior [ RunTime:0.001829s ]
INFO: [ app_begin ] --END-- [ RunTime:0.002030s ]

[ 2013-04-12T14:46:49+08:00 ] ERR: (ThinkException) 非法操作:Registerx
[ 2013-04-12T14:46:49+08:00 ] 127.0.0.1 /index.php?m=Member&a=Registerx
INFO: [ app_begin ] --START--
INFO: Run ReadHtmlCache Behavior [ RunTime:0.002339s ]
INFO: [ app_begin ] --END-- [ RunTime:0.002537s ]
NOTIC: [8] Undefined index:  class /media/f/dev/ThinkPHP/Lib/Core/ThinkException.class.php 第 63 行.
NOTIC: [8] Undefined index:  type /media/f/dev/ThinkPHP/Lib/Core/ThinkException.class.php 第 63 行.
NOTIC: [8] Undefined index:  args /media/f/dev/ThinkPHP/Lib/Core/ThinkException.class.php 第 64 行.
NOTIC: [2] implode() [<a href='function.implode'>function.implode</a>]: Invalid arguments passed /media/f/dev/ThinkPHP/Lib/Core/ThinkException.class.php 第 64 行.
NOTIC: [8] Undefined index:  file /media/f/dev/ThinkPHP/Lib/Core/ThinkException.class.php 第 62 行.
NOTIC: [8] Undefined index:  line /media/f/dev/ThinkPHP/Lib/Core/ThinkException.class.php 第 62 行.
NOTIC: [4096] Object of class MemberAction could not be converted to string /media/f/dev/ThinkPHP/Lib/Core/ThinkException.class.php 第 64 行.
NOTIC: [8] Array to string conversion /media/f/dev/ThinkPHP/Lib/Core/ThinkException.class.php 第 64 行.
NOTIC: [8] Undefined index:  class /media/f/dev/ThinkPHP/Lib/Core/ThinkException.class.php 第 63 行.
NOTIC: [8] Undefined index:  type /media/f/dev/ThinkPHP/Lib/Core/ThinkException.class.php 第 63 行.
NOTIC: [8] Undefined index:  class /media/f/dev/ThinkPHP/Lib/Core/ThinkException.class.php 第 63 行.
NOTIC: [8] Undefined index:  type /media/f/dev/ThinkPHP/Lib/Core/ThinkException.class.php 第 63 行.

[ 2013-04-12T14:47:27+08:00 ] 127.0.0.1 /autoorder/
INFO: [ app_begin ] --START--
INFO: Run ReadHtmlCache Behavior [ RunTime:0.001577s ]
INFO: [ app_begin ] --END-- [ RunTime:0.001795s ]
INFO: [ view_parse ] --START--
INFO: Run ParseTemplate Behavior [ RunTime:0.002676s ]
INFO: [ view_parse ] --END-- [ RunTime:0.002866s ]
INFO: [ view_filter ] --START--
INFO: Run ContentReplace Behavior [ RunTime:0.002977s ]
INFO: Run TokenBuild Behavior [ RunTime:0.001363s ]
INFO: Run WriteHtmlCache Behavior [ RunTime:0.001687s ]
INFO: Run ShowRuntime Behavior [ RunTime:0.001480s ]
INFO: [ view_filter ] --END-- [ RunTime:0.007991s ]
INFO: [ view_end ] --START--
INFO: Run ShowPageTrace Behavior [ RunTime:0.001702s ]
INFO: [ view_end ] --END-- [ RunTime:0.001857s ]

[ 2013-04-12T15:20:48+08:00 ] ERR: (ThinkException) 非法操作:Registerx
[ 2013-04-12T15:20:48+08:00 ] 127.0.0.1 /index.php?m=Member&a=Registerx
INFO: [ app_begin ] --START--
INFO: Run ReadHtmlCache Behavior [ RunTime:0.001629s ]
INFO: [ app_begin ] --END-- [ RunTime:0.001920s ]
NOTIC: [8] Undefined index:  class /media/f/dev/ThinkPHP/Lib/Core/ThinkException.class.php 第 63 行.
NOTIC: [8] Undefined index:  type /media/f/dev/ThinkPHP/Lib/Core/ThinkException.class.php 第 63 行.
NOTIC: [8] Undefined index:  args /media/f/dev/ThinkPHP/Lib/Core/ThinkException.class.php 第 64 行.
NOTIC: [2] implode() [<a href='function.implode'>function.implode</a>]: Invalid arguments passed /media/f/dev/ThinkPHP/Lib/Core/ThinkException.class.php 第 64 行.
NOTIC: [8] Undefined index:  file /media/f/dev/ThinkPHP/Lib/Core/ThinkException.class.php 第 62 行.
NOTIC: [8] Undefined index:  line /media/f/dev/ThinkPHP/Lib/Core/ThinkException.class.php 第 62 行.
NOTIC: [4096] Object of class MemberAction could not be converted to string /media/f/dev/ThinkPHP/Lib/Core/ThinkException.class.php 第 64 行.
NOTIC: [8] Array to string conversion /media/f/dev/ThinkPHP/Lib/Core/ThinkException.class.php 第 64 行.
NOTIC: [8] Undefined index:  class /media/f/dev/ThinkPHP/Lib/Core/ThinkException.class.php 第 63 行.
NOTIC: [8] Undefined index:  type /media/f/dev/ThinkPHP/Lib/Core/ThinkException.class.php 第 63 行.
NOTIC: [8] Undefined index:  class /media/f/dev/ThinkPHP/Lib/Core/ThinkException.class.php 第 63 行.
NOTIC: [8] Undefined index:  type /media/f/dev/ThinkPHP/Lib/Core/ThinkException.class.php 第 63 行.

[ 2013-04-12T15:20:51+08:00 ] 127.0.0.1 /index.php?m=Member&a=Register
INFO: [ app_begin ] --START--
INFO: Run ReadHtmlCache Behavior [ RunTime:0.002003s ]
INFO: [ app_begin ] --END-- [ RunTime:0.002296s ]

[ 2013-04-12T15:44:58+08:00 ] 127.0.0.1 /index.php
INFO: [ app_begin ] --START--
INFO: Run ReadHtmlCache Behavior [ RunTime:0.001722s ]
INFO: [ app_begin ] --END-- [ RunTime:0.002011s ]
INFO: [ view_parse ] --START--
INFO: Run ParseTemplate Behavior [ RunTime:0.002828s ]
INFO: [ view_parse ] --END-- [ RunTime:0.003055s ]
INFO: [ view_filter ] --START--
INFO: Run ContentReplace Behavior [ RunTime:0.001267s ]
INFO: Run TokenBuild Behavior [ RunTime:0.001347s ]
INFO: Run WriteHtmlCache Behavior [ RunTime:0.001062s ]
INFO: Run ShowRuntime Behavior [ RunTime:0.001404s ]
INFO: [ view_filter ] --END-- [ RunTime:0.005628s ]
INFO: [ view_end ] --START--
INFO: Run ShowPageTrace Behavior [ RunTime:0.001760s ]
INFO: [ view_end ] --END-- [ RunTime:0.001925s ]

[ 2013-04-12T16:14:47+08:00 ] 127.0.0.1 /index.php?m=Member&a=Register
INFO: [ app_begin ] --START--
INFO: Run ReadHtmlCache Behavior [ RunTime:0.001723s ]
INFO: [ app_begin ] --END-- [ RunTime:0.002007s ]

[ 2013-04-12T16:14:49+08:00 ] 127.0.0.1 /index.php
INFO: [ app_begin ] --START--
INFO: Run ReadHtmlCache Behavior [ RunTime:0.003062s ]
INFO: [ app_begin ] --END-- [ RunTime:0.003366s ]
INFO: [ view_parse ] --START--
INFO: Run ParseTemplate Behavior [ RunTime:0.003180s ]
INFO: [ view_parse ] --END-- [ RunTime:0.003417s ]
INFO: [ view_filter ] --START--
INFO: Run ContentReplace Behavior [ RunTime:0.001330s ]
INFO: Run TokenBuild Behavior [ RunTime:0.001313s ]
INFO: Run WriteHtmlCache Behavior [ RunTime:0.001073s ]
INFO: Run ShowRuntime Behavior [ RunTime:0.001522s ]
INFO: [ view_filter ] --END-- [ RunTime:0.005692s ]
INFO: [ view_end ] --START--
INFO: Run ShowPageTrace Behavior [ RunTime:0.001736s ]
INFO: [ view_end ] --END-- [ RunTime:0.001896s ]

[ 2013-04-12T16:14:52+08:00 ] 127.0.0.1 /index.php
INFO: [ app_begin ] --START--
INFO: Run ReadHtmlCache Behavior [ RunTime:0.002452s ]
INFO: [ app_begin ] --END-- [ RunTime:0.002776s ]
INFO: [ view_parse ] --START--
INFO: Run ParseTemplate Behavior [ RunTime:0.010331s ]
INFO: [ view_parse ] --END-- [ RunTime:0.010588s ]
INFO: [ view_filter ] --START--
INFO: Run ContentReplace Behavior [ RunTime:0.004289s ]
INFO: Run TokenBuild Behavior [ RunTime:0.009381s ]
INFO: Run WriteHtmlCache Behavior [ RunTime:0.001973s ]
INFO: Run ShowRuntime Behavior [ RunTime:0.008132s ]
INFO: [ view_filter ] --END-- [ RunTime:0.024546s ]
INFO: [ view_end ] --START--
INFO: Run ShowPageTrace Behavior [ RunTime:0.003464s ]
INFO: [ view_end ] --END-- [ RunTime:0.003774s ]

[ 2013-04-12T16:14:53+08:00 ] 127.0.0.1 /index.php
INFO: [ app_begin ] --START--
INFO: Run ReadHtmlCache Behavior [ RunTime:0.001987s ]
INFO: [ app_begin ] --END-- [ RunTime:0.002319s ]
INFO: [ view_parse ] --START--
INFO: Run ParseTemplate Behavior [ RunTime:0.003330s ]
INFO: [ view_parse ] --END-- [ RunTime:0.004070s ]
INFO: [ view_filter ] --START--
INFO: Run ContentReplace Behavior [ RunTime:0.001773s ]
INFO: Run TokenBuild Behavior [ RunTime:0.001364s ]
INFO: Run WriteHtmlCache Behavior [ RunTime:0.001068s ]
INFO: Run ShowRuntime Behavior [ RunTime:0.001887s ]
INFO: [ view_filter ] --END-- [ RunTime:0.006682s ]
INFO: [ view_end ] --START--
INFO: Run ShowPageTrace Behavior [ RunTime:0.003976s ]
INFO: [ view_end ] --END-- [ RunTime:0.004171s ]

[ 2013-04-12T16:26:54+08:00 ] ERR: (ThinkException) 无法加载模块:index.php
[ 2013-04-12T16:26:54+08:00 ] ERR: (ThinkException) 无法加载模块:favicon
[ 2013-04-12T16:27:01+08:00 ] 127.0.0.1 /index.php
INFO: [ app_begin ] --START--
INFO: Run ReadHtmlCache Behavior [ RunTime:0.008946s ]
INFO: [ app_begin ] --END-- [ RunTime:0.009355s ]
INFO: [ view_parse ] --START--
INFO: Run ParseTemplate Behavior [ RunTime:0.013381s ]
INFO: [ view_parse ] --END-- [ RunTime:0.013849s ]
INFO: [ view_filter ] --START--
INFO: Run ContentReplace Behavior [ RunTime:0.011055s ]
INFO: Run TokenBuild Behavior [ RunTime:0.007835s ]
INFO: Run WriteHtmlCache Behavior [ RunTime:0.007343s ]
INFO: Run ShowRuntime Behavior [ RunTime:0.011424s ]
INFO: [ view_filter ] --END-- [ RunTime:0.038534s ]
INFO: [ view_end ] --START--
INFO: Run ShowPageTrace Behavior [ RunTime:0.003351s ]
INFO: [ view_end ] --END-- [ RunTime:0.003646s ]

[ 2013-04-12T16:27:01+08:00 ] ERR: (ThinkException) 无法加载模块:favicon
[ 2013-04-12T16:27:03+08:00 ] 127.0.0.1 /index.php
INFO: [ app_begin ] --START--
INFO: Run ReadHtmlCache Behavior [ RunTime:0.001633s ]
INFO: [ app_begin ] --END-- [ RunTime:0.001847s ]
INFO: [ view_parse ] --START--
INFO: Run ParseTemplate Behavior [ RunTime:0.006306s ]
INFO: [ view_parse ] --END-- [ RunTime:0.006537s ]
INFO: [ view_filter ] --START--
INFO: Run ContentReplace Behavior [ RunTime:0.006392s ]
INFO: Run TokenBuild Behavior [ RunTime:0.002092s ]
INFO: Run WriteHtmlCache Behavior [ RunTime:0.001903s ]
INFO: Run ShowRuntime Behavior [ RunTime:0.002296s ]
INFO: [ view_filter ] --END-- [ RunTime:0.013216s ]
INFO: [ view_end ] --START--
INFO: Run ShowPageTrace Behavior [ RunTime:0.002565s ]
INFO: [ view_end ] --END-- [ RunTime:0.003032s ]

[ 2013-04-12T16:27:03+08:00 ] ERR: (ThinkException) 无法加载模块:favicon
[ 2013-04-12T16:28:09+08:00 ] 127.0.0.1 /index.php
INFO: [ app_begin ] --START--
INFO: Run ReadHtmlCache Behavior [ RunTime:0.001549s ]
INFO: [ app_begin ] --END-- [ RunTime:0.001749s ]
INFO: [ view_parse ] --START--
INFO: Run ParseTemplate Behavior [ RunTime:0.002797s ]
INFO: [ view_parse ] --END-- [ RunTime:0.003018s ]
INFO: [ view_filter ] --START--
INFO: Run ContentReplace Behavior [ RunTime:0.001273s ]
INFO: Run TokenBuild Behavior [ RunTime:0.001317s ]
INFO: Run WriteHtmlCache Behavior [ RunTime:0.001066s ]
INFO: Run ShowRuntime Behavior [ RunTime:0.001412s ]
INFO: [ view_filter ] --END-- [ RunTime:0.005504s ]
INFO: [ view_end ] --START--
INFO: Run ShowPageTrace Behavior [ RunTime:0.001816s ]
INFO: [ view_end ] --END-- [ RunTime:0.001985s ]

[ 2013-04-12T16:28:09+08:00 ] ERR: (ThinkException) 无法加载模块:favicon
[ 2013-04-12T16:28:17+08:00 ] ERR: (ThinkException) 无法加载模块:index.php
[ 2013-04-12T16:28:17+08:00 ] ERR: (ThinkException) 无法加载模块:favicon
[ 2013-04-12T16:28:21+08:00 ] ERR: (ThinkException) 无法加载模块:index.php
[ 2013-04-12T16:28:21+08:00 ] ERR: (ThinkException) 无法加载模块:favicon
[ 2013-04-12T16:28:24+08:00 ] 127.0.0.1 /index.php
INFO: [ app_begin ] --START--
INFO: Run ReadHtmlCache Behavior [ RunTime:0.002663s ]
INFO: [ app_begin ] --END-- [ RunTime:0.002886s ]
INFO: [ view_parse ] --START--
INFO: Run ParseTemplate Behavior [ RunTime:0.004680s ]
INFO: [ view_parse ] --END-- [ RunTime:0.004932s ]
INFO: [ view_filter ] --START--
INFO: Run ContentReplace Behavior [ RunTime:0.001786s ]
INFO: Run TokenBuild Behavior [ RunTime:0.002630s ]
INFO: Run WriteHtmlCache Behavior [ RunTime:0.002361s ]
INFO: Run ShowRuntime Behavior [ RunTime:0.002760s ]
INFO: [ view_filter ] --END-- [ RunTime:0.010134s ]
INFO: [ view_end ] --START--
INFO: Run ShowPageTrace Behavior [ RunTime:0.006481s ]
INFO: [ view_end ] --END-- [ RunTime:0.006759s ]

[ 2013-04-12T16:28:24+08:00 ] ERR: (ThinkException) 无法加载模块:favicon
[ 2013-04-12T16:29:45+08:00 ] 127.0.0.1 /index.php?s=/Index
INFO: [ route_check ] --START--
INFO: Run CheckRoute Behavior [ RunTime:0.001953s ]
INFO: [ route_check ] --END-- [ RunTime:0.002174s ]
INFO: [ app_begin ] --START--
INFO: Run ReadHtmlCache Behavior [ RunTime:0.001582s ]
INFO: [ app_begin ] --END-- [ RunTime:0.001770s ]
INFO: [ view_parse ] --START--
INFO: Run ParseTemplate Behavior [ RunTime:0.002808s ]
INFO: [ view_parse ] --END-- [ RunTime:0.003094s ]
INFO: [ view_filter ] --START--
INFO: Run ContentReplace Behavior [ RunTime:0.001265s ]
INFO: Run TokenBuild Behavior [ RunTime:0.001294s ]
INFO: Run WriteHtmlCache Behavior [ RunTime:0.001129s ]
INFO: Run ShowRuntime Behavior [ RunTime:0.001446s ]
INFO: [ view_filter ] --END-- [ RunTime:0.005579s ]
INFO: [ view_end ] --START--
INFO: Run ShowPageTrace Behavior [ RunTime:0.004045s ]
INFO: [ view_end ] --END-- [ RunTime:0.004232s ]

[ 2013-04-12T16:29:46+08:00 ] ERR: (ThinkException) 无法加载模块:favicon
[ 2013-04-12T16:29:52+08:00 ] ERR: (ThinkException) 非法操作:index
[ 2013-04-12T16:29:52+08:00 ] 127.0.0.1 /index.php?s=/Member
INFO: [ route_check ] --START--
INFO: Run CheckRoute Behavior [ RunTime:0.002364s ]
INFO: [ route_check ] --END-- [ RunTime:0.002592s ]
INFO: [ app_begin ] --START--
INFO: Run ReadHtmlCache Behavior [ RunTime:0.001753s ]
INFO: [ app_begin ] --END-- [ RunTime:0.001961s ]
NOTIC: [8] Undefined index:  class /media/f/dev/ThinkPHP/Lib/Core/ThinkException.class.php 第 63 行.
NOTIC: [8] Undefined index:  type /media/f/dev/ThinkPHP/Lib/Core/ThinkException.class.php 第 63 行.
NOTIC: [8] Undefined index:  args /media/f/dev/ThinkPHP/Lib/Core/ThinkException.class.php 第 64 行.
NOTIC: [2] implode() [<a href='function.implode'>function.implode</a>]: Invalid arguments passed /media/f/dev/ThinkPHP/Lib/Core/ThinkException.class.php 第 64 行.
NOTIC: [8] Undefined index:  file /media/f/dev/ThinkPHP/Lib/Core/ThinkException.class.php 第 62 行.
NOTIC: [8] Undefined index:  line /media/f/dev/ThinkPHP/Lib/Core/ThinkException.class.php 第 62 行.
NOTIC: [4096] Object of class MemberAction could not be converted to string /media/f/dev/ThinkPHP/Lib/Core/ThinkException.class.php 第 64 行.
NOTIC: [8] Array to string conversion /media/f/dev/ThinkPHP/Lib/Core/ThinkException.class.php 第 64 行.
NOTIC: [8] Undefined index:  class /media/f/dev/ThinkPHP/Lib/Core/ThinkException.class.php 第 63 行.
NOTIC: [8] Undefined index:  type /media/f/dev/ThinkPHP/Lib/Core/ThinkException.class.php 第 63 行.
NOTIC: [8] Undefined index:  class /media/f/dev/ThinkPHP/Lib/Core/ThinkException.class.php 第 63 行.
NOTIC: [8] Undefined index:  type /media/f/dev/ThinkPHP/Lib/Core/ThinkException.class.php 第 63 行.

[ 2013-04-12T16:29:53+08:00 ] ERR: (ThinkException) 无法加载模块:favicon
[ 2013-04-12T16:29:59+08:00 ] 127.0.0.1 /index.php?s=/Member/Register
INFO: [ route_check ] --START--
INFO: Run CheckRoute Behavior [ RunTime:0.002160s ]
INFO: [ route_check ] --END-- [ RunTime:0.002385s ]
INFO: [ app_begin ] --START--
INFO: Run ReadHtmlCache Behavior [ RunTime:0.001589s ]
INFO: [ app_begin ] --END-- [ RunTime:0.001778s ]

[ 2013-04-12T16:29:59+08:00 ] ERR: (ThinkException) 无法加载模块:favicon
[ 2013-04-12T16:30:01+08:00 ] 127.0.0.1 /index.php?s=/Member/Register
INFO: [ route_check ] --START--
INFO: Run CheckRoute Behavior [ RunTime:0.002116s ]
INFO: [ route_check ] --END-- [ RunTime:0.002352s ]
INFO: [ app_begin ] --START--
INFO: Run ReadHtmlCache Behavior [ RunTime:0.001491s ]
INFO: [ app_begin ] --END-- [ RunTime:0.001666s ]

[ 2013-04-12T16:30:02+08:00 ] ERR: (ThinkException) 无法加载模块:favicon
[ 2013-04-12T16:30:03+08:00 ] 127.0.0.1 /index.php?s=/Member/Register
INFO: [ route_check ] --START--
INFO: Run CheckRoute Behavior [ RunTime:0.001857s ]
INFO: [ route_check ] --END-- [ RunTime:0.002079s ]
INFO: [ app_begin ] --START--
INFO: Run ReadHtmlCache Behavior [ RunTime:0.001428s ]
INFO: [ app_begin ] --END-- [ RunTime:0.001600s ]

[ 2013-04-12T16:30:03+08:00 ] ERR: (ThinkException) 无法加载模块:favicon
[ 2013-04-12T16:30:04+08:00 ] 127.0.0.1 /index.php?s=/Member/Register
INFO: [ route_check ] --START--
INFO: Run CheckRoute Behavior [ RunTime:0.005169s ]
INFO: [ route_check ] --END-- [ RunTime:0.005410s ]
INFO: [ app_begin ] --START--
INFO: Run ReadHtmlCache Behavior [ RunTime:0.004438s ]
INFO: [ app_begin ] --END-- [ RunTime:0.004633s ]

[ 2013-04-12T16:30:04+08:00 ] ERR: (ThinkException) 无法加载模块:favicon
[ 2013-04-12T16:30:07+08:00 ] 127.0.0.1 /index.php?s=/Member/Register
INFO: [ route_check ] --START--
INFO: Run CheckRoute Behavior [ RunTime:0.003073s ]
INFO: [ route_check ] --END-- [ RunTime:0.003327s ]
INFO: [ app_begin ] --START--
INFO: Run ReadHtmlCache Behavior [ RunTime:0.002428s ]
INFO: [ app_begin ] --END-- [ RunTime:0.002624s ]

[ 2013-04-12T16:30:07+08:00 ] ERR: (ThinkException) 无法加载模块:favicon
[ 2013-04-12T16:30:09+08:00 ] 127.0.0.1 /index.php?s=/Member/Register
INFO: [ route_check ] --START--
INFO: Run CheckRoute Behavior [ RunTime:0.002014s ]
INFO: [ route_check ] --END-- [ RunTime:0.002244s ]
INFO: [ app_begin ] --START--
INFO: Run ReadHtmlCache Behavior [ RunTime:0.003403s ]
INFO: [ app_begin ] --END-- [ RunTime:0.005635s ]

[ 2013-04-12T16:30:10+08:00 ] ERR: (ThinkException) 无法加载模块:favicon
[ 2013-04-12T16:30:13+08:00 ] 127.0.0.1 /index.php?s=/Member/Register
INFO: [ route_check ] --START--
INFO: Run CheckRoute Behavior [ RunTime:0.001918s ]
INFO: [ route_check ] --END-- [ RunTime:0.002140s ]
INFO: [ app_begin ] --START--
INFO: Run ReadHtmlCache Behavior [ RunTime:0.004555s ]
INFO: [ app_begin ] --END-- [ RunTime:0.004756s ]

[ 2013-04-12T16:30:13+08:00 ] ERR: (ThinkException) 无法加载模块:favicon
[ 2013-04-12T16:30:15+08:00 ] 127.0.0.1 /index.php?s=/Member/Register
INFO: [ route_check ] --START--
INFO: Run CheckRoute Behavior [ RunTime:0.002274s ]
INFO: [ route_check ] --END-- [ RunTime:0.002516s ]
INFO: [ app_begin ] --START--
INFO: Run ReadHtmlCache Behavior [ RunTime:0.001472s ]
INFO: [ app_begin ] --END-- [ RunTime:0.001652s ]

[ 2013-04-12T16:30:15+08:00 ] ERR: (ThinkException) 无法加载模块:favicon
[ 2013-04-12T16:30:16+08:00 ] 127.0.0.1 /index.php?s=/Member/Register
INFO: [ route_check ] --START--
INFO: Run CheckRoute Behavior [ RunTime:0.002007s ]
INFO: [ route_check ] --END-- [ RunTime:0.002229s ]
INFO: [ app_begin ] --START--
INFO: Run ReadHtmlCache Behavior [ RunTime:0.003843s ]
INFO: [ app_begin ] --END-- [ RunTime:0.004032s ]

[ 2013-04-12T16:30:17+08:00 ] ERR: (ThinkException) 无法加载模块:favicon
[ 2013-04-12T16:30:18+08:00 ] 127.0.0.1 /index.php?s=/Member/Register
INFO: [ route_check ] --START--
INFO: Run CheckRoute Behavior [ RunTime:0.001882s ]
INFO: [ route_check ] --END-- [ RunTime:0.002104s ]
INFO: [ app_begin ] --START--
INFO: Run ReadHtmlCache Behavior [ RunTime:0.001434s ]
INFO: [ app_begin ] --END-- [ RunTime:0.001656s ]

[ 2013-04-12T16:30:18+08:00 ] ERR: (ThinkException) 无法加载模块:favicon
[ 2013-04-12T16:30:19+08:00 ] 127.0.0.1 /index.php?s=/Member/Register
INFO: [ route_check ] --START--
INFO: Run CheckRoute Behavior [ RunTime:0.001878s ]
INFO: [ route_check ] --END-- [ RunTime:0.002095s ]
INFO: [ app_begin ] --START--
INFO: Run ReadHtmlCache Behavior [ RunTime:0.001491s ]
INFO: [ app_begin ] --END-- [ RunTime:0.001671s ]

[ 2013-04-12T16:30:19+08:00 ] ERR: (ThinkException) 无法加载模块:favicon
[ 2013-04-12T16:30:20+08:00 ] 127.0.0.1 /index.php?s=/Member/Register
INFO: [ route_check ] --START--
INFO: Run CheckRoute Behavior [ RunTime:0.002023s ]
INFO: [ route_check ] --END-- [ RunTime:0.002258s ]
INFO: [ app_begin ] --START--
INFO: Run ReadHtmlCache Behavior [ RunTime:0.001419s ]
INFO: [ app_begin ] --END-- [ RunTime:0.001595s ]

[ 2013-04-12T16:30:21+08:00 ] ERR: (ThinkException) 无法加载模块:favicon
[ 2013-04-12T16:30:22+08:00 ] 127.0.0.1 /index.php?s=/Member/Register
INFO: [ route_check ] --START--
INFO: Run CheckRoute Behavior [ RunTime:0.001882s ]
INFO: [ route_check ] --END-- [ RunTime:0.002139s ]
INFO: [ app_begin ] --START--
INFO: Run ReadHtmlCache Behavior [ RunTime:0.001431s ]
INFO: [ app_begin ] --END-- [ RunTime:0.001606s ]

[ 2013-04-12T16:30:22+08:00 ] ERR: (ThinkException) 无法加载模块:favicon
[ 2013-04-12T16:30:23+08:00 ] 127.0.0.1 /index.php?s=/Member/Register
INFO: [ route_check ] --START--
INFO: Run CheckRoute Behavior [ RunTime:0.002308s ]
INFO: [ route_check ] --END-- [ RunTime:0.002535s ]
INFO: [ app_begin ] --START--
INFO: Run ReadHtmlCache Behavior [ RunTime:0.001424s ]
INFO: [ app_begin ] --END-- [ RunTime:0.001594s ]

[ 2013-04-12T16:30:23+08:00 ] ERR: (ThinkException) 无法加载模块:favicon
[ 2013-04-12T16:53:50+08:00 ] 127.0.0.1 /index.php?s=/Member/Register
INFO: [ route_check ] --START--
INFO: Run CheckRoute Behavior [ RunTime:0.006502s ]
INFO: [ route_check ] --END-- [ RunTime:0.006807s ]
INFO: [ app_begin ] --START--
INFO: Run ReadHtmlCache Behavior [ RunTime:0.001649s ]
INFO: [ app_begin ] --END-- [ RunTime:0.001831s ]

[ 2013-04-12T16:53:51+08:00 ] ERR: (ThinkException) 无法加载模块:favicon
[ 2013-04-12T16:53:52+08:00 ] 127.0.0.1 /index.php?s=/Member/Register
INFO: [ route_check ] --START--
INFO: Run CheckRoute Behavior [ RunTime:0.002150s ]
INFO: [ route_check ] --END-- [ RunTime:0.002369s ]
INFO: [ app_begin ] --START--
INFO: Run ReadHtmlCache Behavior [ RunTime:0.001581s ]
INFO: [ app_begin ] --END-- [ RunTime:0.001775s ]

[ 2013-04-12T16:53:52+08:00 ] ERR: (ThinkException) 无法加载模块:favicon
[ 2013-04-12T16:53:55+08:00 ] 127.0.0.1 /index.php?s=/Member/Register
INFO: [ route_check ] --START--
INFO: Run CheckRoute Behavior [ RunTime:0.002122s ]
INFO: [ route_check ] --END-- [ RunTime:0.002352s ]
INFO: [ app_begin ] --START--
INFO: Run ReadHtmlCache Behavior [ RunTime:0.001651s ]
INFO: [ app_begin ] --END-- [ RunTime:0.001841s ]

[ 2013-04-12T16:53:55+08:00 ] ERR: (ThinkException) 无法加载模块:favicon
[ 2013-04-12T16:56:58+08:00 ] 127.0.0.1 /index.php?s=/Member/Register
INFO: [ route_check ] --START--
INFO: Run CheckRoute Behavior [ RunTime:0.002193s ]
INFO: [ route_check ] --END-- [ RunTime:0.002419s ]
INFO: [ app_begin ] --START--
INFO: Run ReadHtmlCache Behavior [ RunTime:0.007113s ]
INFO: [ app_begin ] --END-- [ RunTime:0.007361s ]
INFO: [ view_template ] --START--
INFO: Run LocationTemplate Behavior [ RunTime:0.006506s ]
INFO: [ view_template ] --END-- [ RunTime:0.006813s ]
INFO: [ view_parse ] --START--
INFO: Run ParseTemplate Behavior [ RunTime:0.095501s ]
INFO: [ view_parse ] --END-- [ RunTime:0.095823s ]
INFO: [ view_filter ] --START--
INFO: Run ContentReplace Behavior [ RunTime:0.011828s ]
INFO: Run TokenBuild Behavior [ RunTime:0.008504s ]
INFO: Run WriteHtmlCache Behavior [ RunTime:0.010914s ]
INFO: Run ShowRuntime Behavior [ RunTime:0.003024s ]
INFO: [ view_filter ] --END-- [ RunTime:0.035199s ]
INFO: [ view_end ] --START--
INFO: Run ShowPageTrace Behavior [ RunTime:0.006726s ]
INFO: [ view_end ] --END-- [ RunTime:0.007052s ]

[ 2013-04-12T16:56:59+08:00 ] ERR: (ThinkException) 无法加载模块:favicon
[ 2013-04-12T16:57:00+08:00 ] ERR: (ThinkException) 无法加载模块:favicon
[ 2013-04-12T16:57:03+08:00 ] 127.0.0.1 /index.php?s=/Member/Register
INFO: [ route_check ] --START--
INFO: Run CheckRoute Behavior [ RunTime:0.002133s ]
INFO: [ route_check ] --END-- [ RunTime:0.002357s ]
INFO: [ app_begin ] --START--
INFO: Run ReadHtmlCache Behavior [ RunTime:0.001635s ]
INFO: [ app_begin ] --END-- [ RunTime:0.001824s ]
INFO: [ view_template ] --START--
INFO: Run LocationTemplate Behavior [ RunTime:0.002197s ]
INFO: [ view_template ] --END-- [ RunTime:0.002445s ]
INFO: [ view_parse ] --START--
INFO: Run ParseTemplate Behavior [ RunTime:0.032133s ]
INFO: [ view_parse ] --END-- [ RunTime:0.032361s ]
INFO: [ view_filter ] --START--
INFO: Run ContentReplace Behavior [ RunTime:0.001574s ]
INFO: Run TokenBuild Behavior [ RunTime:0.001734s ]
INFO: Run WriteHtmlCache Behavior [ RunTime:0.001311s ]
INFO: Run ShowRuntime Behavior [ RunTime:0.001786s ]
INFO: [ view_filter ] --END-- [ RunTime:0.006947s ]
INFO: [ view_end ] --START--
INFO: Run ShowPageTrace Behavior [ RunTime:0.002127s ]
INFO: [ view_end ] --END-- [ RunTime:0.002324s ]

[ 2013-04-12T16:57:03+08:00 ] ERR: (ThinkException) 无法加载模块:favicon
[ 2013-04-12T16:57:04+08:00 ] 127.0.0.1 /index.php?s=/Member/Register
INFO: [ route_check ] --START--
INFO: Run CheckRoute Behavior [ RunTime:0.001817s ]
INFO: [ route_check ] --END-- [ RunTime:0.002014s ]
INFO: [ app_begin ] --START--
INFO: Run ReadHtmlCache Behavior [ RunTime:0.001463s ]
INFO: [ app_begin ] --END-- [ RunTime:0.001618s ]
INFO: [ view_template ] --START--
INFO: Run LocationTemplate Behavior [ RunTime:0.001302s ]
INFO: [ view_template ] --END-- [ RunTime:0.001501s ]
INFO: [ view_parse ] --START--
INFO: Run ParseTemplate Behavior [ RunTime:0.015022s ]
INFO: [ view_parse ] --END-- [ RunTime:0.015271s ]
INFO: [ view_filter ] --START--
INFO: Run ContentReplace Behavior [ RunTime:0.001128s ]
INFO: Run TokenBuild Behavior [ RunTime:0.003520s ]
INFO: Run WriteHtmlCache Behavior [ RunTime:0.001652s ]
INFO: Run ShowRuntime Behavior [ RunTime:0.002495s ]
INFO: [ view_filter ] --END-- [ RunTime:0.009334s ]
INFO: [ view_end ] --START--
INFO: Run ShowPageTrace Behavior [ RunTime:0.003974s ]
INFO: [ view_end ] --END-- [ RunTime:0.004158s ]

[ 2013-04-12T16:57:05+08:00 ] ERR: (ThinkException) 无法加载模块:favicon
[ 2013-04-12T16:57:13+08:00 ] 127.0.0.1 /index.php?s=/Member/Register
INFO: [ route_check ] --START--
INFO: Run CheckRoute Behavior [ RunTime:0.001880s ]
INFO: [ route_check ] --END-- [ RunTime:0.002102s ]
INFO: [ app_begin ] --START--
INFO: Run ReadHtmlCache Behavior [ RunTime:0.001549s ]
INFO: [ app_begin ] --END-- [ RunTime:0.001734s ]
INFO: [ view_template ] --START--
INFO: Run LocationTemplate Behavior [ RunTime:0.001559s ]
INFO: [ view_template ] --END-- [ RunTime:0.001773s ]
INFO: [ view_parse ] --START--
INFO: Run ParseTemplate Behavior [ RunTime:0.018757s ]
INFO: [ view_parse ] --END-- [ RunTime:0.018963s ]
INFO: [ view_filter ] --START--
INFO: Run ContentReplace Behavior [ RunTime:0.001326s ]
INFO: Run TokenBuild Behavior [ RunTime:0.001300s ]
INFO: Run WriteHtmlCache Behavior [ RunTime:0.001132s ]
INFO: Run ShowRuntime Behavior [ RunTime:0.001417s ]
INFO: [ view_filter ] --END-- [ RunTime:0.005627s ]
INFO: [ view_end ] --START--
INFO: Run ShowPageTrace Behavior [ RunTime:0.002204s ]
INFO: [ view_end ] --END-- [ RunTime:0.002373s ]

[ 2013-04-12T16:57:14+08:00 ] ERR: (ThinkException) 无法加载模块:favicon
