[ 2013-04-19T04:31:35+08:00 ] 127.0.0.1 /index.php?s=/Index/index
INFO: [ route_check ] --START--
INFO: Run CheckRoute Behavior [ RunTime:0.002737s ]
INFO: [ route_check ] --END-- [ RunTime:0.002967s ]
NOTIC: [2] Wrong parameter count for stripslashes() /media/f/dev/ThinkPHP/Lib/Core/App.class.php 第 57 行.
NOTIC: [2] Wrong parameter count for stripslashes() /media/f/dev/ThinkPHP/Lib/Core/App.class.php 第 57 行.
INFO: [ app_begin ] --START--
INFO: Run ReadHtmlCache Behavior [ RunTime:0.002008s ]
INFO: [ app_begin ] --END-- [ RunTime:0.002268s ]
INFO: [ view_template ] --START--
INFO: Run LocationTemplate Behavior [ RunTime:0.002373s ]
INFO: [ view_template ] --END-- [ RunTime:0.002644s ]
INFO: [ view_parse ] --START--
INFO: Run ParseTemplate Behavior [ RunTime:0.033780s ]
INFO: [ view_parse ] --END-- [ RunTime:0.033982s ]
INFO: [ view_filter ] --START--
INFO: Run ContentReplace Behavior [ RunTime:0.002011s ]
INFO: Run TokenBuild Behavior [ RunTime:0.002398s ]
INFO: Run WriteHtmlCache Behavior [ RunTime:0.001865s ]
INFO: Run ShowRuntime Behavior [ RunTime:0.002010s ]
INFO: [ view_filter ] --END-- [ RunTime:0.008848s ]
INFO: [ view_end ] --START--
INFO: Run ShowPageTrace Behavior [ RunTime:0.001896s ]
INFO: [ view_end ] --END-- [ RunTime:0.002068s ]

[ 2013-04-19T04:31:35+08:00 ] ERR: (ThinkException) 无法加载模块:favicon
[ 2013-04-19T04:31:37+08:00 ] 127.0.0.1 /index.php?s=/Index/index
INFO: [ route_check ] --START--
INFO: Run CheckRoute Behavior [ RunTime:0.002173s ]
INFO: [ route_check ] --END-- [ RunTime:0.002396s ]
NOTIC: [2] Wrong parameter count for stripslashes() /media/f/dev/ThinkPHP/Lib/Core/App.class.php 第 57 行.
NOTIC: [2] Wrong parameter count for stripslashes() /media/f/dev/ThinkPHP/Lib/Core/App.class.php 第 57 行.
INFO: [ app_begin ] --START--
INFO: Run ReadHtmlCache Behavior [ RunTime:0.001627s ]
INFO: [ app_begin ] --END-- [ RunTime:0.001802s ]
INFO: [ view_template ] --START--
INFO: Run LocationTemplate Behavior [ RunTime:0.011005s ]
INFO: [ view_template ] --END-- [ RunTime:0.011345s ]
INFO: [ view_parse ] --START--
INFO: Run ParseTemplate Behavior [ RunTime:0.026734s ]
INFO: [ view_parse ] --END-- [ RunTime:0.026969s ]
INFO: [ view_filter ] --START--
INFO: Run ContentReplace Behavior [ RunTime:0.001478s ]
INFO: Run TokenBuild Behavior [ RunTime:0.001434s ]
INFO: Run WriteHtmlCache Behavior [ RunTime:0.001119s ]
INFO: Run ShowRuntime Behavior [ RunTime:0.001453s ]
INFO: [ view_filter ] --END-- [ RunTime:0.005952s ]
INFO: [ view_end ] --START--
INFO: Run ShowPageTrace Behavior [ RunTime:0.002838s ]
INFO: [ view_end ] --END-- [ RunTime:0.003017s ]

[ 2013-04-19T04:31:37+08:00 ] ERR: (ThinkException) 无法加载模块:favicon
[ 2013-04-19T04:31:38+08:00 ] 127.0.0.1 /index.php?s=/Index/index
INFO: [ route_check ] --START--
INFO: Run CheckRoute Behavior [ RunTime:0.009660s ]
INFO: [ route_check ] --END-- [ RunTime:0.010053s ]
NOTIC: [2] Wrong parameter count for stripslashes() /media/f/dev/ThinkPHP/Lib/Core/App.class.php 第 57 行.
NOTIC: [2] Wrong parameter count for stripslashes() /media/f/dev/ThinkPHP/Lib/Core/App.class.php 第 57 行.
INFO: [ app_begin ] --START--
INFO: Run ReadHtmlCache Behavior [ RunTime:0.003180s ]
INFO: [ app_begin ] --END-- [ RunTime:0.003459s ]
INFO: [ view_template ] --START--
INFO: Run LocationTemplate Behavior [ RunTime:0.008089s ]
INFO: [ view_template ] --END-- [ RunTime:0.008403s ]
INFO: [ view_parse ] --START--
INFO: Run ParseTemplate Behavior [ RunTime:0.064568s ]
INFO: [ view_parse ] --END-- [ RunTime:0.064909s ]
INFO: [ view_filter ] --START--
INFO: Run ContentReplace Behavior [ RunTime:0.006679s ]
INFO: Run TokenBuild Behavior [ RunTime:0.010108s ]
INFO: Run WriteHtmlCache Behavior [ RunTime:0.006314s ]
INFO: Run ShowRuntime Behavior [ RunTime:0.008934s ]
INFO: [ view_filter ] --END-- [ RunTime:0.032994s ]
INFO: [ view_end ] --START--
INFO: Run ShowPageTrace Behavior [ RunTime:0.003254s ]
INFO: [ view_end ] --END-- [ RunTime:0.003545s ]

[ 2013-04-19T04:31:39+08:00 ] ERR: (ThinkException) 无法加载模块:favicon
[ 2013-04-19T04:31:40+08:00 ] 127.0.0.1 /index.php?s=/Member/Login
INFO: [ route_check ] --START--
INFO: Run CheckRoute Behavior [ RunTime:0.002596s ]
INFO: [ route_check ] --END-- [ RunTime:0.002809s ]
NOTIC: [2] Wrong parameter count for stripslashes() /media/f/dev/ThinkPHP/Lib/Core/App.class.php 第 57 行.
NOTIC: [2] Wrong parameter count for stripslashes() /media/f/dev/ThinkPHP/Lib/Core/App.class.php 第 57 行.
INFO: [ app_begin ] --START--
INFO: Run ReadHtmlCache Behavior [ RunTime:0.003571s ]
INFO: [ app_begin ] --END-- [ RunTime:0.003751s ]
INFO: [ view_template ] --START--
INFO: Run LocationTemplate Behavior [ RunTime:0.005660s ]
INFO: [ view_template ] --END-- [ RunTime:0.005963s ]
INFO: [ view_parse ] --START--
INFO: Run ParseTemplate Behavior [ RunTime:0.066037s ]
INFO: [ view_parse ] --END-- [ RunTime:0.066257s ]
INFO: [ view_filter ] --START--
INFO: Run ContentReplace Behavior [ RunTime:0.002676s ]
INFO: Run TokenBuild Behavior [ RunTime:0.003641s ]
INFO: Run WriteHtmlCache Behavior [ RunTime:0.002983s ]
INFO: Run ShowRuntime Behavior [ RunTime:0.002267s ]
INFO: [ view_filter ] --END-- [ RunTime:0.012212s ]
INFO: [ view_end ] --START--
INFO: Run ShowPageTrace Behavior [ RunTime:0.002362s ]
INFO: [ view_end ] --END-- [ RunTime:0.002532s ]

[ 2013-04-19T04:31:41+08:00 ] 127.0.0.1 /index.php?s=/Public/Verify
INFO: [ route_check ] --START--
INFO: Run CheckRoute Behavior [ RunTime:0.001846s ]
INFO: [ route_check ] --END-- [ RunTime:0.002109s ]
NOTIC: [2] Wrong parameter count for stripslashes() /media/f/dev/ThinkPHP/Lib/Core/App.class.php 第 57 行.
NOTIC: [2] Wrong parameter count for stripslashes() /media/f/dev/ThinkPHP/Lib/Core/App.class.php 第 57 行.
INFO: [ app_begin ] --START--
INFO: Run ReadHtmlCache Behavior [ RunTime:0.006719s ]
INFO: [ app_begin ] --END-- [ RunTime:0.006896s ]
NOTIC: [8] Use of undefined constant png - assumed 'png' /media/f/dev/autoorder/Lib/Action/PublicAction.class.php 第 5 行.

[ 2013-04-19T04:31:41+08:00 ] ERR: (ThinkException) 无法加载模块:favicon
[ 2013-04-19T04:32:02+08:00 ] 127.0.0.1 /index.php?s=/Api/Member/Mod/Login
INFO: [ route_check ] --START--
INFO: Run CheckRoute Behavior [ RunTime:0.007334s ]
INFO: [ route_check ] --END-- [ RunTime:0.007829s ]
NOTIC: [2] Wrong parameter count for stripslashes() /media/f/dev/ThinkPHP/Lib/Core/App.class.php 第 56 行.
NOTIC: [2] Wrong parameter count for stripslashes() /media/f/dev/ThinkPHP/Lib/Core/App.class.php 第 56 行.
NOTIC: [2] Wrong parameter count for stripslashes() /media/f/dev/ThinkPHP/Lib/Core/App.class.php 第 56 行.
NOTIC: [2] Wrong parameter count for stripslashes() /media/f/dev/ThinkPHP/Lib/Core/App.class.php 第 56 行.
NOTIC: [2] Wrong parameter count for stripslashes() /media/f/dev/ThinkPHP/Lib/Core/App.class.php 第 57 行.
NOTIC: [2] Wrong parameter count for stripslashes() /media/f/dev/ThinkPHP/Lib/Core/App.class.php 第 57 行.
NOTIC: [2] Wrong parameter count for stripslashes() /media/f/dev/ThinkPHP/Lib/Core/App.class.php 第 57 行.
NOTIC: [2] Wrong parameter count for stripslashes() /media/f/dev/ThinkPHP/Lib/Core/App.class.php 第 57 行.
NOTIC: [2] Wrong parameter count for stripslashes() /media/f/dev/ThinkPHP/Lib/Core/App.class.php 第 57 行.
NOTIC: [2] htmlentities() expects parameter 2 to be long, string given /media/f/dev/ThinkPHP/Lib/Core/App.class.php 第 56 行.
NOTIC: [2] htmlentities() expects parameter 2 to be long, string given /media/f/dev/ThinkPHP/Lib/Core/App.class.php 第 56 行.
NOTIC: [2] htmlentities() expects parameter 2 to be long, string given /media/f/dev/ThinkPHP/Lib/Core/App.class.php 第 56 行.
NOTIC: [2] htmlentities() expects parameter 2 to be long, string given /media/f/dev/ThinkPHP/Lib/Core/App.class.php 第 56 行.
NOTIC: [2] htmlentities() expects parameter 2 to be long, string given /media/f/dev/ThinkPHP/Lib/Core/App.class.php 第 57 行.
NOTIC: [2] htmlspecialchars() expects parameter 2 to be long, string given /media/f/dev/ThinkPHP/Lib/Core/App.class.php 第 56 行.
NOTIC: [2] htmlspecialchars() expects parameter 2 to be long, string given /media/f/dev/ThinkPHP/Lib/Core/App.class.php 第 56 行.
NOTIC: [2] htmlspecialchars() expects parameter 2 to be long, string given /media/f/dev/ThinkPHP/Lib/Core/App.class.php 第 56 行.
NOTIC: [2] htmlspecialchars() expects parameter 2 to be long, string given /media/f/dev/ThinkPHP/Lib/Core/App.class.php 第 56 行.
NOTIC: [2] htmlspecialchars() expects parameter 2 to be long, string given /media/f/dev/ThinkPHP/Lib/Core/App.class.php 第 57 行.
INFO: [ app_begin ] --START--
INFO: Run ReadHtmlCache Behavior [ RunTime:0.005202s ]
INFO: [ app_begin ] --END-- [ RunTime:0.005481s ]
SQL: SHOW COLUMNS FROM `ao_member` [ RunTime:0.002120s ]
SQL: SELECT * FROM `ao_member` WHERE ( username='admin' ) LIMIT 1   [ RunTime:0.000912s ]
NOTIC: [8] A session had already been started - ignoring session_start() /media/f/dev/ThinkPHP/Common/functions.php 第 568 行.
NOTIC: [8] A session had already been started - ignoring session_start() /media/f/dev/ThinkPHP/Common/functions.php 第 568 行.
NOTIC: [8] A session had already been started - ignoring session_start() /media/f/dev/ThinkPHP/Common/functions.php 第 568 行.

[ 2013-04-19T04:32:05+08:00 ] 127.0.0.1 /index.php?s=/Index/index
INFO: [ route_check ] --START--
INFO: Run CheckRoute Behavior [ RunTime:0.006629s ]
INFO: [ route_check ] --END-- [ RunTime:0.007019s ]
NOTIC: [2] Wrong parameter count for stripslashes() /media/f/dev/ThinkPHP/Lib/Core/App.class.php 第 57 行.
NOTIC: [2] Wrong parameter count for stripslashes() /media/f/dev/ThinkPHP/Lib/Core/App.class.php 第 57 行.
INFO: [ app_begin ] --START--
INFO: Run ReadHtmlCache Behavior [ RunTime:0.003974s ]
INFO: [ app_begin ] --END-- [ RunTime:0.004264s ]
INFO: [ view_template ] --START--
INFO: Run LocationTemplate Behavior [ RunTime:0.003972s ]
INFO: [ view_template ] --END-- [ RunTime:0.004433s ]
INFO: [ view_parse ] --START--
INFO: Run ParseTemplate Behavior [ RunTime:0.048152s ]
INFO: [ view_parse ] --END-- [ RunTime:0.048487s ]
INFO: [ view_filter ] --START--
INFO: Run ContentReplace Behavior [ RunTime:0.004622s ]
INFO: Run TokenBuild Behavior [ RunTime:0.004619s ]
INFO: Run WriteHtmlCache Behavior [ RunTime:0.005302s ]
INFO: Run ShowRuntime Behavior [ RunTime:0.005058s ]
INFO: [ view_filter ] --END-- [ RunTime:0.020473s ]
INFO: [ view_end ] --START--
INFO: Run ShowPageTrace Behavior [ RunTime:0.004721s ]
INFO: [ view_end ] --END-- [ RunTime:0.005025s ]

[ 2013-04-19T04:32:05+08:00 ] ERR: (ThinkException) 无法加载模块:favicon
[ 2013-04-19T04:32:10+08:00 ] 127.0.0.1 /index.php?s=/Index/index
INFO: [ route_check ] --START--
INFO: Run CheckRoute Behavior [ RunTime:0.002708s ]
INFO: [ route_check ] --END-- [ RunTime:0.003013s ]
NOTIC: [2] Wrong parameter count for stripslashes() /media/f/dev/ThinkPHP/Lib/Core/App.class.php 第 57 行.
NOTIC: [2] Wrong parameter count for stripslashes() /media/f/dev/ThinkPHP/Lib/Core/App.class.php 第 57 行.
INFO: [ app_begin ] --START--
INFO: Run ReadHtmlCache Behavior [ RunTime:0.001985s ]
INFO: [ app_begin ] --END-- [ RunTime:0.002358s ]
INFO: [ view_template ] --START--
INFO: Run LocationTemplate Behavior [ RunTime:0.003424s ]
INFO: [ view_template ] --END-- [ RunTime:0.003688s ]
INFO: [ view_parse ] --START--
INFO: Run ParseTemplate Behavior [ RunTime:0.040837s ]
INFO: [ view_parse ] --END-- [ RunTime:0.041394s ]
INFO: [ view_filter ] --START--
INFO: Run ContentReplace Behavior [ RunTime:0.005948s ]
INFO: Run TokenBuild Behavior [ RunTime:0.002133s ]
INFO: Run WriteHtmlCache Behavior [ RunTime:0.001724s ]
INFO: Run ShowRuntime Behavior [ RunTime:0.004031s ]
INFO: [ view_filter ] --END-- [ RunTime:0.014674s ]
INFO: [ view_end ] --START--
INFO: Run ShowPageTrace Behavior [ RunTime:0.004922s ]
INFO: [ view_end ] --END-- [ RunTime:0.005237s ]

[ 2013-04-19T04:32:11+08:00 ] ERR: (ThinkException) 无法加载模块:favicon
[ 2013-04-19T04:32:13+08:00 ] 127.0.0.1 /index.php?s=/Member/Logout
INFO: [ route_check ] --START--
INFO: Run CheckRoute Behavior [ RunTime:0.004468s ]
INFO: [ route_check ] --END-- [ RunTime:0.004725s ]
NOTIC: [2] Wrong parameter count for stripslashes() /media/f/dev/ThinkPHP/Lib/Core/App.class.php 第 57 行.
NOTIC: [2] Wrong parameter count for stripslashes() /media/f/dev/ThinkPHP/Lib/Core/App.class.php 第 57 行.
INFO: [ app_begin ] --START--
INFO: Run ReadHtmlCache Behavior [ RunTime:0.002368s ]
INFO: [ app_begin ] --END-- [ RunTime:0.002563s ]
INFO: [ view_template ] --START--
INFO: Run LocationTemplate Behavior [ RunTime:0.005830s ]
INFO: [ view_template ] --END-- [ RunTime:0.006170s ]
INFO: [ view_parse ] --START--
INFO: Run ParseTemplate Behavior [ RunTime:0.094146s ]
INFO: [ view_parse ] --END-- [ RunTime:0.094557s ]
INFO: [ view_filter ] --START--
INFO: Run ContentReplace Behavior [ RunTime:0.004611s ]
INFO: Run TokenBuild Behavior [ RunTime:0.004816s ]
INFO: Run WriteHtmlCache Behavior [ RunTime:0.008475s ]
INFO: Run ShowRuntime Behavior [ RunTime:0.004920s ]
INFO: [ view_filter ] --END-- [ RunTime:0.023672s ]
INFO: [ view_end ] --START--
INFO: Run ShowPageTrace Behavior [ RunTime:0.007318s ]
INFO: [ view_end ] --END-- [ RunTime:0.007598s ]

[ 2013-04-19T04:32:13+08:00 ] ERR: (ThinkException) 无法加载模块:favicon
[ 2013-04-19T04:32:16+08:00 ] 127.0.0.1 /index.php?s=/Index/index
INFO: [ route_check ] --START--
INFO: Run CheckRoute Behavior [ RunTime:0.002985s ]
INFO: [ route_check ] --END-- [ RunTime:0.003209s ]
NOTIC: [2] Wrong parameter count for stripslashes() /media/f/dev/ThinkPHP/Lib/Core/App.class.php 第 57 行.
NOTIC: [2] Wrong parameter count for stripslashes() /media/f/dev/ThinkPHP/Lib/Core/App.class.php 第 57 行.
INFO: [ app_begin ] --START--
INFO: Run ReadHtmlCache Behavior [ RunTime:0.002587s ]
INFO: [ app_begin ] --END-- [ RunTime:0.002768s ]
INFO: [ view_template ] --START--
INFO: Run LocationTemplate Behavior [ RunTime:0.002897s ]
INFO: [ view_template ] --END-- [ RunTime:0.003149s ]
INFO: [ view_parse ] --START--
INFO: Run ParseTemplate Behavior [ RunTime:0.032544s ]
INFO: [ view_parse ] --END-- [ RunTime:0.032774s ]
INFO: [ view_filter ] --START--
INFO: Run ContentReplace Behavior [ RunTime:0.007638s ]
INFO: Run TokenBuild Behavior [ RunTime:0.003767s ]
INFO: Run WriteHtmlCache Behavior [ RunTime:0.003753s ]
INFO: Run ShowRuntime Behavior [ RunTime:0.005583s ]
INFO: [ view_filter ] --END-- [ RunTime:0.021539s ]
INFO: [ view_end ] --START--
INFO: Run ShowPageTrace Behavior [ RunTime:0.004148s ]
INFO: [ view_end ] --END-- [ RunTime:0.004458s ]

[ 2013-04-19T04:32:16+08:00 ] ERR: (ThinkException) 无法加载模块:favicon
[ 2013-04-19T04:32:27+08:00 ] ERR: [4] syntax error, unexpected T_LIST, expecting T_STRING /media/f/dev/autoorder/Lib/Action/NewsAction.class.php 第 16 行.
[ 2013-04-19T04:32:27+08:00 ] ERR: (ThinkException) 无法加载模块:favicon
[ 2013-04-19T04:32:34+08:00 ] ERR: [4] syntax error, unexpected T_LIST, expecting T_STRING /media/f/dev/autoorder/Lib/Action/NewsAction.class.php 第 16 行.
[ 2013-04-19T04:32:34+08:00 ] ERR: (ThinkException) 无法加载模块:favicon
[ 2013-04-19T04:32:38+08:00 ] ERR: [4] syntax error, unexpected T_LIST, expecting T_STRING /media/f/dev/autoorder/Lib/Action/NewsAction.class.php 第 16 行.
[ 2013-04-19T04:32:38+08:00 ] ERR: (ThinkException) 无法加载模块:favicon
[ 2013-04-19T04:32:52+08:00 ] ERR: [4] syntax error, unexpected T_LIST, expecting T_STRING /media/f/dev/autoorder/Lib/Action/NewsAction.class.php 第 16 行.
[ 2013-04-19T04:32:52+08:00 ] ERR: (ThinkException) 无法加载模块:favicon
[ 2013-04-19T04:33:18+08:00 ] ERR: [4] syntax error, unexpected T_LIST, expecting T_STRING /media/f/dev/autoorder/Lib/Action/NewsAction.class.php 第 16 行.
[ 2013-04-19T04:33:18+08:00 ] ERR: (ThinkException) 无法加载模块:favicon
[ 2013-04-19T04:33:44+08:00 ] 127.0.0.1 /index.php?s=/News/View
INFO: [ route_check ] --START--
INFO: Run CheckRoute Behavior [ RunTime:0.002075s ]
INFO: [ route_check ] --END-- [ RunTime:0.002292s ]
NOTIC: [2] Wrong parameter count for stripslashes() /media/f/dev/ThinkPHP/Lib/Core/App.class.php 第 57 行.
NOTIC: [2] Wrong parameter count for stripslashes() /media/f/dev/ThinkPHP/Lib/Core/App.class.php 第 57 行.
INFO: [ app_begin ] --START--
INFO: Run ReadHtmlCache Behavior [ RunTime:0.001587s ]
INFO: [ app_begin ] --END-- [ RunTime:0.001761s ]
INFO: [ view_template ] --START--
INFO: Run LocationTemplate Behavior [ RunTime:0.001568s ]
INFO: [ view_template ] --END-- [ RunTime:0.001799s ]
INFO: [ view_parse ] --START--
INFO: Run ParseTemplate Behavior [ RunTime:0.097065s ]
INFO: [ view_parse ] --END-- [ RunTime:0.097276s ]
INFO: [ view_filter ] --START--
INFO: Run ContentReplace Behavior [ RunTime:0.001445s ]
INFO: Run TokenBuild Behavior [ RunTime:0.001326s ]
INFO: Run WriteHtmlCache Behavior [ RunTime:0.001124s ]
INFO: Run ShowRuntime Behavior [ RunTime:0.001462s ]
INFO: [ view_filter ] --END-- [ RunTime:0.005826s ]
INFO: [ view_end ] --START--
INFO: Run ShowPageTrace Behavior [ RunTime:0.001785s ]
INFO: [ view_end ] --END-- [ RunTime:0.001953s ]

[ 2013-04-19T04:33:45+08:00 ] ERR: (ThinkException) 无法加载模块:favicon
[ 2013-04-19T04:33:47+08:00 ] 127.0.0.1 /index.php?s=/News/View
INFO: [ route_check ] --START--
INFO: Run CheckRoute Behavior [ RunTime:0.002149s ]
INFO: [ route_check ] --END-- [ RunTime:0.002386s ]
NOTIC: [2] Wrong parameter count for stripslashes() /media/f/dev/ThinkPHP/Lib/Core/App.class.php 第 57 行.
NOTIC: [2] Wrong parameter count for stripslashes() /media/f/dev/ThinkPHP/Lib/Core/App.class.php 第 57 行.
INFO: [ app_begin ] --START--
INFO: Run ReadHtmlCache Behavior [ RunTime:0.001597s ]
INFO: [ app_begin ] --END-- [ RunTime:0.001773s ]
INFO: [ view_template ] --START--
INFO: Run LocationTemplate Behavior [ RunTime:0.001529s ]
INFO: [ view_template ] --END-- [ RunTime:0.001754s ]
INFO: [ view_parse ] --START--
INFO: Run ParseTemplate Behavior [ RunTime:0.024607s ]
INFO: [ view_parse ] --END-- [ RunTime:0.024823s ]
INFO: [ view_filter ] --START--
INFO: Run ContentReplace Behavior [ RunTime:0.001608s ]
INFO: Run TokenBuild Behavior [ RunTime:0.001425s ]
INFO: Run WriteHtmlCache Behavior [ RunTime:0.001200s ]
INFO: Run ShowRuntime Behavior [ RunTime:0.001471s ]
INFO: [ view_filter ] --END-- [ RunTime:0.006199s ]
INFO: [ view_end ] --START--
INFO: Run ShowPageTrace Behavior [ RunTime:0.001792s ]
INFO: [ view_end ] --END-- [ RunTime:0.001964s ]

[ 2013-04-19T04:33:47+08:00 ] ERR: (ThinkException) 无法加载模块:favicon
[ 2013-04-19T04:34:18+08:00 ] ERR: [4] syntax error, unexpected T_LIST, expecting T_STRING /media/f/dev/autoorder/Lib/Action/NewsAction.class.php 第 16 行.
[ 2013-04-19T04:34:18+08:00 ] ERR: (ThinkException) 无法加载模块:favicon
[ 2013-04-19T04:34:29+08:00 ] ERR: [4] syntax error, unexpected T_LIST, expecting T_STRING /media/f/dev/autoorder/Lib/Action/NewsAction.class.php 第 16 行.
[ 2013-04-19T04:34:29+08:00 ] ERR: (ThinkException) 无法加载模块:favicon
[ 2013-04-19T04:34:30+08:00 ] ERR: [4] syntax error, unexpected T_LIST, expecting T_STRING /media/f/dev/autoorder/Lib/Action/NewsAction.class.php 第 16 行.
[ 2013-04-19T04:34:31+08:00 ] ERR: (ThinkException) 无法加载模块:favicon
[ 2013-04-19T04:34:38+08:00 ] 127.0.0.1 /index.php?s=/News/View
INFO: [ route_check ] --START--
INFO: Run CheckRoute Behavior [ RunTime:0.003113s ]
INFO: [ route_check ] --END-- [ RunTime:0.003350s ]
NOTIC: [2] Wrong parameter count for stripslashes() /media/f/dev/ThinkPHP/Lib/Core/App.class.php 第 57 行.
NOTIC: [2] Wrong parameter count for stripslashes() /media/f/dev/ThinkPHP/Lib/Core/App.class.php 第 57 行.
INFO: [ app_begin ] --START--
INFO: Run ReadHtmlCache Behavior [ RunTime:0.002912s ]
INFO: [ app_begin ] --END-- [ RunTime:0.003344s ]
INFO: [ view_template ] --START--
INFO: Run LocationTemplate Behavior [ RunTime:0.001738s ]
INFO: [ view_template ] --END-- [ RunTime:0.002155s ]
INFO: [ view_parse ] --START--
INFO: Run ParseTemplate Behavior [ RunTime:0.030457s ]
INFO: [ view_parse ] --END-- [ RunTime:0.030766s ]
INFO: [ view_filter ] --START--
INFO: Run ContentReplace Behavior [ RunTime:0.004209s ]
INFO: Run TokenBuild Behavior [ RunTime:0.003619s ]
INFO: Run WriteHtmlCache Behavior [ RunTime:0.001671s ]
INFO: Run ShowRuntime Behavior [ RunTime:0.008580s ]
INFO: [ view_filter ] --END-- [ RunTime:0.018678s ]
INFO: [ view_end ] --START--
INFO: Run ShowPageTrace Behavior [ RunTime:0.001929s ]
INFO: [ view_end ] --END-- [ RunTime:0.002129s ]

[ 2013-04-19T04:34:38+08:00 ] ERR: (ThinkException) 无法加载模块:favicon
[ 2013-04-19T04:34:45+08:00 ] ERR: (ThinkException) 模板不存在[/media/f/dev/autoorder/Tpl/News/Bist.html]
[ 2013-04-19T04:34:45+08:00 ] 127.0.0.1 /index.php?s=/News/Bist
INFO: [ route_check ] --START--
INFO: Run CheckRoute Behavior [ RunTime:0.001986s ]
INFO: [ route_check ] --END-- [ RunTime:0.002221s ]
NOTIC: [2] Wrong parameter count for stripslashes() /media/f/dev/ThinkPHP/Lib/Core/App.class.php 第 57 行.
NOTIC: [2] Wrong parameter count for stripslashes() /media/f/dev/ThinkPHP/Lib/Core/App.class.php 第 57 行.
INFO: [ app_begin ] --START--
INFO: Run ReadHtmlCache Behavior [ RunTime:0.001511s ]
INFO: [ app_begin ] --END-- [ RunTime:0.001687s ]
INFO: [ view_template ] --START--
NOTIC: [8] Undefined index:  class /media/f/dev/ThinkPHP/Lib/Core/ThinkException.class.php 第 63 行.
NOTIC: [8] Undefined index:  type /media/f/dev/ThinkPHP/Lib/Core/ThinkException.class.php 第 63 行.
NOTIC: [8] Undefined index:  class /media/f/dev/ThinkPHP/Lib/Core/ThinkException.class.php 第 63 行.
NOTIC: [8] Undefined index:  type /media/f/dev/ThinkPHP/Lib/Core/ThinkException.class.php 第 63 行.
NOTIC: [8] Undefined index:  args /media/f/dev/ThinkPHP/Lib/Core/ThinkException.class.php 第 64 行.
NOTIC: [2] implode() [<a href='function.implode'>function.implode</a>]: Invalid arguments passed /media/f/dev/ThinkPHP/Lib/Core/ThinkException.class.php 第 64 行.
NOTIC: [8] Undefined index:  file /media/f/dev/ThinkPHP/Lib/Core/ThinkException.class.php 第 62 行.
NOTIC: [8] Undefined index:  line /media/f/dev/ThinkPHP/Lib/Core/ThinkException.class.php 第 62 行.
NOTIC: [4096] Object of class NewsAction could not be converted to string /media/f/dev/ThinkPHP/Lib/Core/ThinkException.class.php 第 64 行.
NOTIC: [8] Undefined index:  class /media/f/dev/ThinkPHP/Lib/Core/ThinkException.class.php 第 63 行.
NOTIC: [8] Undefined index:  type /media/f/dev/ThinkPHP/Lib/Core/ThinkException.class.php 第 63 行.
NOTIC: [8] Undefined index:  class /media/f/dev/ThinkPHP/Lib/Core/ThinkException.class.php 第 63 行.
NOTIC: [8] Undefined index:  type /media/f/dev/ThinkPHP/Lib/Core/ThinkException.class.php 第 63 行.

[ 2013-04-19T04:34:45+08:00 ] ERR: (ThinkException) 无法加载模块:favicon
[ 2013-04-19T21:17:36+08:00 ] 127.0.0.1 /index.php?s=/Member/Register
INFO: [ route_check ] --START--
INFO: Run CheckRoute Behavior [ RunTime:0.005572s ]
INFO: [ route_check ] --END-- [ RunTime:0.005786s ]
NOTIC: [2] Wrong parameter count for stripslashes() /media/f/dev/autoorder/ThinkPHP/Lib/Core/App.class.php 第 57 行.
NOTIC: [2] Wrong parameter count for stripslashes() /media/f/dev/autoorder/ThinkPHP/Lib/Core/App.class.php 第 57 行.
INFO: [ app_begin ] --START--
INFO: Run ReadHtmlCache Behavior [ RunTime:0.005634s ]
INFO: [ app_begin ] --END-- [ RunTime:0.005842s ]
INFO: [ view_template ] --START--
INFO: Run LocationTemplate Behavior [ RunTime:0.001729s ]
INFO: [ view_template ] --END-- [ RunTime:0.001953s ]
INFO: [ view_parse ] --START--
INFO: Run ParseTemplate Behavior [ RunTime:0.078110s ]
INFO: [ view_parse ] --END-- [ RunTime:0.078306s ]
INFO: [ view_filter ] --START--
INFO: Run ContentReplace Behavior [ RunTime:0.004130s ]
INFO: Run TokenBuild Behavior [ RunTime:0.008916s ]
INFO: Run WriteHtmlCache Behavior [ RunTime:0.005795s ]
INFO: Run ShowRuntime Behavior [ RunTime:0.016943s ]
INFO: [ view_filter ] --END-- [ RunTime:0.036649s ]
INFO: [ view_end ] --START--
INFO: Run ShowPageTrace Behavior [ RunTime:0.007547s ]
INFO: [ view_end ] --END-- [ RunTime:0.007848s ]

[ 2013-04-19T21:17:36+08:00 ] 127.0.0.1 /index.php?s=/Public/Verify
INFO: [ route_check ] --START--
INFO: Run CheckRoute Behavior [ RunTime:0.002105s ]
INFO: [ route_check ] --END-- [ RunTime:0.002309s ]
NOTIC: [2] Wrong parameter count for stripslashes() /media/f/dev/autoorder/ThinkPHP/Lib/Core/App.class.php 第 57 行.
NOTIC: [2] Wrong parameter count for stripslashes() /media/f/dev/autoorder/ThinkPHP/Lib/Core/App.class.php 第 57 行.
INFO: [ app_begin ] --START--
INFO: Run ReadHtmlCache Behavior [ RunTime:0.002385s ]
INFO: [ app_begin ] --END-- [ RunTime:0.002574s ]
NOTIC: [8] Use of undefined constant png - assumed 'png' /media/f/dev/autoorder/Lib/Action/PublicAction.class.php 第 5 行.

[ 2013-04-19T21:17:37+08:00 ] ERR: (ThinkException) 无法加载模块:favicon
[ 2013-04-19T21:17:39+08:00 ] 127.0.0.1 /index.php?s=/Index/index
INFO: [ route_check ] --START--
INFO: Run CheckRoute Behavior [ RunTime:0.003352s ]
INFO: [ route_check ] --END-- [ RunTime:0.003622s ]
NOTIC: [2] Wrong parameter count for stripslashes() /media/f/dev/autoorder/ThinkPHP/Lib/Core/App.class.php 第 57 行.
NOTIC: [2] Wrong parameter count for stripslashes() /media/f/dev/autoorder/ThinkPHP/Lib/Core/App.class.php 第 57 行.
INFO: [ app_begin ] --START--
INFO: Run ReadHtmlCache Behavior [ RunTime:0.002007s ]
INFO: [ app_begin ] --END-- [ RunTime:0.002211s ]
INFO: [ view_template ] --START--
INFO: Run LocationTemplate Behavior [ RunTime:0.006285s ]
INFO: [ view_template ] --END-- [ RunTime:0.006595s ]
INFO: [ view_parse ] --START--
INFO: Run ParseTemplate Behavior [ RunTime:0.062170s ]
INFO: [ view_parse ] --END-- [ RunTime:0.062470s ]
INFO: [ view_filter ] --START--
INFO: Run ContentReplace Behavior [ RunTime:0.002589s ]
INFO: Run TokenBuild Behavior [ RunTime:0.004787s ]
INFO: Run WriteHtmlCache Behavior [ RunTime:0.003351s ]
INFO: Run ShowRuntime Behavior [ RunTime:0.004985s ]
INFO: [ view_filter ] --END-- [ RunTime:0.016506s ]
INFO: [ view_end ] --START--
INFO: Run ShowPageTrace Behavior [ RunTime:0.003711s ]
INFO: [ view_end ] --END-- [ RunTime:0.003895s ]

[ 2013-04-19T21:17:39+08:00 ] ERR: (ThinkException) 无法加载模块:favicon
[ 2013-04-19T21:32:37+08:00 ] 127.0.0.1 /index.php?s=/Index/index
INFO: [ route_check ] --START--
INFO: Run CheckRoute Behavior [ RunTime:0.002331s ]
INFO: [ route_check ] --END-- [ RunTime:0.002557s ]
NOTIC: [2] Wrong parameter count for stripslashes() /media/f/dev/autoorder/ThinkPHP/Lib/Core/App.class.php 第 57 行.
NOTIC: [2] Wrong parameter count for stripslashes() /media/f/dev/autoorder/ThinkPHP/Lib/Core/App.class.php 第 57 行.
INFO: [ app_begin ] --START--
INFO: Run ReadHtmlCache Behavior [ RunTime:0.001738s ]
INFO: [ app_begin ] --END-- [ RunTime:0.001913s ]
INFO: [ view_template ] --START--
INFO: Run LocationTemplate Behavior [ RunTime:0.001802s ]
INFO: [ view_template ] --END-- [ RunTime:0.002047s ]
INFO: [ view_parse ] --START--
INFO: Run ParseTemplate Behavior [ RunTime:0.026626s ]
INFO: [ view_parse ] --END-- [ RunTime:0.026830s ]
INFO: [ view_filter ] --START--
INFO: Run ContentReplace Behavior [ RunTime:0.001588s ]
INFO: Run TokenBuild Behavior [ RunTime:0.001555s ]
INFO: Run WriteHtmlCache Behavior [ RunTime:0.001318s ]
INFO: Run ShowRuntime Behavior [ RunTime:0.001582s ]
INFO: [ view_filter ] --END-- [ RunTime:0.006520s ]
INFO: [ view_end ] --START--
INFO: Run ShowPageTrace Behavior [ RunTime:0.002091s ]
INFO: [ view_end ] --END-- [ RunTime:0.002261s ]

[ 2013-04-19T21:32:37+08:00 ] ERR: (ThinkException) 无法加载模块:favicon
