[ 2013-04-23T04:24:36+08:00 ] 127.0.0.1 /index.php
INFO: [ app_begin ] --START--
INFO: Run ReadHtmlCache Behavior [ RunTime:0.042403s ]
INFO: [ app_begin ] --END-- [ RunTime:0.042939s ]
INFO: [ view_template ] --START--
INFO: Run LocationTemplate Behavior [ RunTime:0.018677s ]
INFO: [ view_template ] --END-- [ RunTime:0.019081s ]
INFO: [ view_parse ] --START--
INFO: Run ParseTemplate Behavior [ RunTime:0.196633s ]
INFO: [ view_parse ] --END-- [ RunTime:0.197008s ]
INFO: [ view_filter ] --START--
INFO: Run ContentReplace Behavior [ RunTime:0.025906s ]
INFO: Run TokenBuild Behavior [ RunTime:0.022553s ]
INFO: Run WriteHtmlCache Behavior [ RunTime:0.019426s ]
INFO: Run ShowRuntime Behavior [ RunTime:0.015714s ]
INFO: [ view_filter ] --END-- [ RunTime:0.084676s ]
INFO: [ view_end ] --START--
INFO: Run ShowPageTrace Behavior [ RunTime:0.014632s ]
INFO: [ view_end ] --END-- [ RunTime:0.014968s ]

[ 2013-04-23T04:24:37+08:00 ] ERR: (ThinkException) 无法加载模块:favicon
[ 2013-04-23T04:24:43+08:00 ] ERR: (ThinkException) 无法加载模块:favicon
[ 2013-04-23T04:24:46+08:00 ] 127.0.0.1 /index.php?s=/Member/Register
INFO: [ route_check ] --START--
INFO: Run CheckRoute Behavior [ RunTime:0.010272s ]
INFO: [ route_check ] --END-- [ RunTime:0.010786s ]
NOTIC: [2] Wrong parameter count for stripslashes() /media/f/dev/autoorder/ThinkPHP/Lib/Core/App.class.php 第 57 行.
NOTIC: [2] Wrong parameter count for stripslashes() /media/f/dev/autoorder/ThinkPHP/Lib/Core/App.class.php 第 57 行.
INFO: [ app_begin ] --START--
INFO: Run ReadHtmlCache Behavior [ RunTime:0.007431s ]
INFO: [ app_begin ] --END-- [ RunTime:0.007809s ]
INFO: [ view_template ] --START--
INFO: Run LocationTemplate Behavior [ RunTime:0.002984s ]
INFO: [ view_template ] --END-- [ RunTime:0.003447s ]
INFO: [ view_parse ] --START--
INFO: Run ParseTemplate Behavior [ RunTime:0.109972s ]
INFO: [ view_parse ] --END-- [ RunTime:0.110272s ]
INFO: [ view_filter ] --START--
INFO: Run ContentReplace Behavior [ RunTime:0.001642s ]
INFO: Run TokenBuild Behavior [ RunTime:0.009774s ]
INFO: Run WriteHtmlCache Behavior [ RunTime:0.012058s ]
INFO: Run ShowRuntime Behavior [ RunTime:0.007709s ]
INFO: [ view_filter ] --END-- [ RunTime:0.031999s ]
INFO: [ view_end ] --START--
INFO: Run ShowPageTrace Behavior [ RunTime:0.005031s ]
INFO: [ view_end ] --END-- [ RunTime:0.005348s ]

[ 2013-04-23T04:24:46+08:00 ] 127.0.0.1 /index.php?s=/Public/Verify
INFO: [ route_check ] --START--
INFO: Run CheckRoute Behavior [ RunTime:0.002180s ]
INFO: [ route_check ] --END-- [ RunTime:0.002480s ]
NOTIC: [2] Wrong parameter count for stripslashes() /media/f/dev/autoorder/ThinkPHP/Lib/Core/App.class.php 第 57 行.
NOTIC: [2] Wrong parameter count for stripslashes() /media/f/dev/autoorder/ThinkPHP/Lib/Core/App.class.php 第 57 行.
INFO: [ app_begin ] --START--
INFO: Run ReadHtmlCache Behavior [ RunTime:0.003288s ]
INFO: [ app_begin ] --END-- [ RunTime:0.003515s ]
NOTIC: [8] Use of undefined constant png - assumed 'png' /media/f/dev/autoorder/Lib/Action/PublicAction.class.php 第 5 行.

[ 2013-04-23T04:24:47+08:00 ] ERR: (ThinkException) 无法加载模块:favicon
[ 2013-04-23T04:24:48+08:00 ] 127.0.0.1 /index.php?s=/Index/index
INFO: [ route_check ] --START--
INFO: Run CheckRoute Behavior [ RunTime:0.004590s ]
INFO: [ route_check ] --END-- [ RunTime:0.004991s ]
NOTIC: [2] Wrong parameter count for stripslashes() /media/f/dev/autoorder/ThinkPHP/Lib/Core/App.class.php 第 57 行.
NOTIC: [2] Wrong parameter count for stripslashes() /media/f/dev/autoorder/ThinkPHP/Lib/Core/App.class.php 第 57 行.
INFO: [ app_begin ] --START--
INFO: Run ReadHtmlCache Behavior [ RunTime:0.003929s ]
INFO: [ app_begin ] --END-- [ RunTime:0.004219s ]
INFO: [ view_template ] --START--
INFO: Run LocationTemplate Behavior [ RunTime:0.009615s ]
INFO: [ view_template ] --END-- [ RunTime:0.009995s ]
INFO: [ view_parse ] --START--
INFO: Run ParseTemplate Behavior [ RunTime:0.102185s ]
INFO: [ view_parse ] --END-- [ RunTime:0.102443s ]
INFO: [ view_filter ] --START--
INFO: Run ContentReplace Behavior [ RunTime:0.004712s ]
INFO: Run TokenBuild Behavior [ RunTime:0.011568s ]
INFO: Run WriteHtmlCache Behavior [ RunTime:0.013047s ]
INFO: Run ShowRuntime Behavior [ RunTime:0.003739s ]
INFO: [ view_filter ] --END-- [ RunTime:0.033880s ]
INFO: [ view_end ] --START--
INFO: Run ShowPageTrace Behavior [ RunTime:0.009573s ]
INFO: [ view_end ] --END-- [ RunTime:0.009893s ]

[ 2013-04-23T04:24:48+08:00 ] ERR: (ThinkException) 无法加载模块:favicon
[ 2013-04-23T04:26:59+08:00 ] 127.0.0.1 /index.php?s=/Member/Register
INFO: [ route_check ] --START--
INFO: Run CheckRoute Behavior [ RunTime:0.011745s ]
INFO: [ route_check ] --END-- [ RunTime:0.012148s ]
NOTIC: [2] Wrong parameter count for stripslashes() /media/f/dev/autoorder/ThinkPHP/Lib/Core/App.class.php 第 57 行.
NOTIC: [2] Wrong parameter count for stripslashes() /media/f/dev/autoorder/ThinkPHP/Lib/Core/App.class.php 第 57 行.
INFO: [ app_begin ] --START--
INFO: Run ReadHtmlCache Behavior [ RunTime:0.009272s ]
INFO: [ app_begin ] --END-- [ RunTime:0.009646s ]
INFO: [ view_template ] --START--
INFO: Run LocationTemplate Behavior [ RunTime:0.011515s ]
INFO: [ view_template ] --END-- [ RunTime:0.011967s ]
INFO: [ view_parse ] --START--
INFO: Run ParseTemplate Behavior [ RunTime:0.060950s ]
INFO: [ view_parse ] --END-- [ RunTime:0.061247s ]
INFO: [ view_filter ] --START--
INFO: Run ContentReplace Behavior [ RunTime:0.004857s ]
INFO: Run TokenBuild Behavior [ RunTime:0.005361s ]
INFO: Run WriteHtmlCache Behavior [ RunTime:0.006823s ]
INFO: Run ShowRuntime Behavior [ RunTime:0.007177s ]
INFO: [ view_filter ] --END-- [ RunTime:0.025103s ]
INFO: [ view_end ] --START--
INFO: Run ShowPageTrace Behavior [ RunTime:0.009294s ]
INFO: [ view_end ] --END-- [ RunTime:0.009657s ]

[ 2013-04-23T04:26:59+08:00 ] ERR: (ThinkException) 无法加载模块:favicon
[ 2013-04-23T04:27:01+08:00 ] ERR: (ThinkException) 无法加载模块:favicon
[ 2013-04-23T04:27:11+08:00 ] ERR: (ThinkException) 无法加载模块:favicon
[ 2013-04-23T04:27:21+08:00 ] ERR: (ThinkException) 无法加载模块:favicon
[ 2013-04-23T04:27:34+08:00 ] ERR: (ThinkException) 无法加载模块:favicon
[ 2013-04-23T04:27:34+08:00 ] ERR: (ThinkException) 无法加载模块:favicon
[ 2013-04-23T04:28:15+08:00 ] ERR: (ThinkException) 无法加载模块:favicon
[ 2013-04-23T04:30:03+08:00 ] 127.0.0.1 /index.php?s=/Member/Register
INFO: [ route_check ] --START--
INFO: Run CheckRoute Behavior [ RunTime:0.002188s ]
INFO: [ route_check ] --END-- [ RunTime:0.002419s ]
NOTIC: [2] Wrong parameter count for stripslashes() /media/f/dev/autoorder/ThinkPHP/Lib/Core/App.class.php 第 57 行.
NOTIC: [2] Wrong parameter count for stripslashes() /media/f/dev/autoorder/ThinkPHP/Lib/Core/App.class.php 第 57 行.
INFO: [ app_begin ] --START--
INFO: Run ReadHtmlCache Behavior [ RunTime:0.001680s ]
INFO: [ app_begin ] --END-- [ RunTime:0.001885s ]
INFO: [ view_template ] --START--
INFO: Run LocationTemplate Behavior [ RunTime:0.002580s ]
INFO: [ view_template ] --END-- [ RunTime:0.002818s ]
INFO: [ view_parse ] --START--
INFO: Run ParseTemplate Behavior [ RunTime:0.070398s ]
INFO: [ view_parse ] --END-- [ RunTime:0.070614s ]
INFO: [ view_filter ] --START--
INFO: Run ContentReplace Behavior [ RunTime:0.001474s ]
INFO: Run TokenBuild Behavior [ RunTime:0.001436s ]
INFO: Run WriteHtmlCache Behavior [ RunTime:0.001165s ]
INFO: Run ShowRuntime Behavior [ RunTime:0.001508s ]
INFO: [ view_filter ] --END-- [ RunTime:0.006119s ]
INFO: [ view_end ] --START--
INFO: Run ShowPageTrace Behavior [ RunTime:0.002048s ]
INFO: [ view_end ] --END-- [ RunTime:0.002221s ]

[ 2013-04-23T04:30:03+08:00 ] ERR: (ThinkException) 无法加载模块:favicon
[ 2013-04-23T04:31:30+08:00 ] 127.0.0.1 /index.php?s=/Member/Register
INFO: [ route_check ] --START--
INFO: Run CheckRoute Behavior [ RunTime:0.002140s ]
INFO: [ route_check ] --END-- [ RunTime:0.002353s ]
NOTIC: [2] Wrong parameter count for stripslashes() /media/f/dev/autoorder/ThinkPHP/Lib/Core/App.class.php 第 57 行.
NOTIC: [2] Wrong parameter count for stripslashes() /media/f/dev/autoorder/ThinkPHP/Lib/Core/App.class.php 第 57 行.
INFO: [ app_begin ] --START--
INFO: Run ReadHtmlCache Behavior [ RunTime:0.001627s ]
INFO: [ app_begin ] --END-- [ RunTime:0.001805s ]
INFO: [ view_template ] --START--
INFO: Run LocationTemplate Behavior [ RunTime:0.001684s ]
INFO: [ view_template ] --END-- [ RunTime:0.001908s ]
INFO: [ view_parse ] --START--
INFO: Run ParseTemplate Behavior [ RunTime:0.023749s ]
INFO: [ view_parse ] --END-- [ RunTime:0.023974s ]
INFO: [ view_filter ] --START--
INFO: Run ContentReplace Behavior [ RunTime:0.001565s ]
INFO: Run TokenBuild Behavior [ RunTime:0.001465s ]
INFO: Run WriteHtmlCache Behavior [ RunTime:0.001285s ]
INFO: Run ShowRuntime Behavior [ RunTime:0.001501s ]
INFO: [ view_filter ] --END-- [ RunTime:0.006306s ]
INFO: [ view_end ] --START--
INFO: Run ShowPageTrace Behavior [ RunTime:0.001913s ]
INFO: [ view_end ] --END-- [ RunTime:0.002087s ]

[ 2013-04-23T04:31:30+08:00 ] ERR: (ThinkException) 无法加载模块:favicon
[ 2013-04-23T04:31:45+08:00 ] 127.0.0.1 /index.php?s=/Member/Register
INFO: [ route_check ] --START--
INFO: Run CheckRoute Behavior [ RunTime:0.002075s ]
INFO: [ route_check ] --END-- [ RunTime:0.002288s ]
NOTIC: [2] Wrong parameter count for stripslashes() /media/f/dev/autoorder/ThinkPHP/Lib/Core/App.class.php 第 57 行.
NOTIC: [2] Wrong parameter count for stripslashes() /media/f/dev/autoorder/ThinkPHP/Lib/Core/App.class.php 第 57 行.
INFO: [ app_begin ] --START--
INFO: Run ReadHtmlCache Behavior [ RunTime:0.001628s ]
INFO: [ app_begin ] --END-- [ RunTime:0.001808s ]
INFO: [ view_template ] --START--
INFO: Run LocationTemplate Behavior [ RunTime:0.001745s ]
INFO: [ view_template ] --END-- [ RunTime:0.001983s ]
INFO: [ view_parse ] --START--
INFO: Run ParseTemplate Behavior [ RunTime:0.022578s ]
INFO: [ view_parse ] --END-- [ RunTime:0.022779s ]
INFO: [ view_filter ] --START--
INFO: Run ContentReplace Behavior [ RunTime:0.001494s ]
INFO: Run TokenBuild Behavior [ RunTime:0.001530s ]
INFO: Run WriteHtmlCache Behavior [ RunTime:0.006120s ]
INFO: Run ShowRuntime Behavior [ RunTime:0.001622s ]
INFO: [ view_filter ] --END-- [ RunTime:0.011324s ]
INFO: [ view_end ] --START--
INFO: Run ShowPageTrace Behavior [ RunTime:0.002356s ]
INFO: [ view_end ] --END-- [ RunTime:0.002560s ]

[ 2013-04-23T04:31:45+08:00 ] ERR: (ThinkException) 无法加载模块:favicon
[ 2013-04-23T04:31:55+08:00 ] 127.0.0.1 /index.php?s=/Member/Register
INFO: [ route_check ] --START--
INFO: Run CheckRoute Behavior [ RunTime:0.005086s ]
INFO: [ route_check ] --END-- [ RunTime:0.005321s ]
NOTIC: [2] Wrong parameter count for stripslashes() /media/f/dev/autoorder/ThinkPHP/Lib/Core/App.class.php 第 57 行.
NOTIC: [2] Wrong parameter count for stripslashes() /media/f/dev/autoorder/ThinkPHP/Lib/Core/App.class.php 第 57 行.
INFO: [ app_begin ] --START--
INFO: Run ReadHtmlCache Behavior [ RunTime:0.001479s ]
INFO: [ app_begin ] --END-- [ RunTime:0.001650s ]
INFO: [ view_template ] --START--
INFO: Run LocationTemplate Behavior [ RunTime:0.001709s ]
INFO: [ view_template ] --END-- [ RunTime:0.001941s ]
INFO: [ view_parse ] --START--
INFO: Run ParseTemplate Behavior [ RunTime:0.033101s ]
INFO: [ view_parse ] --END-- [ RunTime:0.033315s ]
INFO: [ view_filter ] --START--
INFO: Run ContentReplace Behavior [ RunTime:0.001421s ]
INFO: Run TokenBuild Behavior [ RunTime:0.001774s ]
INFO: Run WriteHtmlCache Behavior [ RunTime:0.001178s ]
INFO: Run ShowRuntime Behavior [ RunTime:0.001510s ]
INFO: [ view_filter ] --END-- [ RunTime:0.006407s ]
INFO: [ view_end ] --START--
INFO: Run ShowPageTrace Behavior [ RunTime:0.001862s ]
INFO: [ view_end ] --END-- [ RunTime:0.002035s ]

[ 2013-04-23T04:31:55+08:00 ] ERR: (ThinkException) 无法加载模块:favicon
[ 2013-04-23T04:32:06+08:00 ] 127.0.0.1 /index.php?s=/Member/Register
INFO: [ route_check ] --START--
INFO: Run CheckRoute Behavior [ RunTime:0.001939s ]
INFO: [ route_check ] --END-- [ RunTime:0.002159s ]
NOTIC: [2] Wrong parameter count for stripslashes() /media/f/dev/autoorder/ThinkPHP/Lib/Core/App.class.php 第 57 行.
NOTIC: [2] Wrong parameter count for stripslashes() /media/f/dev/autoorder/ThinkPHP/Lib/Core/App.class.php 第 57 行.
INFO: [ app_begin ] --START--
INFO: Run ReadHtmlCache Behavior [ RunTime:0.001553s ]
INFO: [ app_begin ] --END-- [ RunTime:0.001725s ]
INFO: [ view_template ] --START--
INFO: Run LocationTemplate Behavior [ RunTime:0.001715s ]
INFO: [ view_template ] --END-- [ RunTime:0.001944s ]
INFO: [ view_parse ] --START--
INFO: Run ParseTemplate Behavior [ RunTime:0.033881s ]
INFO: [ view_parse ] --END-- [ RunTime:0.034112s ]
INFO: [ view_filter ] --START--
INFO: Run ContentReplace Behavior [ RunTime:0.002211s ]
INFO: Run TokenBuild Behavior [ RunTime:0.002347s ]
INFO: Run WriteHtmlCache Behavior [ RunTime:0.002216s ]
INFO: Run ShowRuntime Behavior [ RunTime:0.003987s ]
INFO: [ view_filter ] --END-- [ RunTime:0.011398s ]
INFO: [ view_end ] --START--
INFO: Run ShowPageTrace Behavior [ RunTime:0.003753s ]
INFO: [ view_end ] --END-- [ RunTime:0.004048s ]

[ 2013-04-23T04:32:07+08:00 ] ERR: (ThinkException) 无法加载模块:favicon
[ 2013-04-23T04:34:01+08:00 ] 127.0.0.1 /index.php?s=/Index/index
INFO: [ route_check ] --START--
INFO: Run CheckRoute Behavior [ RunTime:0.004565s ]
INFO: [ route_check ] --END-- [ RunTime:0.004820s ]
NOTIC: [2] Wrong parameter count for stripslashes() /media/f/dev/autoorder/ThinkPHP/Lib/Core/App.class.php 第 57 行.
NOTIC: [2] Wrong parameter count for stripslashes() /media/f/dev/autoorder/ThinkPHP/Lib/Core/App.class.php 第 57 行.
INFO: [ app_begin ] --START--
INFO: Run ReadHtmlCache Behavior [ RunTime:0.002752s ]
INFO: [ app_begin ] --END-- [ RunTime:0.003020s ]
INFO: [ view_template ] --START--
INFO: Run LocationTemplate Behavior [ RunTime:0.005707s ]
INFO: [ view_template ] --END-- [ RunTime:0.006150s ]
INFO: [ view_parse ] --START--
INFO: Run ParseTemplate Behavior [ RunTime:0.079306s ]
INFO: [ view_parse ] --END-- [ RunTime:0.079571s ]
INFO: [ view_filter ] --START--
INFO: Run ContentReplace Behavior [ RunTime:0.001544s ]
INFO: Run TokenBuild Behavior [ RunTime:0.001394s ]
INFO: Run WriteHtmlCache Behavior [ RunTime:0.001130s ]
INFO: Run ShowRuntime Behavior [ RunTime:0.001611s ]
INFO: [ view_filter ] --END-- [ RunTime:0.006145s ]
INFO: [ view_end ] --START--
INFO: Run ShowPageTrace Behavior [ RunTime:0.001864s ]
INFO: [ view_end ] --END-- [ RunTime:0.002047s ]

[ 2013-04-23T04:34:01+08:00 ] ERR: (ThinkException) 无法加载模块:favicon
[ 2013-04-23T04:34:02+08:00 ] 127.0.0.1 /index.php?s=/Member/Register
INFO: [ route_check ] --START--
INFO: Run CheckRoute Behavior [ RunTime:0.003922s ]
INFO: [ route_check ] --END-- [ RunTime:0.004214s ]
NOTIC: [2] Wrong parameter count for stripslashes() /media/f/dev/autoorder/ThinkPHP/Lib/Core/App.class.php 第 57 行.
NOTIC: [2] Wrong parameter count for stripslashes() /media/f/dev/autoorder/ThinkPHP/Lib/Core/App.class.php 第 57 行.
INFO: [ app_begin ] --START--
INFO: Run ReadHtmlCache Behavior [ RunTime:0.003893s ]
INFO: [ app_begin ] --END-- [ RunTime:0.004119s ]
INFO: [ view_template ] --START--
INFO: Run LocationTemplate Behavior [ RunTime:0.010807s ]
INFO: [ view_template ] --END-- [ RunTime:0.011159s ]
INFO: [ view_parse ] --START--
INFO: Run ParseTemplate Behavior [ RunTime:0.051946s ]
INFO: [ view_parse ] --END-- [ RunTime:0.052233s ]
INFO: [ view_filter ] --START--
INFO: Run ContentReplace Behavior [ RunTime:0.005662s ]
INFO: Run TokenBuild Behavior [ RunTime:0.001870s ]
INFO: Run WriteHtmlCache Behavior [ RunTime:0.001505s ]
INFO: Run ShowRuntime Behavior [ RunTime:0.001949s ]
INFO: [ view_filter ] --END-- [ RunTime:0.011564s ]
INFO: [ view_end ] --START--
INFO: Run ShowPageTrace Behavior [ RunTime:0.002626s ]
INFO: [ view_end ] --END-- [ RunTime:0.002878s ]

[ 2013-04-23T04:34:02+08:00 ] ERR: (ThinkException) 无法加载模块:favicon
[ 2013-04-23T04:41:56+08:00 ] ERR: (ThinkException) 无法加载模块:favicon
[ 2013-04-23T04:41:57+08:00 ] ERR: (ThinkException) 无法加载模块:favicon
[ 2013-04-23T04:42:22+08:00 ] ERR: (ThinkException) 无法加载模块:favicon
[ 2013-04-23T04:42:24+08:00 ] 127.0.0.1 /index.php?s=/Member/Register
INFO: [ route_check ] --START--
INFO: Run CheckRoute Behavior [ RunTime:0.002347s ]
INFO: [ route_check ] --END-- [ RunTime:0.002583s ]
NOTIC: [2] Wrong parameter count for stripslashes() /media/f/dev/autoorder/ThinkPHP/Lib/Core/App.class.php 第 57 行.
NOTIC: [2] Wrong parameter count for stripslashes() /media/f/dev/autoorder/ThinkPHP/Lib/Core/App.class.php 第 57 行.
INFO: [ app_begin ] --START--
INFO: Run ReadHtmlCache Behavior [ RunTime:0.001641s ]
INFO: [ app_begin ] --END-- [ RunTime:0.001833s ]
INFO: [ view_template ] --START--
INFO: Run LocationTemplate Behavior [ RunTime:0.001815s ]
INFO: [ view_template ] --END-- [ RunTime:0.002079s ]
INFO: [ view_parse ] --START--
INFO: Run ParseTemplate Behavior [ RunTime:0.023077s ]
INFO: [ view_parse ] --END-- [ RunTime:0.023281s ]
INFO: [ view_filter ] --START--
INFO: Run ContentReplace Behavior [ RunTime:0.001498s ]
INFO: Run TokenBuild Behavior [ RunTime:0.001412s ]
INFO: Run WriteHtmlCache Behavior [ RunTime:0.001209s ]
INFO: Run ShowRuntime Behavior [ RunTime:0.001508s ]
INFO: [ view_filter ] --END-- [ RunTime:0.006098s ]
INFO: [ view_end ] --START--
INFO: Run ShowPageTrace Behavior [ RunTime:0.001908s ]
INFO: [ view_end ] --END-- [ RunTime:0.002078s ]

[ 2013-04-23T04:42:24+08:00 ] ERR: (ThinkException) 无法加载模块:favicon
[ 2013-04-23T04:45:21+08:00 ] 127.0.0.1 /index.php?s=/Member/Register
INFO: [ route_check ] --START--
INFO: Run CheckRoute Behavior [ RunTime:0.002153s ]
INFO: [ route_check ] --END-- [ RunTime:0.002370s ]
NOTIC: [2] Wrong parameter count for stripslashes() /media/f/dev/autoorder/ThinkPHP/Lib/Core/App.class.php 第 57 行.
NOTIC: [2] Wrong parameter count for stripslashes() /media/f/dev/autoorder/ThinkPHP/Lib/Core/App.class.php 第 57 行.
INFO: [ app_begin ] --START--
INFO: Run ReadHtmlCache Behavior [ RunTime:0.001618s ]
INFO: [ app_begin ] --END-- [ RunTime:0.001798s ]
INFO: [ view_template ] --START--
INFO: Run LocationTemplate Behavior [ RunTime:0.001755s ]
INFO: [ view_template ] --END-- [ RunTime:0.001983s ]
INFO: [ view_parse ] --START--
INFO: Run ParseTemplate Behavior [ RunTime:0.028745s ]
INFO: [ view_parse ] --END-- [ RunTime:0.028952s ]
INFO: [ view_filter ] --START--
INFO: Run ContentReplace Behavior [ RunTime:0.002268s ]
INFO: Run TokenBuild Behavior [ RunTime:0.002075s ]
INFO: Run WriteHtmlCache Behavior [ RunTime:0.001148s ]
INFO: Run ShowRuntime Behavior [ RunTime:0.001576s ]
INFO: [ view_filter ] --END-- [ RunTime:0.007606s ]
INFO: [ view_end ] --START--
INFO: Run ShowPageTrace Behavior [ RunTime:0.001868s ]
INFO: [ view_end ] --END-- [ RunTime:0.002039s ]

[ 2013-04-23T04:45:21+08:00 ] ERR: (ThinkException) 无法加载模块:favicon
[ 2013-04-23T04:45:22+08:00 ] 127.0.0.1 /index.php?s=/Member/Register/Step/1
INFO: [ route_check ] --START--
INFO: Run CheckRoute Behavior [ RunTime:0.002147s ]
INFO: [ route_check ] --END-- [ RunTime:0.002372s ]
NOTIC: [2] Wrong parameter count for stripslashes() /media/f/dev/autoorder/ThinkPHP/Lib/Core/App.class.php 第 57 行.
NOTIC: [2] Wrong parameter count for stripslashes() /media/f/dev/autoorder/ThinkPHP/Lib/Core/App.class.php 第 57 行.
NOTIC: [2] Wrong parameter count for stripslashes() /media/f/dev/autoorder/ThinkPHP/Lib/Core/App.class.php 第 57 行.
NOTIC: [2] Wrong parameter count for stripslashes() /media/f/dev/autoorder/ThinkPHP/Lib/Core/App.class.php 第 57 行.
NOTIC: [2] Wrong parameter count for stripslashes() /media/f/dev/autoorder/ThinkPHP/Lib/Core/App.class.php 第 57 行.
NOTIC: [2] htmlentities() expects parameter 2 to be long, string given /media/f/dev/autoorder/ThinkPHP/Lib/Core/App.class.php 第 57 行.
NOTIC: [2] htmlspecialchars() expects parameter 2 to be long, string given /media/f/dev/autoorder/ThinkPHP/Lib/Core/App.class.php 第 57 行.
INFO: [ app_begin ] --START--
INFO: Run ReadHtmlCache Behavior [ RunTime:0.001645s ]
INFO: [ app_begin ] --END-- [ RunTime:0.001818s ]
INFO: [ view_template ] --START--
INFO: Run LocationTemplate Behavior [ RunTime:0.004393s ]
INFO: [ view_template ] --END-- [ RunTime:0.004625s ]
INFO: [ view_parse ] --START--
INFO: Run ParseTemplate Behavior [ RunTime:0.071408s ]
INFO: [ view_parse ] --END-- [ RunTime:0.071703s ]
INFO: [ view_filter ] --START--
INFO: Run ContentReplace Behavior [ RunTime:0.007766s ]
INFO: Run TokenBuild Behavior [ RunTime:0.004201s ]
INFO: Run WriteHtmlCache Behavior [ RunTime:0.002509s ]
INFO: Run ShowRuntime Behavior [ RunTime:0.002811s ]
INFO: [ view_filter ] --END-- [ RunTime:0.018150s ]
INFO: [ view_end ] --START--
INFO: Run ShowPageTrace Behavior [ RunTime:0.003373s ]
INFO: [ view_end ] --END-- [ RunTime:0.003665s ]

[ 2013-04-23T04:45:22+08:00 ] ERR: (ThinkException) 无法加载模块:favicon
[ 2013-04-23T04:45:55+08:00 ] 127.0.0.1 /index.php?s=/Member/Register/Step/1
INFO: [ route_check ] --START--
INFO: Run CheckRoute Behavior [ RunTime:0.003098s ]
INFO: [ route_check ] --END-- [ RunTime:0.003341s ]
NOTIC: [2] Wrong parameter count for stripslashes() /media/f/dev/autoorder/ThinkPHP/Lib/Core/App.class.php 第 57 行.
NOTIC: [2] Wrong parameter count for stripslashes() /media/f/dev/autoorder/ThinkPHP/Lib/Core/App.class.php 第 57 行.
NOTIC: [2] Wrong parameter count for stripslashes() /media/f/dev/autoorder/ThinkPHP/Lib/Core/App.class.php 第 57 行.
NOTIC: [2] Wrong parameter count for stripslashes() /media/f/dev/autoorder/ThinkPHP/Lib/Core/App.class.php 第 57 行.
NOTIC: [2] Wrong parameter count for stripslashes() /media/f/dev/autoorder/ThinkPHP/Lib/Core/App.class.php 第 57 行.
NOTIC: [2] htmlentities() expects parameter 2 to be long, string given /media/f/dev/autoorder/ThinkPHP/Lib/Core/App.class.php 第 57 行.
NOTIC: [2] htmlspecialchars() expects parameter 2 to be long, string given /media/f/dev/autoorder/ThinkPHP/Lib/Core/App.class.php 第 57 行.
INFO: [ app_begin ] --START--
INFO: Run ReadHtmlCache Behavior [ RunTime:0.010046s ]
INFO: [ app_begin ] --END-- [ RunTime:0.010278s ]
INFO: [ view_template ] --START--
INFO: Run LocationTemplate Behavior [ RunTime:0.003790s ]
INFO: [ view_template ] --END-- [ RunTime:0.004157s ]
INFO: [ view_parse ] --START--
INFO: Run ParseTemplate Behavior [ RunTime:0.058632s ]
INFO: [ view_parse ] --END-- [ RunTime:0.058985s ]
INFO: [ view_filter ] --START--
INFO: Run ContentReplace Behavior [ RunTime:0.003447s ]
INFO: Run TokenBuild Behavior [ RunTime:0.004396s ]
INFO: Run WriteHtmlCache Behavior [ RunTime:0.002927s ]
INFO: Run ShowRuntime Behavior [ RunTime:0.002733s ]
INFO: [ view_filter ] --END-- [ RunTime:0.014382s ]
INFO: [ view_end ] --START--
INFO: Run ShowPageTrace Behavior [ RunTime:0.005525s ]
INFO: [ view_end ] --END-- [ RunTime:0.005834s ]

[ 2013-04-23T04:45:55+08:00 ] ERR: (ThinkException) 无法加载模块:favicon
[ 2013-04-23T04:45:57+08:00 ] 127.0.0.1 /index.php?s=/Member/Register/Step/2
INFO: [ route_check ] --START--
INFO: Run CheckRoute Behavior [ RunTime:0.007237s ]
INFO: [ route_check ] --END-- [ RunTime:0.007644s ]
NOTIC: [2] Wrong parameter count for stripslashes() /media/f/dev/autoorder/ThinkPHP/Lib/Core/App.class.php 第 57 行.
NOTIC: [2] Wrong parameter count for stripslashes() /media/f/dev/autoorder/ThinkPHP/Lib/Core/App.class.php 第 57 行.
NOTIC: [2] Wrong parameter count for stripslashes() /media/f/dev/autoorder/ThinkPHP/Lib/Core/App.class.php 第 57 行.
NOTIC: [2] Wrong parameter count for stripslashes() /media/f/dev/autoorder/ThinkPHP/Lib/Core/App.class.php 第 57 行.
NOTIC: [2] Wrong parameter count for stripslashes() /media/f/dev/autoorder/ThinkPHP/Lib/Core/App.class.php 第 57 行.
NOTIC: [2] htmlentities() expects parameter 2 to be long, string given /media/f/dev/autoorder/ThinkPHP/Lib/Core/App.class.php 第 57 行.
NOTIC: [2] htmlspecialchars() expects parameter 2 to be long, string given /media/f/dev/autoorder/ThinkPHP/Lib/Core/App.class.php 第 57 行.
INFO: [ app_begin ] --START--
INFO: Run ReadHtmlCache Behavior [ RunTime:0.004496s ]
INFO: [ app_begin ] --END-- [ RunTime:0.004805s ]
INFO: [ view_template ] --START--
INFO: Run LocationTemplate Behavior [ RunTime:0.003056s ]
INFO: [ view_template ] --END-- [ RunTime:0.003446s ]
INFO: [ view_parse ] --START--
INFO: Run ParseTemplate Behavior [ RunTime:0.078909s ]
INFO: [ view_parse ] --END-- [ RunTime:0.079345s ]
INFO: [ view_filter ] --START--
INFO: Run ContentReplace Behavior [ RunTime:0.007485s ]
INFO: Run TokenBuild Behavior [ RunTime:0.020458s ]
INFO: Run WriteHtmlCache Behavior [ RunTime:0.002437s ]
INFO: Run ShowRuntime Behavior [ RunTime:0.003085s ]
INFO: [ view_filter ] --END-- [ RunTime:0.034357s ]
INFO: [ view_end ] --START--
INFO: Run ShowPageTrace Behavior [ RunTime:0.003469s ]
INFO: [ view_end ] --END-- [ RunTime:0.003765s ]

[ 2013-04-23T04:45:57+08:00 ] ERR: (ThinkException) 无法加载模块:favicon
[ 2013-04-23T04:45:58+08:00 ] 127.0.0.1 /index.php?s=/Member/Register/Step/1
INFO: [ route_check ] --START--
INFO: Run CheckRoute Behavior [ RunTime:0.003332s ]
INFO: [ route_check ] --END-- [ RunTime:0.003547s ]
NOTIC: [2] Wrong parameter count for stripslashes() /media/f/dev/autoorder/ThinkPHP/Lib/Core/App.class.php 第 57 行.
NOTIC: [2] Wrong parameter count for stripslashes() /media/f/dev/autoorder/ThinkPHP/Lib/Core/App.class.php 第 57 行.
NOTIC: [2] Wrong parameter count for stripslashes() /media/f/dev/autoorder/ThinkPHP/Lib/Core/App.class.php 第 57 行.
NOTIC: [2] Wrong parameter count for stripslashes() /media/f/dev/autoorder/ThinkPHP/Lib/Core/App.class.php 第 57 行.
NOTIC: [2] Wrong parameter count for stripslashes() /media/f/dev/autoorder/ThinkPHP/Lib/Core/App.class.php 第 57 行.
NOTIC: [2] htmlentities() expects parameter 2 to be long, string given /media/f/dev/autoorder/ThinkPHP/Lib/Core/App.class.php 第 57 行.
NOTIC: [2] htmlspecialchars() expects parameter 2 to be long, string given /media/f/dev/autoorder/ThinkPHP/Lib/Core/App.class.php 第 57 行.
INFO: [ app_begin ] --START--
INFO: Run ReadHtmlCache Behavior [ RunTime:0.003501s ]
INFO: [ app_begin ] --END-- [ RunTime:0.003682s ]
INFO: [ view_template ] --START--
INFO: Run LocationTemplate Behavior [ RunTime:0.003701s ]
INFO: [ view_template ] --END-- [ RunTime:0.004091s ]
INFO: [ view_parse ] --START--
INFO: Run ParseTemplate Behavior [ RunTime:0.067281s ]
INFO: [ view_parse ] --END-- [ RunTime:0.067539s ]
INFO: [ view_filter ] --START--
INFO: Run ContentReplace Behavior [ RunTime:0.004350s ]
INFO: Run TokenBuild Behavior [ RunTime:0.011979s ]
INFO: Run WriteHtmlCache Behavior [ RunTime:0.006879s ]
INFO: Run ShowRuntime Behavior [ RunTime:0.010370s ]
INFO: [ view_filter ] --END-- [ RunTime:0.034384s ]
INFO: [ view_end ] --START--
INFO: Run ShowPageTrace Behavior [ RunTime:0.004048s ]
INFO: [ view_end ] --END-- [ RunTime:0.004421s ]

[ 2013-04-23T04:45:58+08:00 ] ERR: (ThinkException) 无法加载模块:favicon
[ 2013-04-23T04:45:59+08:00 ] 127.0.0.1 /index.php?s=/Member/Register/Step/2
INFO: [ route_check ] --START--
INFO: Run CheckRoute Behavior [ RunTime:0.007343s ]
INFO: [ route_check ] --END-- [ RunTime:0.007716s ]
NOTIC: [2] Wrong parameter count for stripslashes() /media/f/dev/autoorder/ThinkPHP/Lib/Core/App.class.php 第 57 行.
NOTIC: [2] Wrong parameter count for stripslashes() /media/f/dev/autoorder/ThinkPHP/Lib/Core/App.class.php 第 57 行.
NOTIC: [2] Wrong parameter count for stripslashes() /media/f/dev/autoorder/ThinkPHP/Lib/Core/App.class.php 第 57 行.
NOTIC: [2] Wrong parameter count for stripslashes() /media/f/dev/autoorder/ThinkPHP/Lib/Core/App.class.php 第 57 行.
NOTIC: [2] Wrong parameter count for stripslashes() /media/f/dev/autoorder/ThinkPHP/Lib/Core/App.class.php 第 57 行.
NOTIC: [2] htmlentities() expects parameter 2 to be long, string given /media/f/dev/autoorder/ThinkPHP/Lib/Core/App.class.php 第 57 行.
NOTIC: [2] htmlspecialchars() expects parameter 2 to be long, string given /media/f/dev/autoorder/ThinkPHP/Lib/Core/App.class.php 第 57 行.
INFO: [ app_begin ] --START--
INFO: Run ReadHtmlCache Behavior [ RunTime:0.005636s ]
INFO: [ app_begin ] --END-- [ RunTime:0.005946s ]
INFO: [ view_template ] --START--
INFO: Run LocationTemplate Behavior [ RunTime:0.002500s ]
INFO: [ view_template ] --END-- [ RunTime:0.002894s ]
INFO: [ view_parse ] --START--
INFO: Run ParseTemplate Behavior [ RunTime:0.047627s ]
INFO: [ view_parse ] --END-- [ RunTime:0.048079s ]
INFO: [ view_filter ] --START--
INFO: Run ContentReplace Behavior [ RunTime:0.002000s ]
INFO: Run TokenBuild Behavior [ RunTime:0.005313s ]
INFO: Run WriteHtmlCache Behavior [ RunTime:0.004390s ]
INFO: Run ShowRuntime Behavior [ RunTime:0.006333s ]
INFO: [ view_filter ] --END-- [ RunTime:0.019029s ]
INFO: [ view_end ] --START--
INFO: Run ShowPageTrace Behavior [ RunTime:0.004512s ]
INFO: [ view_end ] --END-- [ RunTime:0.004824s ]

[ 2013-04-23T04:45:59+08:00 ] ERR: (ThinkException) 无法加载模块:favicon
[ 2013-04-23T04:46:57+08:00 ] 127.0.0.1 /index.php?s=/Member/Register/Step/
INFO: [ route_check ] --START--
INFO: Run CheckRoute Behavior [ RunTime:0.004078s ]
INFO: [ route_check ] --END-- [ RunTime:0.004334s ]
NOTIC: [2] Wrong parameter count for stripslashes() /media/f/dev/autoorder/ThinkPHP/Lib/Core/App.class.php 第 57 行.
NOTIC: [2] Wrong parameter count for stripslashes() /media/f/dev/autoorder/ThinkPHP/Lib/Core/App.class.php 第 57 行.
NOTIC: [2] Wrong parameter count for stripslashes() /media/f/dev/autoorder/ThinkPHP/Lib/Core/App.class.php 第 57 行.
INFO: [ app_begin ] --START--
INFO: Run ReadHtmlCache Behavior [ RunTime:0.003005s ]
INFO: [ app_begin ] --END-- [ RunTime:0.003185s ]
INFO: [ view_template ] --START--
INFO: Run LocationTemplate Behavior [ RunTime:0.005180s ]
INFO: [ view_template ] --END-- [ RunTime:0.005464s ]
INFO: [ view_parse ] --START--
INFO: Run ParseTemplate Behavior [ RunTime:0.031783s ]
INFO: [ view_parse ] --END-- [ RunTime:0.032029s ]
INFO: [ view_filter ] --START--
INFO: Run ContentReplace Behavior [ RunTime:0.001817s ]
INFO: Run TokenBuild Behavior [ RunTime:0.003465s ]
INFO: Run WriteHtmlCache Behavior [ RunTime:0.001019s ]
INFO: Run ShowRuntime Behavior [ RunTime:0.001250s ]
INFO: [ view_filter ] --END-- [ RunTime:0.008065s ]
INFO: [ view_end ] --START--
INFO: Run ShowPageTrace Behavior [ RunTime:0.003667s ]
INFO: [ view_end ] --END-- [ RunTime:0.003858s ]

[ 2013-04-23T04:46:58+08:00 ] ERR: (ThinkException) 无法加载模块:favicon
[ 2013-04-23T04:46:59+08:00 ] 127.0.0.1 /index.php?s=/Member/Register/Step/
INFO: [ route_check ] --START--
INFO: Run CheckRoute Behavior [ RunTime:0.008559s ]
INFO: [ route_check ] --END-- [ RunTime:0.008979s ]
NOTIC: [2] Wrong parameter count for stripslashes() /media/f/dev/autoorder/ThinkPHP/Lib/Core/App.class.php 第 57 行.
NOTIC: [2] Wrong parameter count for stripslashes() /media/f/dev/autoorder/ThinkPHP/Lib/Core/App.class.php 第 57 行.
NOTIC: [2] Wrong parameter count for stripslashes() /media/f/dev/autoorder/ThinkPHP/Lib/Core/App.class.php 第 57 行.
INFO: [ app_begin ] --START--
INFO: Run ReadHtmlCache Behavior [ RunTime:0.006901s ]
INFO: [ app_begin ] --END-- [ RunTime:0.007210s ]
INFO: [ view_template ] --START--
INFO: Run LocationTemplate Behavior [ RunTime:0.006876s ]
INFO: [ view_template ] --END-- [ RunTime:0.009699s ]
INFO: [ view_parse ] --START--
INFO: Run ParseTemplate Behavior [ RunTime:0.065850s ]
INFO: [ view_parse ] --END-- [ RunTime:0.066211s ]
INFO: [ view_filter ] --START--
INFO: Run ContentReplace Behavior [ RunTime:0.004934s ]
INFO: Run TokenBuild Behavior [ RunTime:0.005138s ]
INFO: Run WriteHtmlCache Behavior [ RunTime:0.004714s ]
INFO: Run ShowRuntime Behavior [ RunTime:0.009986s ]
INFO: [ view_filter ] --END-- [ RunTime:0.025672s ]
INFO: [ view_end ] --START--
INFO: Run ShowPageTrace Behavior [ RunTime:0.004636s ]
INFO: [ view_end ] --END-- [ RunTime:0.004944s ]

[ 2013-04-23T04:47:00+08:00 ] ERR: (ThinkException) 无法加载模块:favicon
[ 2013-04-23T04:47:00+08:00 ] 127.0.0.1 /index.php?s=/Member/Register/Step/
INFO: [ route_check ] --START--
INFO: Run CheckRoute Behavior [ RunTime:0.007070s ]
INFO: [ route_check ] --END-- [ RunTime:0.007413s ]
NOTIC: [2] Wrong parameter count for stripslashes() /media/f/dev/autoorder/ThinkPHP/Lib/Core/App.class.php 第 57 行.
NOTIC: [2] Wrong parameter count for stripslashes() /media/f/dev/autoorder/ThinkPHP/Lib/Core/App.class.php 第 57 行.
NOTIC: [2] Wrong parameter count for stripslashes() /media/f/dev/autoorder/ThinkPHP/Lib/Core/App.class.php 第 57 行.
INFO: [ app_begin ] --START--
INFO: Run ReadHtmlCache Behavior [ RunTime:0.003137s ]
INFO: [ app_begin ] --END-- [ RunTime:0.003445s ]
INFO: [ view_template ] --START--
INFO: Run LocationTemplate Behavior [ RunTime:0.003179s ]
INFO: [ view_template ] --END-- [ RunTime:0.003596s ]
INFO: [ view_parse ] --START--
INFO: Run ParseTemplate Behavior [ RunTime:0.072174s ]
INFO: [ view_parse ] --END-- [ RunTime:0.072572s ]
INFO: [ view_filter ] --START--
INFO: Run ContentReplace Behavior [ RunTime:0.004735s ]
INFO: Run TokenBuild Behavior [ RunTime:0.004744s ]
INFO: Run WriteHtmlCache Behavior [ RunTime:0.005937s ]
INFO: Run ShowRuntime Behavior [ RunTime:0.006673s ]
INFO: [ view_filter ] --END-- [ RunTime:0.023005s ]
INFO: [ view_end ] --START--
INFO: Run ShowPageTrace Behavior [ RunTime:0.006685s ]
INFO: [ view_end ] --END-- [ RunTime:0.007109s ]

[ 2013-04-23T04:47:00+08:00 ] ERR: (ThinkException) 无法加载模块:favicon
[ 2013-04-23T04:47:01+08:00 ] 127.0.0.1 /index.php?s=/Member/Register/Step/
INFO: [ route_check ] --START--
INFO: Run CheckRoute Behavior [ RunTime:0.002504s ]
INFO: [ route_check ] --END-- [ RunTime:0.002814s ]
NOTIC: [2] Wrong parameter count for stripslashes() /media/f/dev/autoorder/ThinkPHP/Lib/Core/App.class.php 第 57 行.
NOTIC: [2] Wrong parameter count for stripslashes() /media/f/dev/autoorder/ThinkPHP/Lib/Core/App.class.php 第 57 行.
NOTIC: [2] Wrong parameter count for stripslashes() /media/f/dev/autoorder/ThinkPHP/Lib/Core/App.class.php 第 57 行.
INFO: [ app_begin ] --START--
INFO: Run ReadHtmlCache Behavior [ RunTime:0.002622s ]
INFO: [ app_begin ] --END-- [ RunTime:0.002841s ]
INFO: [ view_template ] --START--
INFO: Run LocationTemplate Behavior [ RunTime:0.004879s ]
INFO: [ view_template ] --END-- [ RunTime:0.005152s ]
INFO: [ view_parse ] --START--
INFO: Run ParseTemplate Behavior [ RunTime:0.037181s ]
INFO: [ view_parse ] --END-- [ RunTime:0.037468s ]
INFO: [ view_filter ] --START--
INFO: Run ContentReplace Behavior [ RunTime:0.004229s ]
INFO: Run TokenBuild Behavior [ RunTime:0.006606s ]
INFO: Run WriteHtmlCache Behavior [ RunTime:0.003897s ]
INFO: Run ShowRuntime Behavior [ RunTime:0.002908s ]
INFO: [ view_filter ] --END-- [ RunTime:0.018545s ]
INFO: [ view_end ] --START--
INFO: Run ShowPageTrace Behavior [ RunTime:0.005833s ]
INFO: [ view_end ] --END-- [ RunTime:0.006151s ]

[ 2013-04-23T04:47:01+08:00 ] ERR: (ThinkException) 无法加载模块:favicon
[ 2013-04-23T04:47:01+08:00 ] 127.0.0.1 /index.php?s=/Member/Register/Step/
INFO: [ route_check ] --START--
INFO: Run CheckRoute Behavior [ RunTime:0.002165s ]
INFO: [ route_check ] --END-- [ RunTime:0.002409s ]
NOTIC: [2] Wrong parameter count for stripslashes() /media/f/dev/autoorder/ThinkPHP/Lib/Core/App.class.php 第 57 行.
NOTIC: [2] Wrong parameter count for stripslashes() /media/f/dev/autoorder/ThinkPHP/Lib/Core/App.class.php 第 57 行.
NOTIC: [2] Wrong parameter count for stripslashes() /media/f/dev/autoorder/ThinkPHP/Lib/Core/App.class.php 第 57 行.
INFO: [ app_begin ] --START--
INFO: Run ReadHtmlCache Behavior [ RunTime:0.003330s ]
INFO: [ app_begin ] --END-- [ RunTime:0.003549s ]
INFO: [ view_template ] --START--
INFO: Run LocationTemplate Behavior [ RunTime:0.001516s ]
INFO: [ view_template ] --END-- [ RunTime:0.001749s ]
INFO: [ view_parse ] --START--
INFO: Run ParseTemplate Behavior [ RunTime:0.033170s ]
INFO: [ view_parse ] --END-- [ RunTime:0.033377s ]
INFO: [ view_filter ] --START--
INFO: Run ContentReplace Behavior [ RunTime:0.001595s ]
INFO: Run TokenBuild Behavior [ RunTime:0.002333s ]
INFO: Run WriteHtmlCache Behavior [ RunTime:0.001264s ]
INFO: Run ShowRuntime Behavior [ RunTime:0.001528s ]
INFO: [ view_filter ] --END-- [ RunTime:0.007372s ]
INFO: [ view_end ] --START--
INFO: Run ShowPageTrace Behavior [ RunTime:0.002005s ]
INFO: [ view_end ] --END-- [ RunTime:0.002216s ]

[ 2013-04-23T04:47:02+08:00 ] ERR: (ThinkException) 无法加载模块:favicon
[ 2013-04-23T04:47:02+08:00 ] 127.0.0.1 /index.php?s=/Member/Register/Step/
INFO: [ route_check ] --START--
INFO: Run CheckRoute Behavior [ RunTime:0.003557s ]
INFO: [ route_check ] --END-- [ RunTime:0.003865s ]
NOTIC: [2] Wrong parameter count for stripslashes() /media/f/dev/autoorder/ThinkPHP/Lib/Core/App.class.php 第 57 行.
NOTIC: [2] Wrong parameter count for stripslashes() /media/f/dev/autoorder/ThinkPHP/Lib/Core/App.class.php 第 57 行.
NOTIC: [2] Wrong parameter count for stripslashes() /media/f/dev/autoorder/ThinkPHP/Lib/Core/App.class.php 第 57 行.
INFO: [ app_begin ] --START--
INFO: Run ReadHtmlCache Behavior [ RunTime:0.002470s ]
INFO: [ app_begin ] --END-- [ RunTime:0.002688s ]
INFO: [ view_template ] --START--
INFO: Run LocationTemplate Behavior [ RunTime:0.002811s ]
INFO: [ view_template ] --END-- [ RunTime:0.003116s ]
INFO: [ view_parse ] --START--
INFO: Run ParseTemplate Behavior [ RunTime:0.056286s ]
INFO: [ view_parse ] --END-- [ RunTime:0.056589s ]
INFO: [ view_filter ] --START--
INFO: Run ContentReplace Behavior [ RunTime:0.004887s ]
INFO: Run TokenBuild Behavior [ RunTime:0.002086s ]
INFO: Run WriteHtmlCache Behavior [ RunTime:0.001558s ]
INFO: Run ShowRuntime Behavior [ RunTime:0.006401s ]
INFO: [ view_filter ] --END-- [ RunTime:0.015887s ]
INFO: [ view_end ] --START--
INFO: Run ShowPageTrace Behavior [ RunTime:0.003809s ]
INFO: [ view_end ] --END-- [ RunTime:0.004106s ]

[ 2013-04-23T04:47:02+08:00 ] ERR: (ThinkException) 无法加载模块:favicon
[ 2013-04-23T16:30:12+08:00 ] 127.0.0.1 /index.php?s=/Index/index
INFO: [ route_check ] --START--
INFO: Run CheckRoute Behavior [ RunTime:0.006228s ]
INFO: [ route_check ] --END-- [ RunTime:0.006477s ]
NOTIC: [2] Wrong parameter count for stripslashes() /media/f/dev/autoorder/ThinkPHP/Lib/Core/App.class.php 第 57 行.
NOTIC: [2] Wrong parameter count for stripslashes() /media/f/dev/autoorder/ThinkPHP/Lib/Core/App.class.php 第 57 行.
INFO: [ app_begin ] --START--
INFO: Run ReadHtmlCache Behavior [ RunTime:0.001973s ]
INFO: [ app_begin ] --END-- [ RunTime:0.002186s ]
INFO: [ view_template ] --START--
INFO: Run LocationTemplate Behavior [ RunTime:0.003983s ]
INFO: [ view_template ] --END-- [ RunTime:0.004281s ]
INFO: [ view_parse ] --START--
INFO: Run ParseTemplate Behavior [ RunTime:0.101057s ]
INFO: [ view_parse ] --END-- [ RunTime:0.101315s ]
INFO: [ view_filter ] --START--
INFO: Run ContentReplace Behavior [ RunTime:0.002187s ]
INFO: Run TokenBuild Behavior [ RunTime:0.009487s ]
INFO: Run WriteHtmlCache Behavior [ RunTime:0.007595s ]
INFO: Run ShowRuntime Behavior [ RunTime:0.013016s ]
INFO: [ view_filter ] --END-- [ RunTime:0.033094s ]
INFO: [ view_end ] --START--
INFO: Run ShowPageTrace Behavior [ RunTime:0.003498s ]
INFO: [ view_end ] --END-- [ RunTime:0.003797s ]

[ 2013-04-23T16:30:12+08:00 ] ERR: (ThinkException) 无法加载模块:favicon
[ 2013-04-23T16:30:14+08:00 ] 127.0.0.1 /index.php?s=/Member/Login
INFO: [ route_check ] --START--
INFO: Run CheckRoute Behavior [ RunTime:0.004031s ]
INFO: [ route_check ] --END-- [ RunTime:0.004320s ]
NOTIC: [2] Wrong parameter count for stripslashes() /media/f/dev/autoorder/ThinkPHP/Lib/Core/App.class.php 第 57 行.
NOTIC: [2] Wrong parameter count for stripslashes() /media/f/dev/autoorder/ThinkPHP/Lib/Core/App.class.php 第 57 行.
INFO: [ app_begin ] --START--
INFO: Run ReadHtmlCache Behavior [ RunTime:0.006960s ]
INFO: [ app_begin ] --END-- [ RunTime:0.007367s ]
INFO: [ view_template ] --START--
INFO: Run LocationTemplate Behavior [ RunTime:0.013088s ]
INFO: [ view_template ] --END-- [ RunTime:0.013517s ]
INFO: [ view_parse ] --START--
INFO: Run ParseTemplate Behavior [ RunTime:0.088937s ]
INFO: [ view_parse ] --END-- [ RunTime:0.089276s ]
INFO: [ view_filter ] --START--
INFO: Run ContentReplace Behavior [ RunTime:0.006759s ]
INFO: Run TokenBuild Behavior [ RunTime:0.015925s ]
INFO: Run WriteHtmlCache Behavior [ RunTime:0.015576s ]
INFO: Run ShowRuntime Behavior [ RunTime:0.006641s ]
INFO: [ view_filter ] --END-- [ RunTime:0.048220s ]
INFO: [ view_end ] --START--
INFO: Run ShowPageTrace Behavior [ RunTime:0.011611s ]
INFO: [ view_end ] --END-- [ RunTime:0.011921s ]

[ 2013-04-23T16:30:15+08:00 ] 127.0.0.1 /index.php?s=/Public/Verify
INFO: [ route_check ] --START--
INFO: Run CheckRoute Behavior [ RunTime:0.003924s ]
INFO: [ route_check ] --END-- [ RunTime:0.004138s ]
NOTIC: [2] Wrong parameter count for stripslashes() /media/f/dev/autoorder/ThinkPHP/Lib/Core/App.class.php 第 57 行.
NOTIC: [2] Wrong parameter count for stripslashes() /media/f/dev/autoorder/ThinkPHP/Lib/Core/App.class.php 第 57 行.
INFO: [ app_begin ] --START--
INFO: Run ReadHtmlCache Behavior [ RunTime:0.001803s ]
INFO: [ app_begin ] --END-- [ RunTime:0.002017s ]
NOTIC: [8] Use of undefined constant png - assumed 'png' /media/f/dev/autoorder/Lib/Action/PublicAction.class.php 第 5 行.

[ 2013-04-23T16:30:15+08:00 ] ERR: (ThinkException) 无法加载模块:favicon
[ 2013-04-23T16:30:21+08:00 ] ERR: (ThinkException) Access denied for user 'project'@'localhost' (using password: YES)
[ 2013-04-23T16:30:21+08:00 ] 127.0.0.1 /index.php?s=/Api/Member/Mod/Login
INFO: [ route_check ] --START--
INFO: Run CheckRoute Behavior [ RunTime:0.006705s ]
INFO: [ route_check ] --END-- [ RunTime:0.007109s ]
NOTIC: [2] Wrong parameter count for stripslashes() /media/f/dev/autoorder/ThinkPHP/Lib/Core/App.class.php 第 56 行.
NOTIC: [2] Wrong parameter count for stripslashes() /media/f/dev/autoorder/ThinkPHP/Lib/Core/App.class.php 第 56 行.
NOTIC: [2] Wrong parameter count for stripslashes() /media/f/dev/autoorder/ThinkPHP/Lib/Core/App.class.php 第 56 行.
NOTIC: [2] Wrong parameter count for stripslashes() /media/f/dev/autoorder/ThinkPHP/Lib/Core/App.class.php 第 56 行.
NOTIC: [2] Wrong parameter count for stripslashes() /media/f/dev/autoorder/ThinkPHP/Lib/Core/App.class.php 第 57 行.
NOTIC: [2] Wrong parameter count for stripslashes() /media/f/dev/autoorder/ThinkPHP/Lib/Core/App.class.php 第 57 行.
NOTIC: [2] Wrong parameter count for stripslashes() /media/f/dev/autoorder/ThinkPHP/Lib/Core/App.class.php 第 57 行.
NOTIC: [2] Wrong parameter count for stripslashes() /media/f/dev/autoorder/ThinkPHP/Lib/Core/App.class.php 第 57 行.
NOTIC: [2] Wrong parameter count for stripslashes() /media/f/dev/autoorder/ThinkPHP/Lib/Core/App.class.php 第 57 行.
NOTIC: [2] htmlentities() expects parameter 2 to be long, string given /media/f/dev/autoorder/ThinkPHP/Lib/Core/App.class.php 第 56 行.
NOTIC: [2] htmlentities() expects parameter 2 to be long, string given /media/f/dev/autoorder/ThinkPHP/Lib/Core/App.class.php 第 56 行.
NOTIC: [2] htmlentities() expects parameter 2 to be long, string given /media/f/dev/autoorder/ThinkPHP/Lib/Core/App.class.php 第 56 行.
NOTIC: [2] htmlentities() expects parameter 2 to be long, string given /media/f/dev/autoorder/ThinkPHP/Lib/Core/App.class.php 第 56 行.
NOTIC: [2] htmlentities() expects parameter 2 to be long, string given /media/f/dev/autoorder/ThinkPHP/Lib/Core/App.class.php 第 57 行.
NOTIC: [2] htmlspecialchars() expects parameter 2 to be long, string given /media/f/dev/autoorder/ThinkPHP/Lib/Core/App.class.php 第 56 行.
NOTIC: [2] htmlspecialchars() expects parameter 2 to be long, string given /media/f/dev/autoorder/ThinkPHP/Lib/Core/App.class.php 第 56 行.
NOTIC: [2] htmlspecialchars() expects parameter 2 to be long, string given /media/f/dev/autoorder/ThinkPHP/Lib/Core/App.class.php 第 56 行.
NOTIC: [2] htmlspecialchars() expects parameter 2 to be long, string given /media/f/dev/autoorder/ThinkPHP/Lib/Core/App.class.php 第 56 行.
NOTIC: [2] htmlspecialchars() expects parameter 2 to be long, string given /media/f/dev/autoorder/ThinkPHP/Lib/Core/App.class.php 第 57 行.
INFO: [ app_begin ] --START--
INFO: Run ReadHtmlCache Behavior [ RunTime:0.005315s ]
INFO: [ app_begin ] --END-- [ RunTime:0.005573s ]
NOTIC: [2] mysql_connect() [<a href='function.mysql-connect'>function.mysql-connect</a>]: Access denied for user 'project'@'localhost' (using password: YES) /media/f/dev/autoorder/ThinkPHP/Lib/Driver/Db/DbMysql.class.php 第 55 行.
NOTIC: [8] Undefined index:  class /media/f/dev/autoorder/ThinkPHP/Lib/Core/ThinkException.class.php 第 63 行.
NOTIC: [8] Undefined index:  type /media/f/dev/autoorder/ThinkPHP/Lib/Core/ThinkException.class.php 第 63 行.
NOTIC: [8] Undefined index:  args /media/f/dev/autoorder/ThinkPHP/Lib/Core/ThinkException.class.php 第 64 行.
NOTIC: [2] implode() [<a href='function.implode'>function.implode</a>]: Invalid arguments passed /media/f/dev/autoorder/ThinkPHP/Lib/Core/ThinkException.class.php 第 64 行.
NOTIC: [8] Undefined index:  file /media/f/dev/autoorder/ThinkPHP/Lib/Core/ThinkException.class.php 第 62 行.
NOTIC: [8] Undefined index:  line /media/f/dev/autoorder/ThinkPHP/Lib/Core/ThinkException.class.php 第 62 行.
NOTIC: [4096] Object of class ApiAction could not be converted to string /media/f/dev/autoorder/ThinkPHP/Lib/Core/ThinkException.class.php 第 64 行.
NOTIC: [8] Undefined index:  class /media/f/dev/autoorder/ThinkPHP/Lib/Core/ThinkException.class.php 第 63 行.
NOTIC: [8] Undefined index:  type /media/f/dev/autoorder/ThinkPHP/Lib/Core/ThinkException.class.php 第 63 行.
NOTIC: [8] Undefined index:  class /media/f/dev/autoorder/ThinkPHP/Lib/Core/ThinkException.class.php 第 63 行.
NOTIC: [8] Undefined index:  type /media/f/dev/autoorder/ThinkPHP/Lib/Core/ThinkException.class.php 第 63 行.

[ 2013-04-23T16:30:21+08:00 ] 127.0.0.1 /index.php?s=/Public/Verify
INFO: [ route_check ] --START--
INFO: Run CheckRoute Behavior [ RunTime:0.001797s ]
INFO: [ route_check ] --END-- [ RunTime:0.002027s ]
NOTIC: [2] Wrong parameter count for stripslashes() /media/f/dev/autoorder/ThinkPHP/Lib/Core/App.class.php 第 57 行.
NOTIC: [2] Wrong parameter count for stripslashes() /media/f/dev/autoorder/ThinkPHP/Lib/Core/App.class.php 第 57 行.
INFO: [ app_begin ] --START--
INFO: Run ReadHtmlCache Behavior [ RunTime:0.001430s ]
INFO: [ app_begin ] --END-- [ RunTime:0.001639s ]
NOTIC: [8] Use of undefined constant png - assumed 'png' /media/f/dev/autoorder/Lib/Action/PublicAction.class.php 第 5 行.

[ 2013-04-23T16:32:31+08:00 ] 127.0.0.1 /index.php?s=/Api/Member/Mod/Login
INFO: [ route_check ] --START--
INFO: Run CheckRoute Behavior [ RunTime:0.007266s ]
INFO: [ route_check ] --END-- [ RunTime:0.007633s ]
NOTIC: [2] Wrong parameter count for stripslashes() /media/f/dev/autoorder/ThinkPHP/Lib/Core/App.class.php 第 56 行.
NOTIC: [2] Wrong parameter count for stripslashes() /media/f/dev/autoorder/ThinkPHP/Lib/Core/App.class.php 第 56 行.
NOTIC: [2] Wrong parameter count for stripslashes() /media/f/dev/autoorder/ThinkPHP/Lib/Core/App.class.php 第 56 行.
NOTIC: [2] Wrong parameter count for stripslashes() /media/f/dev/autoorder/ThinkPHP/Lib/Core/App.class.php 第 56 行.
NOTIC: [2] Wrong parameter count for stripslashes() /media/f/dev/autoorder/ThinkPHP/Lib/Core/App.class.php 第 57 行.
NOTIC: [2] Wrong parameter count for stripslashes() /media/f/dev/autoorder/ThinkPHP/Lib/Core/App.class.php 第 57 行.
NOTIC: [2] Wrong parameter count for stripslashes() /media/f/dev/autoorder/ThinkPHP/Lib/Core/App.class.php 第 57 行.
NOTIC: [2] Wrong parameter count for stripslashes() /media/f/dev/autoorder/ThinkPHP/Lib/Core/App.class.php 第 57 行.
NOTIC: [2] Wrong parameter count for stripslashes() /media/f/dev/autoorder/ThinkPHP/Lib/Core/App.class.php 第 57 行.
NOTIC: [2] htmlentities() expects parameter 2 to be long, string given /media/f/dev/autoorder/ThinkPHP/Lib/Core/App.class.php 第 56 行.
NOTIC: [2] htmlentities() expects parameter 2 to be long, string given /media/f/dev/autoorder/ThinkPHP/Lib/Core/App.class.php 第 56 行.
NOTIC: [2] htmlentities() expects parameter 2 to be long, string given /media/f/dev/autoorder/ThinkPHP/Lib/Core/App.class.php 第 56 行.
NOTIC: [2] htmlentities() expects parameter 2 to be long, string given /media/f/dev/autoorder/ThinkPHP/Lib/Core/App.class.php 第 56 行.
NOTIC: [2] htmlentities() expects parameter 2 to be long, string given /media/f/dev/autoorder/ThinkPHP/Lib/Core/App.class.php 第 57 行.
NOTIC: [2] htmlspecialchars() expects parameter 2 to be long, string given /media/f/dev/autoorder/ThinkPHP/Lib/Core/App.class.php 第 56 行.
NOTIC: [2] htmlspecialchars() expects parameter 2 to be long, string given /media/f/dev/autoorder/ThinkPHP/Lib/Core/App.class.php 第 56 行.
NOTIC: [2] htmlspecialchars() expects parameter 2 to be long, string given /media/f/dev/autoorder/ThinkPHP/Lib/Core/App.class.php 第 56 行.
NOTIC: [2] htmlspecialchars() expects parameter 2 to be long, string given /media/f/dev/autoorder/ThinkPHP/Lib/Core/App.class.php 第 56 行.
NOTIC: [2] htmlspecialchars() expects parameter 2 to be long, string given /media/f/dev/autoorder/ThinkPHP/Lib/Core/App.class.php 第 57 行.
INFO: [ app_begin ] --START--
INFO: Run ReadHtmlCache Behavior [ RunTime:0.009244s ]
INFO: [ app_begin ] --END-- [ RunTime:0.009555s ]
SQL: SHOW COLUMNS FROM `ao_member` [ RunTime:0.002196s ]
SQL: SELECT * FROM `ao_member` WHERE ( username='' ) LIMIT 1   [ RunTime:0.000999s ]

[ 2013-04-23T16:32:32+08:00 ] 127.0.0.1 /index.php?s=/Public/Verify
INFO: [ route_check ] --START--
INFO: Run CheckRoute Behavior [ RunTime:0.002136s ]
INFO: [ route_check ] --END-- [ RunTime:0.002355s ]
NOTIC: [2] Wrong parameter count for stripslashes() /media/f/dev/autoorder/ThinkPHP/Lib/Core/App.class.php 第 57 行.
NOTIC: [2] Wrong parameter count for stripslashes() /media/f/dev/autoorder/ThinkPHP/Lib/Core/App.class.php 第 57 行.
INFO: [ app_begin ] --START--
INFO: Run ReadHtmlCache Behavior [ RunTime:0.001592s ]
INFO: [ app_begin ] --END-- [ RunTime:0.001756s ]
NOTIC: [8] Use of undefined constant png - assumed 'png' /media/f/dev/autoorder/Lib/Action/PublicAction.class.php 第 5 行.

[ 2013-04-23T16:32:41+08:00 ] 127.0.0.1 /index.php?s=/Api/Member/Mod/Login
INFO: [ route_check ] --START--
INFO: Run CheckRoute Behavior [ RunTime:0.008193s ]
INFO: [ route_check ] --END-- [ RunTime:0.008571s ]
NOTIC: [2] Wrong parameter count for stripslashes() /media/f/dev/autoorder/ThinkPHP/Lib/Core/App.class.php 第 56 行.
NOTIC: [2] Wrong parameter count for stripslashes() /media/f/dev/autoorder/ThinkPHP/Lib/Core/App.class.php 第 56 行.
NOTIC: [2] Wrong parameter count for stripslashes() /media/f/dev/autoorder/ThinkPHP/Lib/Core/App.class.php 第 56 行.
NOTIC: [2] Wrong parameter count for stripslashes() /media/f/dev/autoorder/ThinkPHP/Lib/Core/App.class.php 第 56 行.
NOTIC: [2] Wrong parameter count for stripslashes() /media/f/dev/autoorder/ThinkPHP/Lib/Core/App.class.php 第 57 行.
NOTIC: [2] Wrong parameter count for stripslashes() /media/f/dev/autoorder/ThinkPHP/Lib/Core/App.class.php 第 57 行.
NOTIC: [2] Wrong parameter count for stripslashes() /media/f/dev/autoorder/ThinkPHP/Lib/Core/App.class.php 第 57 行.
NOTIC: [2] Wrong parameter count for stripslashes() /media/f/dev/autoorder/ThinkPHP/Lib/Core/App.class.php 第 57 行.
NOTIC: [2] Wrong parameter count for stripslashes() /media/f/dev/autoorder/ThinkPHP/Lib/Core/App.class.php 第 57 行.
NOTIC: [2] htmlentities() expects parameter 2 to be long, string given /media/f/dev/autoorder/ThinkPHP/Lib/Core/App.class.php 第 56 行.
NOTIC: [2] htmlentities() expects parameter 2 to be long, string given /media/f/dev/autoorder/ThinkPHP/Lib/Core/App.class.php 第 56 行.
NOTIC: [2] htmlentities() expects parameter 2 to be long, string given /media/f/dev/autoorder/ThinkPHP/Lib/Core/App.class.php 第 56 行.
NOTIC: [2] htmlentities() expects parameter 2 to be long, string given /media/f/dev/autoorder/ThinkPHP/Lib/Core/App.class.php 第 56 行.
NOTIC: [2] htmlentities() expects parameter 2 to be long, string given /media/f/dev/autoorder/ThinkPHP/Lib/Core/App.class.php 第 57 行.
NOTIC: [2] htmlspecialchars() expects parameter 2 to be long, string given /media/f/dev/autoorder/ThinkPHP/Lib/Core/App.class.php 第 56 行.
NOTIC: [2] htmlspecialchars() expects parameter 2 to be long, string given /media/f/dev/autoorder/ThinkPHP/Lib/Core/App.class.php 第 56 行.
NOTIC: [2] htmlspecialchars() expects parameter 2 to be long, string given /media/f/dev/autoorder/ThinkPHP/Lib/Core/App.class.php 第 56 行.
NOTIC: [2] htmlspecialchars() expects parameter 2 to be long, string given /media/f/dev/autoorder/ThinkPHP/Lib/Core/App.class.php 第 56 行.
NOTIC: [2] htmlspecialchars() expects parameter 2 to be long, string given /media/f/dev/autoorder/ThinkPHP/Lib/Core/App.class.php 第 57 行.
INFO: [ app_begin ] --START--
INFO: Run ReadHtmlCache Behavior [ RunTime:0.007821s ]
INFO: [ app_begin ] --END-- [ RunTime:0.008130s ]
SQL: SHOW COLUMNS FROM `ao_member` [ RunTime:0.002263s ]
SQL: SELECT * FROM `ao_member` WHERE ( username='admin' ) LIMIT 1   [ RunTime:0.001031s ]
NOTIC: [8] A session had already been started - ignoring session_start() /media/f/dev/autoorder/ThinkPHP/Common/functions.php 第 568 行.
NOTIC: [8] A session had already been started - ignoring session_start() /media/f/dev/autoorder/ThinkPHP/Common/functions.php 第 568 行.
NOTIC: [8] A session had already been started - ignoring session_start() /media/f/dev/autoorder/ThinkPHP/Common/functions.php 第 568 行.

[ 2013-04-23T16:32:42+08:00 ] 127.0.0.1 /index.php?s=
NOTIC: [2] Wrong parameter count for stripslashes() /media/f/dev/autoorder/ThinkPHP/Lib/Core/App.class.php 第 57 行.
NOTIC: [2] htmlentities() expects parameter 2 to be long, string given /media/f/dev/autoorder/ThinkPHP/Lib/Core/App.class.php 第 57 行.
NOTIC: [2] htmlspecialchars() expects parameter 2 to be long, string given /media/f/dev/autoorder/ThinkPHP/Lib/Core/App.class.php 第 57 行.
INFO: [ app_begin ] --START--
INFO: Run ReadHtmlCache Behavior [ RunTime:0.001706s ]
INFO: [ app_begin ] --END-- [ RunTime:0.001877s ]
INFO: [ view_template ] --START--
INFO: Run LocationTemplate Behavior [ RunTime:0.001704s ]
INFO: [ view_template ] --END-- [ RunTime:0.001895s ]
INFO: [ view_parse ] --START--
INFO: Run ParseTemplate Behavior [ RunTime:0.023490s ]
INFO: [ view_parse ] --END-- [ RunTime:0.023682s ]
INFO: [ view_filter ] --START--
INFO: Run ContentReplace Behavior [ RunTime:0.001447s ]
INFO: Run TokenBuild Behavior [ RunTime:0.001560s ]
INFO: Run WriteHtmlCache Behavior [ RunTime:0.001299s ]
INFO: Run ShowRuntime Behavior [ RunTime:0.001583s ]
INFO: [ view_filter ] --END-- [ RunTime:0.006363s ]
INFO: [ view_end ] --START--
INFO: Run ShowPageTrace Behavior [ RunTime:0.001782s ]
INFO: [ view_end ] --END-- [ RunTime:0.001934s ]

[ 2013-04-23T16:32:43+08:00 ] ERR: (ThinkException) 无法加载模块:favicon
[ 2013-04-23T16:32:44+08:00 ] 127.0.0.1 /index.php?s=/News/Add
INFO: [ route_check ] --START--
INFO: Run CheckRoute Behavior [ RunTime:0.003297s ]
INFO: [ route_check ] --END-- [ RunTime:0.003616s ]
NOTIC: [2] Wrong parameter count for stripslashes() /media/f/dev/autoorder/ThinkPHP/Lib/Core/App.class.php 第 57 行.
NOTIC: [2] Wrong parameter count for stripslashes() /media/f/dev/autoorder/ThinkPHP/Lib/Core/App.class.php 第 57 行.
INFO: [ app_begin ] --START--
INFO: Run ReadHtmlCache Behavior [ RunTime:0.004911s ]
INFO: [ app_begin ] --END-- [ RunTime:0.005223s ]
INFO: [ view_template ] --START--
INFO: Run LocationTemplate Behavior [ RunTime:0.010834s ]
INFO: [ view_template ] --END-- [ RunTime:0.011262s ]
INFO: [ view_parse ] --START--
INFO: Run ParseTemplate Behavior [ RunTime:0.077781s ]
INFO: [ view_parse ] --END-- [ RunTime:0.078039s ]
INFO: [ view_filter ] --START--
INFO: Run ContentReplace Behavior [ RunTime:0.002510s ]
INFO: Run TokenBuild Behavior [ RunTime:0.002257s ]
INFO: Run WriteHtmlCache Behavior [ RunTime:0.005487s ]
INFO: Run ShowRuntime Behavior [ RunTime:0.005437s ]
INFO: [ view_filter ] --END-- [ RunTime:0.016231s ]
INFO: [ view_end ] --START--
INFO: Run ShowPageTrace Behavior [ RunTime:0.004214s ]
INFO: [ view_end ] --END-- [ RunTime:0.004440s ]

[ 2013-04-23T16:32:45+08:00 ] 127.0.0.1 /index.php?s=/Public/Verify
INFO: [ route_check ] --START--
INFO: Run CheckRoute Behavior [ RunTime:0.001854s ]
INFO: [ route_check ] --END-- [ RunTime:0.002111s ]
NOTIC: [2] Wrong parameter count for stripslashes() /media/f/dev/autoorder/ThinkPHP/Lib/Core/App.class.php 第 57 行.
NOTIC: [2] Wrong parameter count for stripslashes() /media/f/dev/autoorder/ThinkPHP/Lib/Core/App.class.php 第 57 行.
INFO: [ app_begin ] --START--
INFO: Run ReadHtmlCache Behavior [ RunTime:0.002518s ]
INFO: [ app_begin ] --END-- [ RunTime:0.002698s ]
NOTIC: [8] Use of undefined constant png - assumed 'png' /media/f/dev/autoorder/Lib/Action/PublicAction.class.php 第 5 行.

[ 2013-04-23T16:32:45+08:00 ] ERR: (ThinkException) 无法加载模块:favicon
[ 2013-04-23T16:32:47+08:00 ] 127.0.0.1 /index.php?s=/Index/index
INFO: [ route_check ] --START--
INFO: Run CheckRoute Behavior [ RunTime:0.003959s ]
INFO: [ route_check ] --END-- [ RunTime:0.004200s ]
NOTIC: [2] Wrong parameter count for stripslashes() /media/f/dev/autoorder/ThinkPHP/Lib/Core/App.class.php 第 57 行.
NOTIC: [2] Wrong parameter count for stripslashes() /media/f/dev/autoorder/ThinkPHP/Lib/Core/App.class.php 第 57 行.
INFO: [ app_begin ] --START--
INFO: Run ReadHtmlCache Behavior [ RunTime:0.004305s ]
INFO: [ app_begin ] --END-- [ RunTime:0.004499s ]
INFO: [ view_template ] --START--
INFO: Run LocationTemplate Behavior [ RunTime:0.009090s ]
INFO: [ view_template ] --END-- [ RunTime:0.009337s ]
INFO: [ view_parse ] --START--
INFO: Run ParseTemplate Behavior [ RunTime:0.060848s ]
INFO: [ view_parse ] --END-- [ RunTime:0.061045s ]
INFO: [ view_filter ] --START--
INFO: Run ContentReplace Behavior [ RunTime:0.003418s ]
INFO: Run TokenBuild Behavior [ RunTime:0.003124s ]
INFO: Run WriteHtmlCache Behavior [ RunTime:0.003037s ]
INFO: Run ShowRuntime Behavior [ RunTime:0.001881s ]
INFO: [ view_filter ] --END-- [ RunTime:0.012049s ]
INFO: [ view_end ] --START--
INFO: Run ShowPageTrace Behavior [ RunTime:0.002684s ]
INFO: [ view_end ] --END-- [ RunTime:0.002879s ]

[ 2013-04-23T16:32:47+08:00 ] ERR: (ThinkException) 无法加载模块:favicon
[ 2013-04-23T16:33:42+08:00 ] 127.0.0.1 /index.php?s=/Index/index
INFO: [ route_check ] --START--
INFO: Run CheckRoute Behavior [ RunTime:0.004133s ]
INFO: [ route_check ] --END-- [ RunTime:0.004421s ]
NOTIC: [2] Wrong parameter count for stripslashes() /media/f/dev/autoorder/ThinkPHP/Lib/Core/App.class.php 第 57 行.
NOTIC: [2] Wrong parameter count for stripslashes() /media/f/dev/autoorder/ThinkPHP/Lib/Core/App.class.php 第 57 行.
INFO: [ app_begin ] --START--
INFO: Run ReadHtmlCache Behavior [ RunTime:0.004362s ]
INFO: [ app_begin ] --END-- [ RunTime:0.004572s ]
INFO: [ view_template ] --START--
INFO: Run LocationTemplate Behavior [ RunTime:0.005303s ]
INFO: [ view_template ] --END-- [ RunTime:0.005613s ]
INFO: [ view_parse ] --START--
INFO: Run ParseTemplate Behavior [ RunTime:0.048936s ]
INFO: [ view_parse ] --END-- [ RunTime:0.049162s ]
INFO: [ view_filter ] --START--
INFO: Run ContentReplace Behavior [ RunTime:0.001227s ]
INFO: Run TokenBuild Behavior [ RunTime:0.001382s ]
INFO: Run WriteHtmlCache Behavior [ RunTime:0.001397s ]
INFO: Run ShowRuntime Behavior [ RunTime:0.001668s ]
INFO: [ view_filter ] --END-- [ RunTime:0.006274s ]
INFO: [ view_end ] --START--
INFO: Run ShowPageTrace Behavior [ RunTime:0.001920s ]
INFO: [ view_end ] --END-- [ RunTime:0.002119s ]

[ 2013-04-23T16:33:42+08:00 ] ERR: (ThinkException) 无法加载模块:favicon
[ 2013-04-23T16:34:03+08:00 ] 127.0.0.1 /index.php?s=/Member/Logout
INFO: [ route_check ] --START--
INFO: Run CheckRoute Behavior [ RunTime:0.006645s ]
INFO: [ route_check ] --END-- [ RunTime:0.007003s ]
NOTIC: [2] Wrong parameter count for stripslashes() /media/f/dev/autoorder/ThinkPHP/Lib/Core/App.class.php 第 57 行.
NOTIC: [2] Wrong parameter count for stripslashes() /media/f/dev/autoorder/ThinkPHP/Lib/Core/App.class.php 第 57 行.
INFO: [ app_begin ] --START--
INFO: Run ReadHtmlCache Behavior [ RunTime:0.002626s ]
INFO: [ app_begin ] --END-- [ RunTime:0.002916s ]
INFO: [ view_template ] --START--
INFO: Run LocationTemplate Behavior [ RunTime:0.004871s ]
INFO: [ view_template ] --END-- [ RunTime:0.005208s ]
INFO: [ view_parse ] --START--
INFO: Run ParseTemplate Behavior [ RunTime:0.076620s ]
INFO: [ view_parse ] --END-- [ RunTime:0.076819s ]
INFO: [ view_filter ] --START--
INFO: Run ContentReplace Behavior [ RunTime:0.012108s ]
INFO: Run TokenBuild Behavior [ RunTime:0.003542s ]
INFO: Run WriteHtmlCache Behavior [ RunTime:0.005507s ]
INFO: Run ShowRuntime Behavior [ RunTime:0.004974s ]
INFO: [ view_filter ] --END-- [ RunTime:0.027012s ]
INFO: [ view_end ] --START--
INFO: Run ShowPageTrace Behavior [ RunTime:0.003877s ]
INFO: [ view_end ] --END-- [ RunTime:0.004175s ]

[ 2013-04-23T16:34:03+08:00 ] ERR: (ThinkException) 无法加载模块:favicon
[ 2013-04-23T16:34:05+08:00 ] 127.0.0.1 /index.php?s=/Index/index
INFO: [ route_check ] --START--
INFO: Run CheckRoute Behavior [ RunTime:0.005121s ]
INFO: [ route_check ] --END-- [ RunTime:0.005333s ]
NOTIC: [2] Wrong parameter count for stripslashes() /media/f/dev/autoorder/ThinkPHP/Lib/Core/App.class.php 第 57 行.
NOTIC: [2] Wrong parameter count for stripslashes() /media/f/dev/autoorder/ThinkPHP/Lib/Core/App.class.php 第 57 行.
INFO: [ app_begin ] --START--
INFO: Run ReadHtmlCache Behavior [ RunTime:0.004641s ]
INFO: [ app_begin ] --END-- [ RunTime:0.004828s ]
INFO: [ view_template ] --START--
INFO: Run LocationTemplate Behavior [ RunTime:0.004211s ]
INFO: [ view_template ] --END-- [ RunTime:0.004567s ]
INFO: [ view_parse ] --START--
INFO: Run ParseTemplate Behavior [ RunTime:0.077191s ]
INFO: [ view_parse ] --END-- [ RunTime:0.077512s ]
INFO: [ view_filter ] --START--
INFO: Run ContentReplace Behavior [ RunTime:0.008262s ]
INFO: Run TokenBuild Behavior [ RunTime:0.007273s ]
INFO: Run WriteHtmlCache Behavior [ RunTime:0.002083s ]
INFO: Run ShowRuntime Behavior [ RunTime:0.002715s ]
INFO: [ view_filter ] --END-- [ RunTime:0.021152s ]
INFO: [ view_end ] --START--
INFO: Run ShowPageTrace Behavior [ RunTime:0.002265s ]
INFO: [ view_end ] --END-- [ RunTime:0.002441s ]

[ 2013-04-23T16:34:05+08:00 ] ERR: (ThinkException) 无法加载模块:favicon
[ 2013-04-23T16:34:06+08:00 ] 127.0.0.1 /index.php?s=/Member/Register
INFO: [ route_check ] --START--
INFO: Run CheckRoute Behavior [ RunTime:0.005168s ]
INFO: [ route_check ] --END-- [ RunTime:0.005402s ]
NOTIC: [2] Wrong parameter count for stripslashes() /media/f/dev/autoorder/ThinkPHP/Lib/Core/App.class.php 第 57 行.
NOTIC: [2] Wrong parameter count for stripslashes() /media/f/dev/autoorder/ThinkPHP/Lib/Core/App.class.php 第 57 行.
INFO: [ app_begin ] --START--
INFO: Run ReadHtmlCache Behavior [ RunTime:0.002349s ]
INFO: [ app_begin ] --END-- [ RunTime:0.002543s ]
INFO: [ view_template ] --START--
INFO: Run LocationTemplate Behavior [ RunTime:0.006679s ]
INFO: [ view_template ] --END-- [ RunTime:0.007076s ]
INFO: [ view_parse ] --START--
INFO: Run ParseTemplate Behavior [ RunTime:0.074978s ]
INFO: [ view_parse ] --END-- [ RunTime:0.075211s ]
INFO: [ view_filter ] --START--
INFO: Run ContentReplace Behavior [ RunTime:0.001828s ]
INFO: Run TokenBuild Behavior [ RunTime:0.003453s ]
INFO: Run WriteHtmlCache Behavior [ RunTime:0.004074s ]
INFO: Run ShowRuntime Behavior [ RunTime:0.004599s ]
INFO: [ view_filter ] --END-- [ RunTime:0.014552s ]
INFO: [ view_end ] --START--
INFO: Run ShowPageTrace Behavior [ RunTime:0.006099s ]
INFO: [ view_end ] --END-- [ RunTime:0.006381s ]

[ 2013-04-23T16:34:06+08:00 ] ERR: (ThinkException) 无法加载模块:favicon
